Log file open, 12/11/19 18:39:29
LogWindows: Failed to load 'aqProf.dll' (GetLastError=126)
LogWindows: File 'aqProf.dll' does not exist
LogWindows: Failed to load 'VtuneApi.dll' (GetLastError=126)
LogWindows: File 'VtuneApi.dll' does not exist
LogWindows: Failed to load 'VtuneApi32e.dll' (GetLastError=126)
LogWindows: File 'VtuneApi32e.dll' does not exist
LogConsoleResponse: Display: Failed to find resolution value strings in scalability ini. Falling back to default.
LogInit: Display: Running engine for game: UFinalPractice
LogPlatformFile: Not using cached read wrapper
LogTaskGraph: Started task graph with 5 named threads and 47 total threads with 3 sets of task threads.
LogStats: Stats thread started at 0.071024
LogD3D11RHI: Loaded GFSDK_Aftermath_Lib.x64.dll
LogICUInternationalization: ICU TimeZone Detection - Raw Offset: -5:00, Platform Override: ''
LogPluginManager: Mounting plugin Paper2D
LogPluginManager: Mounting plugin AISupport
LogPluginManager: Mounting plugin LightPropagationVolume
LogPluginManager: Mounting plugin ActorLayerUtilities
LogPluginManager: Mounting plugin AnimationSharing
LogPluginManager: Mounting plugin CLionSourceCodeAccess
LogPluginManager: Mounting plugin CodeLiteSourceCodeAccess
LogPluginManager: Mounting plugin GitSourceControl
LogPluginManager: Mounting plugin KDevelopSourceCodeAccess
LogPluginManager: Mounting plugin NullSourceCodeAccess
LogPluginManager: Mounting plugin PerforceSourceControl
LogPluginManager: Mounting plugin SubversionSourceControl
LogPluginManager: Mounting plugin UObjectPlugin
LogPluginManager: Mounting plugin VisualStudioCodeSourceCodeAccess
LogPluginManager: Mounting plugin VisualStudioSourceCodeAccess
LogPluginManager: Mounting plugin XCodeSourceCodeAccess
LogPluginManager: Mounting plugin AssetManagerEditor
LogPluginManager: Mounting plugin CryptoKeys
LogPluginManager: Mounting plugin CurveEditorTools
LogPluginManager: Mounting plugin DataValidation
LogPluginManager: Mounting plugin EditorScriptingUtilities
LogPluginManager: Mounting plugin FacialAnimation
LogPluginManager: Mounting plugin GameplayTagsEditor
LogPluginManager: Mounting plugin GLTFImporter
LogPluginManager: Mounting plugin MacGraphicsSwitching
LogPluginManager: Mounting plugin MaterialAnalyzer
LogPluginManager: Mounting plugin MeshEditor
LogPluginManager: Mounting plugin MobileLauncherProfileWizard
LogPluginManager: Mounting plugin PluginBrowser
LogPluginManager: Mounting plugin SpeedTreeImporter
LogPluginManager: Mounting plugin DatasmithContent
LogPluginManager: Mounting plugin VariantManagerContent
LogPluginManager: Mounting plugin AlembicImporter
LogPluginManager: Mounting plugin AutomationUtils
LogPluginManager: Mounting plugin BackChannel
LogPluginManager: Mounting plugin BlastPlugin
LogPluginManager: Mounting plugin ChaosSolverPlugin
LogPluginManager: Mounting plugin CharacterAI
LogPluginManager: Mounting plugin DataPrepEditor
LogPluginManager: Mounting plugin GeometryCache
LogPluginManager: Mounting plugin GeometryCollectionPlugin
LogPluginManager: Mounting plugin HTML5Networking
LogPluginManager: Mounting plugin PlatformCrypto
LogPluginManager: Mounting plugin ProxyLODPlugin
LogPluginManager: Mounting plugin SkeletalReduction
LogPluginManager: Mounting plugin MagicLeap
LogPluginManager: Mounting plugin MagicLeapMedia
LogPluginManager: Mounting plugin AndroidMedia
LogPluginManager: Mounting plugin AvfMedia
LogPluginManager: Mounting plugin ImgMedia
LogPluginManager: Mounting plugin MediaCompositing
LogPluginManager: Mounting plugin MediaPlayerEditor
LogPluginManager: Mounting plugin WebMMedia
LogPluginManager: Mounting plugin WmfMedia
LogPluginManager: Mounting plugin TcpMessaging
LogPluginManager: Mounting plugin UdpMessaging
LogPluginManager: Mounting plugin ActorSequence
LogPluginManager: Mounting plugin LevelSequenceEditor
LogPluginManager: Mounting plugin MatineeToLevelSequence
LogPluginManager: Mounting plugin NetcodeUnitTest
LogPluginManager: Mounting plugin NUTUnrealEngine4
LogPluginManager: Mounting plugin OnlineSubsystemGooglePlay
LogPluginManager: Mounting plugin OnlineSubsystemIOS
LogPluginManager: Mounting plugin OnlineSubsystem
LogPluginManager: Mounting plugin OnlineSubsystemNull
LogPluginManager: Mounting plugin OnlineSubsystemUtils
LogPluginManager: Mounting plugin LauncherChunkInstaller
LogPluginManager: Mounting plugin AndroidDeviceProfileSelector
LogPluginManager: Mounting plugin AndroidMoviePlayer
LogPluginManager: Mounting plugin AndroidPermission
LogPluginManager: Mounting plugin AppleImageUtils
LogPluginManager: Mounting plugin AppleMoviePlayer
LogPluginManager: Mounting plugin ArchVisCharacter
LogPluginManager: Mounting plugin AudioCapture
LogPluginManager: Mounting plugin CableComponent
LogPluginManager: Mounting plugin CustomMeshComponent
LogPluginManager: Mounting plugin EditableMesh
LogPluginManager: Mounting plugin ExampleDeviceProfileSelector
LogPluginManager: Mounting plugin GoogleCloudMessaging
LogPluginManager: Mounting plugin IOSDeviceProfileSelector
LogPluginManager: Mounting plugin LinuxDeviceProfileSelector
LogPluginManager: Mounting plugin LocationServicesBPLibrary
LogPluginManager: Mounting plugin MobilePatchingUtils
LogPluginManager: Mounting plugin OculusVR
LogPluginManager: Mounting plugin PhysXVehicles
LogPluginManager: Mounting plugin ProceduralMeshComponent
LogPluginManager: Mounting plugin RuntimePhysXCooking
LogPluginManager: Mounting plugin SignificanceManager
LogPluginManager: Mounting plugin SteamVR
LogPluginManager: Mounting plugin WebMMoviePlayer
LogPluginManager: Mounting plugin WindowsMoviePlayer
LogPluginManager: Mounting plugin ScreenshotTools
LogPluginManager: Mounting plugin DatasmithC4DImporter
LogPluginManager: Mounting plugin DatasmithCADImporter
LogPluginManager: Mounting plugin DatasmithFBXImporter
LogPluginManager: Mounting plugin DatasmithGLTFImporter
LogPluginManager: Mounting plugin DatasmithIFCImporter
LogPluginManager: Mounting plugin DatasmithImporter
LogPluginManager: Mounting plugin MDLImporter
LogPluginManager: Mounting plugin StaticMeshEditorExtension
LogPluginManager: Mounting plugin VariantManager
LogInit: Using libcurl 7.55.1-DEV
LogInit:  - built for x86_64-pc-win32
LogInit:  - supports SSL with OpenSSL/1.1.1
LogInit:  - supports HTTP deflate (compression) using libz 1.2.8
LogInit:  - other features:
LogInit:      CURL_VERSION_SSL
LogInit:      CURL_VERSION_LIBZ
LogInit:      CURL_VERSION_IPV6
LogInit:      CURL_VERSION_ASYNCHDNS
LogInit:      CURL_VERSION_LARGEFILE
LogInit:      CURL_VERSION_IDN
LogInit:  CurlRequestOptions (configurable via config and command line):
LogInit:  - bVerifyPeer = true  - Libcurl will verify peer certificate
LogInit:  - bUseHttpProxy = false  - Libcurl will NOT use HTTP proxy
LogInit:  - bDontReuseConnections = false  - Libcurl will reuse connections
LogInit:  - MaxHostConnections = 16  - Libcurl will limit the number of connections to a host
LogInit:  - LocalHostAddr = Default
LogInit:  - BufferSize = 65536
LogOnline: OSS: Creating online subsystem instance for: NULL
LogInit: WinSock: version 1.1 (2.2), MaxSocks=32767, MaxUdp=65467
LogInit: Build: ++UE4+Release-4.23-CL-9631420
LogInit: Engine Version: 4.23.1-9631420+++UE4+Release-4.23
LogInit: Compatible Engine Version: 4.23.0-8386587+++UE4+Release-4.23
LogInit: Net CL: 8386587
LogInit: OS: Windows 10 (Release 1903) (), CPU: AMD Ryzen 7 2700X Eight-Core Processor         , GPU: NVIDIA GeForce GTX 1060 6GB
LogInit: Compiled (64-bit): Oct 18 2019 02:07:44
LogInit: Compiled with Visual C++: 19.16.27030.01
LogInit: Build Configuration: Development
LogInit: Branch Name: ++UE4+Release-4.23
LogInit: Command Line: 
LogInit: Base Directory: C:/Program Files/Epic Games/UE_4.23/Engine/Binaries/Win64/
LogInit: Installed Engine Build: 1
LogDevObjectVersion: Number of dev versions registered: 23
LogDevObjectVersion:   Dev-Blueprints (B0D832E4-1F89-4F0D-ACCF-7EB736FD4AA2): 10
LogDevObjectVersion:   Dev-Build (E1C64328-A22C-4D53-A36C-8E866417BD8C): 0
LogDevObjectVersion:   Dev-Core (375EC13C-06E4-48FB-B500-84F0262A717E): 3
LogDevObjectVersion:   Dev-Editor (E4B068ED-F494-42E9-A231-DA0B2E46BB41): 34
LogDevObjectVersion:   Dev-Framework (CFFC743F-43B0-4480-9391-14DF171D2073): 35
LogDevObjectVersion:   Dev-Mobile (B02B49B5-BB20-44E9-A304-32B752E40360): 2
LogDevObjectVersion:   Dev-Networking (A4E4105C-59A1-49B5-A7C5-40C4547EDFEE): 0
LogDevObjectVersion:   Dev-Online (39C831C9-5AE6-47DC-9A44-9C173E1C8E7C): 0
LogDevObjectVersion:   Dev-Physics (78F01B33-EBEA-4F98-B9B4-84EACCB95AA2): 0
LogDevObjectVersion:   Dev-Platform (6631380F-2D4D-43E0-8009-CF276956A95A): 0
LogDevObjectVersion:   Dev-Rendering (12F88B9F-8875-4AFC-A67C-D90C383ABD29): 31
LogDevObjectVersion:   Dev-Sequencer (7B5AE74C-D270-4C10-A958-57980B212A5A): 11
LogDevObjectVersion:   Dev-VR (D7296918-1DD6-4BDD-9DE2-64A83CC13884): 2
LogDevObjectVersion:   Dev-LoadTimes (C2A15278-BFE7-4AFE-6C17-90FF531DF755): 1
LogDevObjectVersion:   Private-Geometry (6EACA3D4-40EC-4CC1-B786-8BED09428FC5): 3
LogDevObjectVersion:   Dev-AnimPhys (29E575DD-E0A3-4627-9D10-D276232CDCEA): 17
LogDevObjectVersion:   Dev-Anim (AF43A65D-7FD3-4947-9873-3E8ED9C1BB05): 2
LogDevObjectVersion:   Dev-ReflectionCapture (6B266CEC-1EC7-4B8F-A30B-E4D90942FC07): 1
LogDevObjectVersion:   Dev-Automation (0DF73D61-A23F-47EA-B727-89E90C41499A): 1
LogDevObjectVersion:   FortniteMain (601D1886-AC64-4F84-AA16-D3DE0DEAC7D6): 27
LogDevObjectVersion:   Dev-Enterprise (9DFFBCD6-494F-0158-E221-12823C92A888): 6
LogDevObjectVersion:   Dev-Niagara (F2AED0AC-9AFE-416F-8664-AA7FFA26D6FC): 1
LogDevObjectVersion:   Dev-Destruction (174F1F0B-B4C6-45A5-B13F-2EE8D0FB917D): 9
LogInit: Presizing for max 16777216 objects, including 0 objects not considered by GC, pre-allocating 0 bytes for permanent pool.
LogInit: Object subsystem initialized
LogConfig: Setting CVar [[con.DebugEarlyDefault:1]]
LogConfig: Setting CVar [[r.setres:1280x720]]
[2019.12.11-23.39.29:283][  0]LogConfig: Setting CVar [[r.VSync:0]]
[2019.12.11-23.39.29:283][  0]LogConfig: Setting CVar [[r.RHICmdBypass:0]]
[2019.12.11-23.39.29:283][  0]LogConfig: Applying CVar settings from Section [/Script/Engine.RendererSettings] File [C:/Repo/FinalPractice/UFinalPractice/Saved/Config/Windows/Engine.ini]
[2019.12.11-23.39.29:283][  0]LogConfig: Setting CVar [[r.GPUCrashDebugging:0]]
[2019.12.11-23.39.29:283][  0]LogConfig: Applying CVar settings from Section [/Script/Engine.RendererOverrideSettings] File [C:/Repo/FinalPractice/UFinalPractice/Saved/Config/Windows/Engine.ini]
[2019.12.11-23.39.29:284][  0]LogConfig: Applying CVar settings from Section [/Script/Engine.StreamingSettings] File [C:/Repo/FinalPractice/UFinalPractice/Saved/Config/Windows/Engine.ini]
[2019.12.11-23.39.29:284][  0]LogConfig: Setting CVar [[s.MinBulkDataSizeForAsyncLoading:131072]]
[2019.12.11-23.39.29:284][  0]LogConfig: Setting CVar [[s.AsyncLoadingThreadEnabled:0]]
[2019.12.11-23.39.29:284][  0]LogConfig: Setting CVar [[s.EventDrivenLoaderEnabled:1]]
[2019.12.11-23.39.29:284][  0]LogConfig: Setting CVar [[s.WarnIfTimeLimitExceeded:0]]
[2019.12.11-23.39.29:284][  0]LogConfig: Setting CVar [[s.TimeLimitExceededMultiplier:1.5]]
[2019.12.11-23.39.29:284][  0]LogConfig: Setting CVar [[s.TimeLimitExceededMinTime:0.005]]
[2019.12.11-23.39.29:284][  0]LogConfig: Setting CVar [[s.UseBackgroundLevelStreaming:1]]
[2019.12.11-23.39.29:284][  0]LogConfig: Setting CVar [[s.PriorityAsyncLoadingExtraTime:15.0]]
[2019.12.11-23.39.29:284][  0]LogConfig: Setting CVar [[s.LevelStreamingActorsUpdateTimeLimit:5.0]]
[2019.12.11-23.39.29:284][  0]LogConfig: Setting CVar [[s.PriorityLevelStreamingActorsUpdateExtraTime:5.0]]
[2019.12.11-23.39.29:284][  0]LogConfig: Setting CVar [[s.LevelStreamingComponentsRegistrationGranularity:10]]
[2019.12.11-23.39.29:284][  0]LogConfig: Setting CVar [[s.UnregisterComponentsTimeLimit:1.0]]
[2019.12.11-23.39.29:284][  0]LogConfig: Setting CVar [[s.LevelStreamingComponentsUnregistrationGranularity:5]]
[2019.12.11-23.39.29:284][  0]LogConfig: Applying CVar settings from Section [/Script/Engine.GarbageCollectionSettings] File [C:/Repo/FinalPractice/UFinalPractice/Saved/Config/Windows/Engine.ini]
[2019.12.11-23.39.29:284][  0]LogConfig: Setting CVar [[gc.MaxObjectsNotConsideredByGC:1]]
[2019.12.11-23.39.29:284][  0]LogConfig: Setting CVar [[gc.SizeOfPermanentObjectPool:0]]
[2019.12.11-23.39.29:284][  0]LogConfig: Setting CVar [[gc.FlushStreamingOnGC:0]]
[2019.12.11-23.39.29:284][  0]LogConfig: Setting CVar [[gc.NumRetriesBeforeForcingGC:10]]
[2019.12.11-23.39.29:284][  0]LogConfig: Setting CVar [[gc.AllowParallelGC:1]]
[2019.12.11-23.39.29:284][  0]LogConfig: Setting CVar [[gc.TimeBetweenPurgingPendingKillObjects:61.1]]
[2019.12.11-23.39.29:284][  0]LogConfig: Setting CVar [[gc.MaxObjectsInEditor:16777216]]
[2019.12.11-23.39.29:284][  0]LogConfig: Setting CVar [[gc.IncrementalBeginDestroyEnabled:1]]
[2019.12.11-23.39.29:284][  0]LogConfig: Setting CVar [[gc.CreateGCClusters:1]]
[2019.12.11-23.39.29:284][  0]LogConfig: Setting CVar [[gc.MinGCClusterSize:5]]
[2019.12.11-23.39.29:284][  0]LogConfig: Setting CVar [[gc.ActorClusteringEnabled:0]]
[2019.12.11-23.39.29:284][  0]LogConfig: Setting CVar [[gc.BlueprintClusteringEnabled:0]]
[2019.12.11-23.39.29:284][  0]LogConfig: Setting CVar [[gc.UseDisregardForGCOnDedicatedServers:0]]
[2019.12.11-23.39.29:284][  0]LogConfig: Applying CVar settings from Section [/Script/Engine.NetworkSettings] File [C:/Repo/FinalPractice/UFinalPractice/Saved/Config/Windows/Engine.ini]
[2019.12.11-23.39.29:284][  0]LogConfig: Applying CVar settings from Section [/Script/UnrealEd.CookerSettings] File [C:/Repo/FinalPractice/UFinalPractice/Saved/Config/Windows/Engine.ini]
[2019.12.11-23.39.29:286][  0]LogConfig: Applying CVar settings from Section [ViewDistanceQuality@3] File [C:/Repo/FinalPractice/UFinalPractice/Saved/Config/Windows/Scalability.ini]
[2019.12.11-23.39.29:286][  0]LogConfig: Setting CVar [[r.SkeletalMeshLODBias:0]]
[2019.12.11-23.39.29:286][  0]LogConfig: Setting CVar [[r.ViewDistanceScale:1.0]]
[2019.12.11-23.39.29:286][  0]LogConfig: Applying CVar settings from Section [AntiAliasingQuality@3] File [C:/Repo/FinalPractice/UFinalPractice/Saved/Config/Windows/Scalability.ini]
[2019.12.11-23.39.29:286][  0]LogConfig: Setting CVar [[r.PostProcessAAQuality:4]]
[2019.12.11-23.39.29:286][  0]LogConfig: Applying CVar settings from Section [ShadowQuality@3] File [C:/Repo/FinalPractice/UFinalPractice/Saved/Config/Windows/Scalability.ini]
[2019.12.11-23.39.29:286][  0]LogConfig: Setting CVar [[r.LightFunctionQuality:1]]
[2019.12.11-23.39.29:286][  0]LogConfig: Setting CVar [[r.ShadowQuality:5]]
[2019.12.11-23.39.29:286][  0]LogConfig: Setting CVar [[r.Shadow.CSM.MaxCascades:10]]
[2019.12.11-23.39.29:286][  0]LogConfig: Setting CVar [[r.Shadow.MaxResolution:2048]]
[2019.12.11-23.39.29:286][  0]LogConfig: Setting CVar [[r.Shadow.MaxCSMResolution:2048]]
[2019.12.11-23.39.29:286][  0]LogConfig: Setting CVar [[r.Shadow.RadiusThreshold:0.01]]
[2019.12.11-23.39.29:286][  0]LogConfig: Setting CVar [[r.Shadow.DistanceScale:1.0]]
[2019.12.11-23.39.29:286][  0]LogConfig: Setting CVar [[r.Shadow.CSM.TransitionScale:1.0]]
[2019.12.11-23.39.29:286][  0]LogConfig: Setting CVar [[r.Shadow.PreShadowResolutionFactor:1.0]]
[2019.12.11-23.39.29:286][  0]LogConfig: Setting CVar [[r.DistanceFieldShadowing:1]]
[2019.12.11-23.39.29:286][  0]LogConfig: Setting CVar [[r.DistanceFieldAO:1]]
[2019.12.11-23.39.29:286][  0]LogConfig: Setting CVar [[r.AOQuality:2]]
[2019.12.11-23.39.29:286][  0]LogConfig: Setting CVar [[r.VolumetricFog:1]]
[2019.12.11-23.39.29:286][  0]LogConfig: Setting CVar [[r.VolumetricFog.GridPixelSize:8]]
[2019.12.11-23.39.29:286][  0]LogConfig: Setting CVar [[r.VolumetricFog.GridSizeZ:128]]
[2019.12.11-23.39.29:286][  0]LogConfig: Setting CVar [[r.VolumetricFog.HistoryMissSupersampleCount:4]]
[2019.12.11-23.39.29:286][  0]LogConfig: Setting CVar [[r.LightMaxDrawDistanceScale:1]]
[2019.12.11-23.39.29:286][  0]LogConfig: Setting CVar [[r.CapsuleShadows:1]]
[2019.12.11-23.39.29:286][  0]LogConfig: Applying CVar settings from Section [PostProcessQuality@3] File [C:/Repo/FinalPractice/UFinalPractice/Saved/Config/Windows/Scalability.ini]
[2019.12.11-23.39.29:286][  0]LogConfig: Setting CVar [[r.MotionBlurQuality:4]]
[2019.12.11-23.39.29:286][  0]LogConfig: Setting CVar [[r.AmbientOcclusionMipLevelFactor:0.4]]
[2019.12.11-23.39.29:286][  0]LogConfig: Setting CVar [[r.AmbientOcclusionMaxQuality:100]]
[2019.12.11-23.39.29:286][  0]LogConfig: Setting CVar [[r.AmbientOcclusionLevels:-1]]
[2019.12.11-23.39.29:286][  0]LogConfig: Setting CVar [[r.AmbientOcclusionRadiusScale:1.0]]
[2019.12.11-23.39.29:286][  0]LogConfig: Setting CVar [[r.DepthOfFieldQuality:2]]
[2019.12.11-23.39.29:286][  0]LogConfig: Setting CVar [[r.RenderTargetPoolMin:400]]
[2019.12.11-23.39.29:286][  0]LogConfig: Setting CVar [[r.LensFlareQuality:2]]
[2019.12.11-23.39.29:286][  0]LogConfig: Setting CVar [[r.SceneColorFringeQuality:1]]
[2019.12.11-23.39.29:286][  0]LogConfig: Setting CVar [[r.EyeAdaptationQuality:2]]
[2019.12.11-23.39.29:286][  0]LogConfig: Setting CVar [[r.BloomQuality:5]]
[2019.12.11-23.39.29:286][  0]LogConfig: Setting CVar [[r.FastBlurThreshold:100]]
[2019.12.11-23.39.29:286][  0]LogConfig: Setting CVar [[r.Upscale.Quality:3]]
[2019.12.11-23.39.29:286][  0]LogConfig: Setting CVar [[r.Tonemapper.GrainQuantization:1]]
[2019.12.11-23.39.29:286][  0]LogConfig: Setting CVar [[r.LightShaftQuality:1]]
[2019.12.11-23.39.29:286][  0]LogConfig: Setting CVar [[r.Filter.SizeScale:1]]
[2019.12.11-23.39.29:286][  0]LogConfig: Setting CVar [[r.Tonemapper.Quality:5]]
[2019.12.11-23.39.29:286][  0]LogConfig: Setting CVar [[r.DOF.Gather.AccumulatorQuality:1        ; higher gathering accumulator quality]]
[2019.12.11-23.39.29:286][  0]LogConfig: Setting CVar [[r.DOF.Gather.PostfilterMethod:1          ; Median3x3 postfilering method]]
[2019.12.11-23.39.29:286][  0]LogConfig: Setting CVar [[r.DOF.Gather.EnableBokehSettings:0       ; no bokeh simulation when gathering]]
[2019.12.11-23.39.29:286][  0]LogConfig: Setting CVar [[r.DOF.Gather.RingCount:4                 ; medium number of samples when gathering]]
[2019.12.11-23.39.29:286][  0]LogConfig: Setting CVar [[r.DOF.Scatter.ForegroundCompositing:1    ; additive foreground scattering]]
[2019.12.11-23.39.29:286][  0]LogConfig: Setting CVar [[r.DOF.Scatter.BackgroundCompositing:2    ; additive background scattering]]
[2019.12.11-23.39.29:286][  0]LogConfig: Setting CVar [[r.DOF.Scatter.EnableBokehSettings:1      ; bokeh simulation when scattering]]
[2019.12.11-23.39.29:286][  0]LogConfig: Setting CVar [[r.DOF.Scatter.MaxSpriteRatio:0.1         ; only a maximum of 10% of scattered bokeh]]
[2019.12.11-23.39.29:286][  0]LogConfig: Setting CVar [[r.DOF.Recombine.Quality:1                ; cheap slight out of focus]]
[2019.12.11-23.39.29:286][  0]LogConfig: Setting CVar [[r.DOF.Recombine.EnableBokehSettings:0    ; no bokeh simulation on slight out of focus]]
[2019.12.11-23.39.29:287][  0]LogConfig: Setting CVar [[r.DOF.TemporalAAQuality:1                ; more stable temporal accumulation]]
[2019.12.11-23.39.29:287][  0]LogConfig: Setting CVar [[r.DOF.Kernel.MaxForegroundRadius:0.025]]
[2019.12.11-23.39.29:287][  0]LogConfig: Setting CVar [[r.DOF.Kernel.MaxBackgroundRadius:0.025]]
[2019.12.11-23.39.29:287][  0]LogConfig: Applying CVar settings from Section [TextureQuality@3] File [C:/Repo/FinalPractice/UFinalPractice/Saved/Config/Windows/Scalability.ini]
[2019.12.11-23.39.29:287][  0]LogConfig: Setting CVar [[r.Streaming.MipBias:0]]
[2019.12.11-23.39.29:287][  0]LogConfig: Setting CVar [[r.Streaming.AmortizeCPUToGPUCopy:0]]
[2019.12.11-23.39.29:287][  0]LogConfig: Setting CVar [[r.Streaming.MaxNumTexturesToStreamPerFrame:0]]
[2019.12.11-23.39.29:287][  0]LogConfig: Setting CVar [[r.Streaming.Boost:1]]
[2019.12.11-23.39.29:287][  0]LogConfig: Setting CVar [[r.MaxAnisotropy:8]]
[2019.12.11-23.39.29:287][  0]LogConfig: Setting CVar [[r.Streaming.LimitPoolSizeToVRAM:0]]
[2019.12.11-23.39.29:287][  0]LogConfig: Setting CVar [[r.Streaming.PoolSize:1000]]
[2019.12.11-23.39.29:287][  0]LogConfig: Setting CVar [[r.Streaming.MaxEffectiveScreenSize:0]]
[2019.12.11-23.39.29:287][  0]LogConfig: Applying CVar settings from Section [EffectsQuality@3] File [C:/Repo/FinalPractice/UFinalPractice/Saved/Config/Windows/Scalability.ini]
[2019.12.11-23.39.29:287][  0]LogConfig: Setting CVar [[r.TranslucencyLightingVolumeDim:64]]
[2019.12.11-23.39.29:287][  0]LogConfig: Setting CVar [[r.RefractionQuality:2]]
[2019.12.11-23.39.29:287][  0]LogConfig: Setting CVar [[r.SSR.Quality:3]]
[2019.12.11-23.39.29:287][  0]LogConfig: Setting CVar [[r.SceneColorFormat:4]]
[2019.12.11-23.39.29:287][  0]LogConfig: Setting CVar [[r.DetailMode:2]]
[2019.12.11-23.39.29:287][  0]LogConfig: Setting CVar [[r.TranslucencyVolumeBlur:1]]
[2019.12.11-23.39.29:287][  0]LogConfig: Setting CVar [[r.MaterialQualityLevel:1 ; High quality]]
[2019.12.11-23.39.29:287][  0]LogConfig: Setting CVar [[r.SSS.Scale:1]]
[2019.12.11-23.39.29:287][  0]LogConfig: Setting CVar [[r.SSS.SampleSet:2]]
[2019.12.11-23.39.29:287][  0]LogConfig: Setting CVar [[r.SSS.Quality:1]]
[2019.12.11-23.39.29:287][  0]LogConfig: Setting CVar [[r.SSS.HalfRes:1]]
[2019.12.11-23.39.29:287][  0]LogConfig: Setting CVar [[r.EmitterSpawnRateScale:1.0]]
[2019.12.11-23.39.29:287][  0]LogConfig: Setting CVar [[r.ParticleLightQuality:2]]
[2019.12.11-23.39.29:287][  0]LogConfig: Applying CVar settings from Section [FoliageQuality@3] File [C:/Repo/FinalPractice/UFinalPractice/Saved/Config/Windows/Scalability.ini]
[2019.12.11-23.39.29:287][  0]LogConfig: Setting CVar [[foliage.DensityScale:1.0]]
[2019.12.11-23.39.29:287][  0]LogConfig: Setting CVar [[grass.DensityScale:1.0]]
[2019.12.11-23.39.29:287][  0]LogInit: Selected Device Profile: [Windows]
[2019.12.11-23.39.29:287][  0]LogInit: Applying CVar settings loaded from the selected device profile: [Windows]
[2019.12.11-23.39.29:289][  0]LogHAL: Display: Platform has ~ 16 GB [17128321024 / 17179869184 / 16], which maps to Larger [LargestMinGB=32, LargerMinGB=12, DefaultMinGB=8, SmallerMinGB=6, SmallestMinGB=0)
[2019.12.11-23.39.29:289][  0]LogInit: Going up to parent DeviceProfile []
[2019.12.11-23.39.29:289][  0]LogConfig: Applying CVar settings from Section [ViewDistanceQuality@3] File [C:/Repo/FinalPractice/UFinalPractice/Saved/Config/Windows/Scalability.ini]
[2019.12.11-23.39.29:289][  0]LogConfig: Setting CVar [[r.SkeletalMeshLODBias:0]]
[2019.12.11-23.39.29:289][  0]LogConfig: Setting CVar [[r.ViewDistanceScale:1.0]]
[2019.12.11-23.39.29:289][  0]LogConfig: Applying CVar settings from Section [AntiAliasingQuality@3] File [C:/Repo/FinalPractice/UFinalPractice/Saved/Config/Windows/Scalability.ini]
[2019.12.11-23.39.29:289][  0]LogConfig: Setting CVar [[r.PostProcessAAQuality:4]]
[2019.12.11-23.39.29:289][  0]LogConfig: Applying CVar settings from Section [ShadowQuality@3] File [C:/Repo/FinalPractice/UFinalPractice/Saved/Config/Windows/Scalability.ini]
[2019.12.11-23.39.29:289][  0]LogConfig: Setting CVar [[r.LightFunctionQuality:1]]
[2019.12.11-23.39.29:289][  0]LogConfig: Setting CVar [[r.ShadowQuality:5]]
[2019.12.11-23.39.29:289][  0]LogConfig: Setting CVar [[r.Shadow.CSM.MaxCascades:10]]
[2019.12.11-23.39.29:289][  0]LogConfig: Setting CVar [[r.Shadow.MaxResolution:2048]]
[2019.12.11-23.39.29:289][  0]LogConfig: Setting CVar [[r.Shadow.MaxCSMResolution:2048]]
[2019.12.11-23.39.29:289][  0]LogConfig: Setting CVar [[r.Shadow.RadiusThreshold:0.01]]
[2019.12.11-23.39.29:289][  0]LogConfig: Setting CVar [[r.Shadow.DistanceScale:1.0]]
[2019.12.11-23.39.29:289][  0]LogConfig: Setting CVar [[r.Shadow.CSM.TransitionScale:1.0]]
[2019.12.11-23.39.29:289][  0]LogConfig: Setting CVar [[r.Shadow.PreShadowResolutionFactor:1.0]]
[2019.12.11-23.39.29:289][  0]LogConfig: Setting CVar [[r.DistanceFieldShadowing:1]]
[2019.12.11-23.39.29:289][  0]LogConfig: Setting CVar [[r.DistanceFieldAO:1]]
[2019.12.11-23.39.29:289][  0]LogConfig: Setting CVar [[r.AOQuality:2]]
[2019.12.11-23.39.29:289][  0]LogConfig: Setting CVar [[r.VolumetricFog:1]]
[2019.12.11-23.39.29:289][  0]LogConfig: Setting CVar [[r.VolumetricFog.GridPixelSize:8]]
[2019.12.11-23.39.29:289][  0]LogConfig: Setting CVar [[r.VolumetricFog.GridSizeZ:128]]
[2019.12.11-23.39.29:289][  0]LogConfig: Setting CVar [[r.VolumetricFog.HistoryMissSupersampleCount:4]]
[2019.12.11-23.39.29:289][  0]LogConfig: Setting CVar [[r.LightMaxDrawDistanceScale:1]]
[2019.12.11-23.39.29:289][  0]LogConfig: Setting CVar [[r.CapsuleShadows:1]]
[2019.12.11-23.39.29:289][  0]LogConfig: Applying CVar settings from Section [PostProcessQuality@3] File [C:/Repo/FinalPractice/UFinalPractice/Saved/Config/Windows/Scalability.ini]
[2019.12.11-23.39.29:289][  0]LogConfig: Setting CVar [[r.MotionBlurQuality:4]]
[2019.12.11-23.39.29:289][  0]LogConfig: Setting CVar [[r.AmbientOcclusionMipLevelFactor:0.4]]
[2019.12.11-23.39.29:289][  0]LogConfig: Setting CVar [[r.AmbientOcclusionMaxQuality:100]]
[2019.12.11-23.39.29:289][  0]LogConfig: Setting CVar [[r.AmbientOcclusionLevels:-1]]
[2019.12.11-23.39.29:290][  0]LogConfig: Setting CVar [[r.AmbientOcclusionRadiusScale:1.0]]
[2019.12.11-23.39.29:290][  0]LogConfig: Setting CVar [[r.DepthOfFieldQuality:2]]
[2019.12.11-23.39.29:290][  0]LogConfig: Setting CVar [[r.RenderTargetPoolMin:400]]
[2019.12.11-23.39.29:290][  0]LogConfig: Setting CVar [[r.LensFlareQuality:2]]
[2019.12.11-23.39.29:290][  0]LogConfig: Setting CVar [[r.SceneColorFringeQuality:1]]
[2019.12.11-23.39.29:290][  0]LogConfig: Setting CVar [[r.EyeAdaptationQuality:2]]
[2019.12.11-23.39.29:290][  0]LogConfig: Setting CVar [[r.BloomQuality:5]]
[2019.12.11-23.39.29:290][  0]LogConfig: Setting CVar [[r.FastBlurThreshold:100]]
[2019.12.11-23.39.29:290][  0]LogConfig: Setting CVar [[r.Upscale.Quality:3]]
[2019.12.11-23.39.29:290][  0]LogConfig: Setting CVar [[r.Tonemapper.GrainQuantization:1]]
[2019.12.11-23.39.29:290][  0]LogConfig: Setting CVar [[r.LightShaftQuality:1]]
[2019.12.11-23.39.29:290][  0]LogConfig: Setting CVar [[r.Filter.SizeScale:1]]
[2019.12.11-23.39.29:290][  0]LogConfig: Setting CVar [[r.Tonemapper.Quality:5]]
[2019.12.11-23.39.29:290][  0]LogConfig: Setting CVar [[r.DOF.Gather.AccumulatorQuality:1        ; higher gathering accumulator quality]]
[2019.12.11-23.39.29:290][  0]LogConfig: Setting CVar [[r.DOF.Gather.PostfilterMethod:1          ; Median3x3 postfilering method]]
[2019.12.11-23.39.29:290][  0]LogConfig: Setting CVar [[r.DOF.Gather.EnableBokehSettings:0       ; no bokeh simulation when gathering]]
[2019.12.11-23.39.29:290][  0]LogConfig: Setting CVar [[r.DOF.Gather.RingCount:4                 ; medium number of samples when gathering]]
[2019.12.11-23.39.29:290][  0]LogConfig: Setting CVar [[r.DOF.Scatter.ForegroundCompositing:1    ; additive foreground scattering]]
[2019.12.11-23.39.29:290][  0]LogConfig: Setting CVar [[r.DOF.Scatter.BackgroundCompositing:2    ; additive background scattering]]
[2019.12.11-23.39.29:290][  0]LogConfig: Setting CVar [[r.DOF.Scatter.EnableBokehSettings:1      ; bokeh simulation when scattering]]
[2019.12.11-23.39.29:290][  0]LogConfig: Setting CVar [[r.DOF.Scatter.MaxSpriteRatio:0.1         ; only a maximum of 10% of scattered bokeh]]
[2019.12.11-23.39.29:290][  0]LogConfig: Setting CVar [[r.DOF.Recombine.Quality:1                ; cheap slight out of focus]]
[2019.12.11-23.39.29:290][  0]LogConfig: Setting CVar [[r.DOF.Recombine.EnableBokehSettings:0    ; no bokeh simulation on slight out of focus]]
[2019.12.11-23.39.29:290][  0]LogConfig: Setting CVar [[r.DOF.TemporalAAQuality:1                ; more stable temporal accumulation]]
[2019.12.11-23.39.29:290][  0]LogConfig: Setting CVar [[r.DOF.Kernel.MaxForegroundRadius:0.025]]
[2019.12.11-23.39.29:290][  0]LogConfig: Setting CVar [[r.DOF.Kernel.MaxBackgroundRadius:0.025]]
[2019.12.11-23.39.29:290][  0]LogConfig: Applying CVar settings from Section [TextureQuality@3] File [C:/Repo/FinalPractice/UFinalPractice/Saved/Config/Windows/Scalability.ini]
[2019.12.11-23.39.29:290][  0]LogConfig: Setting CVar [[r.Streaming.MipBias:0]]
[2019.12.11-23.39.29:290][  0]LogConfig: Setting CVar [[r.Streaming.AmortizeCPUToGPUCopy:0]]
[2019.12.11-23.39.29:290][  0]LogConfig: Setting CVar [[r.Streaming.MaxNumTexturesToStreamPerFrame:0]]
[2019.12.11-23.39.29:290][  0]LogConfig: Setting CVar [[r.Streaming.Boost:1]]
[2019.12.11-23.39.29:290][  0]LogConfig: Setting CVar [[r.MaxAnisotropy:8]]
[2019.12.11-23.39.29:290][  0]LogConfig: Setting CVar [[r.Streaming.LimitPoolSizeToVRAM:0]]
[2019.12.11-23.39.29:290][  0]LogConfig: Setting CVar [[r.Streaming.PoolSize:1000]]
[2019.12.11-23.39.29:290][  0]LogConfig: Setting CVar [[r.Streaming.MaxEffectiveScreenSize:0]]
[2019.12.11-23.39.29:290][  0]LogConfig: Applying CVar settings from Section [EffectsQuality@3] File [C:/Repo/FinalPractice/UFinalPractice/Saved/Config/Windows/Scalability.ini]
[2019.12.11-23.39.29:290][  0]LogConfig: Setting CVar [[r.TranslucencyLightingVolumeDim:64]]
[2019.12.11-23.39.29:290][  0]LogConfig: Setting CVar [[r.RefractionQuality:2]]
[2019.12.11-23.39.29:290][  0]LogConfig: Setting CVar [[r.SSR.Quality:3]]
[2019.12.11-23.39.29:290][  0]LogConfig: Setting CVar [[r.SceneColorFormat:4]]
[2019.12.11-23.39.29:290][  0]LogConfig: Setting CVar [[r.DetailMode:2]]
[2019.12.11-23.39.29:290][  0]LogConfig: Setting CVar [[r.TranslucencyVolumeBlur:1]]
[2019.12.11-23.39.29:290][  0]LogConfig: Setting CVar [[r.MaterialQualityLevel:1 ; High quality]]
[2019.12.11-23.39.29:290][  0]LogConfig: Setting CVar [[r.SSS.Scale:1]]
[2019.12.11-23.39.29:290][  0]LogConfig: Setting CVar [[r.SSS.SampleSet:2]]
[2019.12.11-23.39.29:290][  0]LogConfig: Setting CVar [[r.SSS.Quality:1]]
[2019.12.11-23.39.29:290][  0]LogConfig: Setting CVar [[r.SSS.HalfRes:1]]
[2019.12.11-23.39.29:290][  0]LogConfig: Setting CVar [[r.EmitterSpawnRateScale:1.0]]
[2019.12.11-23.39.29:290][  0]LogConfig: Setting CVar [[r.ParticleLightQuality:2]]
[2019.12.11-23.39.29:290][  0]LogConfig: Applying CVar settings from Section [FoliageQuality@3] File [C:/Repo/FinalPractice/UFinalPractice/Saved/Config/Windows/Scalability.ini]
[2019.12.11-23.39.29:290][  0]LogConfig: Setting CVar [[foliage.DensityScale:1.0]]
[2019.12.11-23.39.29:290][  0]LogConfig: Setting CVar [[grass.DensityScale:1.0]]
[2019.12.11-23.39.29:290][  0]LogConfig: Applying CVar settings from Section [Startup] File [../../../Engine/Config/ConsoleVariables.ini]
[2019.12.11-23.39.29:290][  0]LogConfig: Setting CVar [[net.UseAdaptiveNetUpdateFrequency:0]]
[2019.12.11-23.39.29:290][  0]LogConfig: Setting CVar [[p.chaos.AllowCreatePhysxBodies:1]]
[2019.12.11-23.39.29:290][  0]LogConfig: Applying CVar settings from Section [ConsoleVariables] File [C:/Repo/FinalPractice/UFinalPractice/Saved/Config/Windows/Engine.ini]
[2019.12.11-23.39.29:291][  0]LogInit: Computer: DESKTOP-VJFBM6U
[2019.12.11-23.39.29:291][  0]LogInit: User: dani
[2019.12.11-23.39.29:291][  0]LogInit: CPU Page size=4096, Cores=8
[2019.12.11-23.39.29:291][  0]LogInit: High frequency timer resolution =10.000000 MHz
[2019.12.11-23.39.29:291][  0]LogMemory: Memory total: Physical=16.0GB (16GB approx)
[2019.12.11-23.39.29:291][  0]LogMemory: Platform Memory Stats for Windows
[2019.12.11-23.39.29:291][  0]LogMemory: Process Physical Memory: 101.48 MB used, 101.49 MB peak
[2019.12.11-23.39.29:291][  0]LogMemory: Process Virtual Memory: 102.31 MB used, 102.31 MB peak
[2019.12.11-23.39.29:291][  0]LogMemory: Physical Memory: 8955.06 MB used,  7379.78 MB free, 16334.84 MB total
[2019.12.11-23.39.29:291][  0]LogMemory: Virtual Memory: 4703.18 MB used,  134213024.00 MB free, 134217728.00 MB total
[2019.12.11-23.39.29:293][  0]LogWindows: WindowsPlatformFeatures enabled
[2019.12.11-23.39.29:317][  0]LogInit: Using OS detected language (en-US).
[2019.12.11-23.39.29:317][  0]LogInit: Using OS detected locale (en-US).
[2019.12.11-23.39.29:318][  0]LogTextLocalizationManager: No specific localization for 'en-US' exists, so the 'en' localization will be used.
[2019.12.11-23.39.29:464][  0]LogInit: Setting process to per monitor DPI aware
[2019.12.11-23.39.29:500][  0]LogSlate: New Slate User Created.  User Index 0, Is Virtual User: 0
[2019.12.11-23.39.29:500][  0]LogSlate: Slate User Registered.  User Index 0, Is Virtual User: 0
[2019.12.11-23.39.29:667][  0]LogHMD: Failed to initialize OpenVR with code 110
[2019.12.11-23.39.29:667][  0]LogD3D11RHI: D3D11 adapters:
[2019.12.11-23.39.29:731][  0]LogD3D11RHI:    0. 'NVIDIA GeForce GTX 1060 6GB' (Feature Level 11_0)
[2019.12.11-23.39.29:731][  0]LogD3D11RHI:       6052/0/8167 MB DedicatedVideo/DedicatedSystem/SharedSystem, Outputs:1, VendorId:0x10de
[2019.12.11-23.39.29:733][  0]LogD3D11RHI:    1. 'Microsoft Basic Render Driver' (Feature Level 11_0)
[2019.12.11-23.39.29:733][  0]LogD3D11RHI:       0/0/8167 MB DedicatedVideo/DedicatedSystem/SharedSystem, Outputs:0, VendorId:0x1414
[2019.12.11-23.39.29:733][  0]LogD3D11RHI: Chosen D3D11 Adapter: 0
[2019.12.11-23.39.29:741][  0]LogD3D11RHI: Creating new Direct3DDevice
[2019.12.11-23.39.29:741][  0]LogD3D11RHI:     GPU DeviceId: 0x1c03 (for the marketing name, search the web for "GPU Device Id")
[2019.12.11-23.39.29:741][  0]LogWindows: EnumDisplayDevices:
[2019.12.11-23.39.29:741][  0]LogWindows:    0. 'NVIDIA GeForce GTX 1060 6GB' (P:1 D:1)
[2019.12.11-23.39.29:742][  0]LogWindows:    1. 'NVIDIA GeForce GTX 1060 6GB' (P:0 D:0)
[2019.12.11-23.39.29:742][  0]LogWindows:    2. 'NVIDIA GeForce GTX 1060 6GB' (P:0 D:0)
[2019.12.11-23.39.29:742][  0]LogWindows:    3. 'NVIDIA GeForce GTX 1060 6GB' (P:0 D:0)
[2019.12.11-23.39.29:742][  0]LogWindows: DebugString: FoundDriverCount:4 
[2019.12.11-23.39.29:742][  0]LogD3D11RHI:     Adapter Name: NVIDIA GeForce GTX 1060 6GB
[2019.12.11-23.39.29:742][  0]LogD3D11RHI:   Driver Version: 441.12 (internal:26.21.14.4112, unified:441.12)
[2019.12.11-23.39.29:742][  0]LogD3D11RHI:      Driver Date: 10-24-2019
[2019.12.11-23.39.29:742][  0]LogRHI: Texture pool is 4236 MB (70% of 6052 MB)
[2019.12.11-23.39.29:789][  0]LogD3D11RHI: Async texture creation enabled
[2019.12.11-23.39.29:812][  0]LogD3D11RHI: GPU Timing Frequency: 1000.000000 (Debug: 2 1)
[2019.12.11-23.39.30:098][  0]LogTemp: Display: Module 'AllDesktopTargetPlatform' loaded TargetPlatform 'AllDesktop'
[2019.12.11-23.39.30:108][  0]LogTemp: Display: Module 'MacClientTargetPlatform' loaded TargetPlatform 'MacClient'
[2019.12.11-23.39.30:118][  0]LogTemp: Display: Module 'MacNoEditorTargetPlatform' loaded TargetPlatform 'MacNoEditor'
[2019.12.11-23.39.30:128][  0]LogTemp: Display: Module 'MacServerTargetPlatform' loaded TargetPlatform 'MacServer'
[2019.12.11-23.39.30:141][  0]LogTemp: Display: Module 'MacTargetPlatform' loaded TargetPlatform 'Mac'
[2019.12.11-23.39.30:154][  0]LogTemp: Display: Module 'WindowsClientTargetPlatform' loaded TargetPlatform 'WindowsClient'
[2019.12.11-23.39.30:165][  0]LogTemp: Display: Module 'WindowsNoEditorTargetPlatform' loaded TargetPlatform 'WindowsNoEditor'
[2019.12.11-23.39.30:177][  0]LogTemp: Display: Module 'WindowsServerTargetPlatform' loaded TargetPlatform 'WindowsServer'
[2019.12.11-23.39.30:183][  0]LogTemp: Display: Module 'WindowsTargetPlatform' loaded TargetPlatform 'Windows'
[2019.12.11-23.39.30:217][  0]LogTemp: Display: Module 'AndroidTargetPlatform' loaded TargetPlatform 'Android'
[2019.12.11-23.39.30:217][  0]LogTemp: Display: Module 'AndroidTargetPlatform' loaded TargetPlatform 'Android_ASTC'
[2019.12.11-23.39.30:217][  0]LogTemp: Display: Module 'AndroidTargetPlatform' loaded TargetPlatform 'Android_ATC'
[2019.12.11-23.39.30:217][  0]LogTemp: Display: Module 'AndroidTargetPlatform' loaded TargetPlatform 'Android_DXT'
[2019.12.11-23.39.30:217][  0]LogTemp: Display: Module 'AndroidTargetPlatform' loaded TargetPlatform 'Android_ETC1'
[2019.12.11-23.39.30:217][  0]LogTemp: Display: Module 'AndroidTargetPlatform' loaded TargetPlatform 'Android_ETC1a'
[2019.12.11-23.39.30:217][  0]LogTemp: Display: Module 'AndroidTargetPlatform' loaded TargetPlatform 'Android_ETC2'
[2019.12.11-23.39.30:217][  0]LogTemp: Display: Module 'AndroidTargetPlatform' loaded TargetPlatform 'Android_PVRTC'
[2019.12.11-23.39.30:217][  0]LogTemp: Display: Module 'AndroidTargetPlatform' loaded TargetPlatform 'AndroidClient'
[2019.12.11-23.39.30:217][  0]LogTemp: Display: Module 'AndroidTargetPlatform' loaded TargetPlatform 'Android_ASTCClient'
[2019.12.11-23.39.30:217][  0]LogTemp: Display: Module 'AndroidTargetPlatform' loaded TargetPlatform 'Android_ATCClient'
[2019.12.11-23.39.30:217][  0]LogTemp: Display: Module 'AndroidTargetPlatform' loaded TargetPlatform 'Android_DXTClient'
[2019.12.11-23.39.30:217][  0]LogTemp: Display: Module 'AndroidTargetPlatform' loaded TargetPlatform 'Android_ETC1Client'
[2019.12.11-23.39.30:217][  0]LogTemp: Display: Module 'AndroidTargetPlatform' loaded TargetPlatform 'Android_ETC1aClient'
[2019.12.11-23.39.30:217][  0]LogTemp: Display: Module 'AndroidTargetPlatform' loaded TargetPlatform 'Android_ETC2Client'
[2019.12.11-23.39.30:217][  0]LogTemp: Display: Module 'AndroidTargetPlatform' loaded TargetPlatform 'Android_PVRTCClient'
[2019.12.11-23.39.30:217][  0]LogTemp: Display: Module 'AndroidTargetPlatform' loaded TargetPlatform 'Android_Multi'
[2019.12.11-23.39.30:217][  0]LogTemp: Display: Module 'AndroidTargetPlatform' loaded TargetPlatform 'Android_MultiClient'
[2019.12.11-23.39.30:219][  0]LogTemp: Display: Module 'HTML5TargetPlatform' loaded TargetPlatform 'HTML5'
[2019.12.11-23.39.30:236][  0]LogTemp: Display: Module 'IOSTargetPlatform' loaded TargetPlatform 'IOSClient'
[2019.12.11-23.39.30:237][  0]LogTemp: Display: Module 'IOSTargetPlatform' loaded TargetPlatform 'IOS'
[2019.12.11-23.39.30:250][  0]LogTemp: Display: Module 'TVOSTargetPlatform' loaded TargetPlatform 'TVOSClient'
[2019.12.11-23.39.30:250][  0]LogTemp: Display: Module 'TVOSTargetPlatform' loaded TargetPlatform 'TVOS'
[2019.12.11-23.39.30:258][  0]LogTemp: Display: Module 'LinuxClientTargetPlatform' loaded TargetPlatform 'LinuxClient'
[2019.12.11-23.39.30:265][  0]LogTemp: Display: Module 'LinuxNoEditorTargetPlatform' loaded TargetPlatform 'LinuxNoEditor'
[2019.12.11-23.39.30:272][  0]LogTemp: Display: Module 'LinuxServerTargetPlatform' loaded TargetPlatform 'LinuxServer'
[2019.12.11-23.39.30:282][  0]LogTemp: Display: Module 'LinuxTargetPlatform' loaded TargetPlatform 'Linux'
[2019.12.11-23.39.30:307][  0]LogTemp: Display: Module 'LuminTargetPlatform' loaded TargetPlatform 'Lumin'
[2019.12.11-23.39.30:307][  0]LogTemp: Display: Module 'LuminTargetPlatform' loaded TargetPlatform 'LuminClient'
[2019.12.11-23.39.30:308][  0]LogTargetPlatformManager: Display: Building Assets For Windows
[2019.12.11-23.39.30:319][  0]LogAudioDebug: Display: Lib vorbis DLL was dynamically loaded.
[2019.12.11-23.39.30:382][  0]LogShaderCompilers: Guid format shader working directory is -7 characters bigger than the processId version (../../../../../../Repo/FinalPractice/UFinalPractice/Intermediate/Shaders/WorkingDirectory/15312/).
[2019.12.11-23.39.30:382][  0]LogShaderCompilers: Cleaned the shader compiler working directory 'C:/Users/dani/AppData/Local/Temp/UnrealShaderWorkingDir/35E00B504E3B72978026F69D87605CDF/'.
[2019.12.11-23.39.30:385][  0]LogXGEController: Cannot use XGE Controller as Incredibuild is not installed on this machine.
[2019.12.11-23.39.30:385][  0]LogShaderCompilers: Cannot use XGE Shader Compiler as Incredibuild is not installed on this machine.
[2019.12.11-23.39.30:385][  0]LogShaderCompilers: Display: Using Local Shader Compiler.
[2019.12.11-23.39.30:963][  0]LogDerivedDataCache: Display: Max Cache Size: 512 MB
[2019.12.11-23.39.31:000][  0]LogDerivedDataCache: Loaded boot cache 0.04s 77MB C:/Users/dani/AppData/Local/UnrealEngine/4.23/DerivedDataCache/Boot.ddc.
[2019.12.11-23.39.31:000][  0]LogDerivedDataCache: Display: Loaded Boot cache: C:/Users/dani/AppData/Local/UnrealEngine/4.23/DerivedDataCache/Boot.ddc
[2019.12.11-23.39.31:001][  0]LogDerivedDataCache: FDerivedDataBackendGraph:  Pak pak cache file ../../../../../../Repo/FinalPractice/UFinalPractice/DerivedDataCache/DDC.ddp not found, will not use a pak cache.
[2019.12.11-23.39.31:001][  0]LogDerivedDataCache: Unable to find inner node Pak for hierarchical cache Hierarchy.
[2019.12.11-23.39.31:001][  0]LogDerivedDataCache: FDerivedDataBackendGraph:  CompressedPak pak cache file ../../../../../../Repo/FinalPractice/UFinalPractice/DerivedDataCache/Compressed.ddp not found, will not use a pak cache.
[2019.12.11-23.39.31:001][  0]LogDerivedDataCache: Unable to find inner node CompressedPak for hierarchical cache Hierarchy.
[2019.12.11-23.39.31:011][  0]LogDerivedDataCache: Display: Pak cache opened for reading ../../../Engine/DerivedDataCache/Compressed.ddp.
[2019.12.11-23.39.31:013][  0]LogDerivedDataCache: Display: Pak cache opened for reading ../../../Enterprise/DerivedDataCache/Compressed.ddp.
[2019.12.11-23.39.31:014][  0]LogDerivedDataCache: Using Local data cache path C:/Users/dani/AppData/Local/UnrealEngine/Common/DerivedDataCache: Writable
[2019.12.11-23.39.31:014][  0]LogDerivedDataCache: Shared data cache path not found in *engine.ini, will not use an Shared cache.
[2019.12.11-23.39.31:014][  0]LogDerivedDataCache: Unable to find inner node Shared for hierarchical cache Hierarchy.
[2019.12.11-23.39.31:034][  0]LogMaterial: Verifying Global Shaders for PCD3D_SM5
[2019.12.11-23.39.31:037][  0]LogSlate: Using FreeType 2.6.0
[2019.12.11-23.39.31:038][  0]LogSlate: SlateFontServices - WITH_FREETYPE: 1, WITH_HARFBUZZ: 1
[2019.12.11-23.39.31:088][  0]LogAssetRegistry: FAssetRegistry took 0.0020 seconds to start up
[2019.12.11-23.39.31:333][  0]LogInit: Selected Device Profile: [Windows]
[2019.12.11-23.39.31:471][  0]LogMeshReduction: Using QuadricMeshReduction for automatic static mesh reduction
[2019.12.11-23.39.31:471][  0]LogMeshReduction: Using SimplygonMeshReduction for automatic skeletal mesh reduction
[2019.12.11-23.39.31:471][  0]LogMeshReduction: Using ProxyLODMeshReduction for automatic mesh merging
[2019.12.11-23.39.31:471][  0]LogMeshReduction: No distributed automatic mesh merging module available
[2019.12.11-23.39.31:471][  0]LogMeshMerging: No distributed automatic mesh merging module available
[2019.12.11-23.39.31:481][  0]LogNetVersion: UFinalPractice 1.0.0, NetCL: 8386587, EngineNetVer: 11, GameNetVer: 0 (Checksum: 687986185)
[2019.12.11-23.39.31:873][  0]LogPackageLocalizationCache: Processed 18 localized package path(s) for 1 prioritized culture(s) in 0.065460 seconds
[2019.12.11-23.39.31:883][  0]LogUObjectArray: 43444 objects as part of root set at end of initial load.
[2019.12.11-23.39.31:883][  0]LogUObjectAllocator: 7548648 out of 0 bytes used by permanent object pool.
[2019.12.11-23.39.31:883][  0]LogUObjectArray: CloseDisregardForGC: 0/0 objects in disregard for GC pool
[2019.12.11-23.39.32:663][  0]LogTcpMessaging: Initializing TcpMessaging bridge
[2019.12.11-23.39.32:699][  0]LogUdpMessaging: Initializing bridge on interface 0.0.0.0:0 to multicast group 230.0.0.1:6666.
[2019.12.11-23.39.32:927][  0]SourceControl: Source control is disabled
[2019.12.11-23.39.32:927][  0]SourceControl: Source control is disabled
[2019.12.11-23.39.32:928][  0]SourceControl: Source control is disabled
[2019.12.11-23.39.32:929][  0]SourceControl: Source control is disabled
[2019.12.11-23.39.33:084][  0]LogAndroidPermission: UAndroidPermissionCallbackProxy::GetInstance
[2019.12.11-23.39.33:183][  0]LogOcInput: OculusInput pre-init called
[2019.12.11-23.39.33:190][  0]LogWindows: Failed to load 'OVRPlugin.dll' (GetLastError=126)
[2019.12.11-23.39.33:190][  0]LogWindows: File 'OVRPlugin.dll' does not exist
[2019.12.11-23.39.35:924][  0]LogEngine: Initializing Engine...
[2019.12.11-23.39.35:924][  0]LogHMD: Failed to initialize OpenVR with code 110
[2019.12.11-23.39.35:925][  0]LogStats: UGameplayTagsManager::InitializeManager -  0.000 s
[2019.12.11-23.39.36:118][  0]LogInit: Initializing FReadOnlyCVARCache
[2019.12.11-23.39.36:132][  0]LogAIModule: Creating AISystem for world Untitled
[2019.12.11-23.39.36:156][  0]LogInit: XAudio2 using 'Headphones (2- HD 4.50BTNC Stereo)' : 2 channels at 44.1 kHz using 16 bits per sample (channel mask 0x3)
[2019.12.11-23.39.36:171][  0]LogInit: FAudioDevice initialized.
[2019.12.11-23.39.36:171][  0]LogNetVersion: Set ProjectVersion to 1.0.0.0. Version Checksum will be recalculated on next use.
[2019.12.11-23.39.36:227][  0]LogDerivedDataCache: Saved boot cache 0.06s 77MB C:/Users/dani/AppData/Local/UnrealEngine/4.23/DerivedDataCache/Boot.ddc.
[2019.12.11-23.39.36:233][  0]LogInit: Texture streaming: Enabled
[2019.12.11-23.39.36:253][  0]LogEngineSessionManager: EngineSessionManager initialized
[2019.12.11-23.39.36:253][  0]LogEditorSessionSummary: Verbose: Initializing EditorSessionSummaryWriter for editor session tracking
[2019.12.11-23.39.36:254][  0]LogEditorSessionSummary: EditorSessionSummaryWriter initialized
[2019.12.11-23.39.36:282][  0]LogInit: Transaction tracking system initialized
[2019.12.11-23.39.36:316][  0]BlueprintLog: New page: Editor Load
[2019.12.11-23.39.36:424][  0]LocalizationService: Localization service is disabled
[2019.12.11-23.39.36:683][  0]LogFileCache: Scanning file cache for directory 'C:/Repo/FinalPractice/UFinalPractice/Content/' took 0.00s
[2019.12.11-23.39.36:683][  0]LogCook: Display: Max memory allowance for cook 16384mb min free memory 0mb
[2019.12.11-23.39.36:683][  0]LogCook: Display: Mobile HDR setting 1
[2019.12.11-23.39.38:039][  0]SourceControl: Source control is disabled
[2019.12.11-23.39.38:039][  0]Cmd: MAP LOAD FILE="../../../../../../Repo/FinalPractice/UFinalPractice/Content/FirstPersonCPP/Maps/FirstPersonExampleMap.umap" TEMPLATE=0 SHOWPROGRESS=1 FEATURELEVEL=3
[2019.12.11-23.39.38:039][  0]LightingResults: New page: Lighting Build
[2019.12.11-23.39.38:042][  0]LogWorld: UWorld::CleanupWorld for Untitled, bSessionEnded=true, bCleanupResources=true
[2019.12.11-23.39.38:042][  0]MapCheck: New page: Map Check
[2019.12.11-23.39.38:042][  0]LightingResults: New page: Lighting Build
[2019.12.11-23.39.38:077][  0]LogUObjectHash: Compacting FUObjectHashTables data took   2.00ms
[2019.12.11-23.39.38:151][  0]LogAIModule: Creating AISystem for world FirstPersonExampleMap
[2019.12.11-23.39.38:174][  0]LogEditorServer: Finished looking for orphan Actors (0.000 secs)
[2019.12.11-23.39.38:209][  0]LogUObjectHash: Compacting FUObjectHashTables data took   1.95ms
[2019.12.11-23.39.38:209][  0]Cmd: MAP CHECKDEP NOCLEARLOG
[2019.12.11-23.39.38:209][  0]MapCheck: Map check complete: 0 Error(s), 0 Warning(s), took 0.16ms to complete.
[2019.12.11-23.39.38:209][  0]LogFileHelpers: Loading map 'FirstPersonExampleMap' took 0.170
[2019.12.11-23.39.38:316][  0]LogSlate: Updating window title bar state: overlay mode, drag disabled, window buttons hidden, title bar hidden
[2019.12.11-23.39.38:322][  0]LogSlate: Updating window title bar state: overlay mode, drag disabled, window buttons hidden, title bar hidden
[2019.12.11-23.39.38:328][  0]LogSlate: Updating window title bar state: overlay mode, drag disabled, window buttons hidden, title bar hidden
[2019.12.11-23.39.38:333][  0]LogSlate: Updating window title bar state: overlay mode, drag disabled, window buttons hidden, title bar hidden
[2019.12.11-23.39.38:339][  0]LogCollectionManager: Loaded 0 collections in 0.001699 seconds
[2019.12.11-23.39.38:346][  0]LogFileCache: Scanning file cache for directory 'C:/Repo/FinalPractice/UFinalPractice/Saved/Collections/' took 0.00s
[2019.12.11-23.39.38:346][  0]LogFileCache: Scanning file cache for directory 'C:/Repo/FinalPractice/UFinalPractice/Content/Developers/dani/Collections/' took 0.00s
[2019.12.11-23.39.38:346][  0]LogFileCache: Scanning file cache for directory 'C:/Repo/FinalPractice/UFinalPractice/Content/Collections/' took 0.00s
[2019.12.11-23.39.38:346][  0]LogCollectionManager: Rebuilt the GUID cache for 0 collections in 0.000001 seconds
[2019.12.11-23.39.38:355][  0]LogContentBrowser: Native class hierarchy populated in 0.0089 seconds. Added 3049 classes and 767 folders.
[2019.12.11-23.39.38:362][  0]LogContentBrowser: Native class hierarchy updated for 'WidgetCarousel' in 0.0003 seconds. Added 0 classes and 0 folders.
[2019.12.11-23.39.38:403][  0]LogContentBrowser: Native class hierarchy updated for 'AddContentDialog' in 0.0003 seconds. Added 0 classes and 0 folders.
[2019.12.11-23.39.38:478][  0]LogSlate: Took 0.000154 seconds to synchronously load lazily loaded font '../../../Engine/Content/Slate/Fonts/Roboto-Regular.ttf' (155K)
[2019.12.11-23.39.38:482][  0]LogSlate: Took 0.000175 seconds to synchronously load lazily loaded font '../../../Engine/Content/Slate/Fonts/Roboto-Bold.ttf' (160K)
[2019.12.11-23.39.38:484][  0]LogSlate: Took 0.000144 seconds to synchronously load lazily loaded font '../../../Engine/Content/Editor/Slate/Fonts/FontAwesome.ttf' (139K)
[2019.12.11-23.39.38:538][  0]LogRenderer: Reallocating scene render targets to support 1172x660 Format 10 NumSamples 1 (Frame:1).
[2019.12.11-23.39.38:608][  0]LogContentBrowser: Native class hierarchy updated for 'HierarchicalLODOutliner' in 0.0003 seconds. Added 0 classes and 0 folders.
[2019.12.11-23.39.38:608][  0]LogLoad: (Engine Initialization) Total time: 10.51 seconds
[2019.12.11-23.39.38:608][  0]LogLoad: (Engine Initialization) Total Blueprint compile time: 0.00 seconds
[2019.12.11-23.39.38:653][  0]LogAssetRegistry: Asset discovery search completed in 7.5671 seconds
[2019.12.11-23.39.38:656][  0]LogCollectionManager: Rebuilt the object cache for 0 collections in 0.000003 seconds (found 0 objects)
[2019.12.11-23.39.38:656][  0]LogCollectionManager: Fixed up redirectors for 0 collections in 0.000033 seconds (updated 0 objects)
[2019.12.11-23.39.38:658][  0]LogContentStreaming: Texture pool size now 1000 MB
[2019.12.11-23.39.38:675][  0]LogSlate: Took 0.000171 seconds to synchronously load lazily loaded font '../../../Engine/Content/Slate/Fonts/Roboto-Light.ttf' (167K)
[2019.12.11-23.39.42:529][454]LogSlate: FSceneViewport::OnFocusLost() reason 0
[2019.12.11-23.39.51:005][176]LogSlate: FSceneViewport::OnFocusLost() reason 0
[2019.12.11-23.40.16:243][848]LogSlate: Took 0.000157 seconds to synchronously load lazily loaded font '../../../Engine/Content/Slate/Fonts/Roboto-Light.ttf' (167K)
[2019.12.11-23.40.16:253][848]LogAssetEditorManager: Opening Asset editor for Class /Script/UFinalPractice.UFinalPracticeCharacter
[2019.12.11-23.40.38:912][907]LogEditorSessionSummary: EditorSessionSummary sent report. Type=Shutdown, SessionId={DF2B2C41-4BC7-4E79-2457-EB8627A7B9C5}
[2019.12.11-23.40.38:912][907]LogEditorSessionSummary: EditorSessionSummary sent report. Type=Shutdown, SessionId={DFD190B7-4402-B21E-E510-0789BF8FB625}
[2019.12.11-23.41.39:080][ 86]LogEditorSessionSummary: EditorSessionSummary sent report. Type=Shutdown, SessionId={D56C3F41-4DCF-33A4-9323-E19E292764D9}
[2019.12.11-23.42.06:524][378]LogSlate: Took 0.005399 seconds to synchronously load lazily loaded font '../../../Engine/Content/Slate/Fonts/Roboto-BoldCondensed.ttf' (158K)
[2019.12.11-23.48.39:406][277]LogEditorSessionSummary: EditorSessionSummary sent report. Type=Shutdown, SessionId={8457204B-4C27-759F-1719-ACBEF5EE3090}
[2019.12.12-00.28.39:338][779]Candidate modules for hot reload:
[2019.12.12-00.28.39:338][779]  UFinalPractice
[2019.12.12-00.28.39:338][779]Launching UnrealBuildTool... [C:/Program Files/Epic Games/UE_4.23/Engine/Binaries/DotNET/UnrealBuildTool.exe  -ModuleWithSuffix=UFinalPractice,6571 Win64 Development -TargetType=Editor -Project="C:/Repo/FinalPractice/UFinalPractice/UFinalPractice.uproject" "C:/Repo/FinalPractice/UFinalPractice/UFinalPractice.uproject"  -IgnoreJunk]
[2019.12.12-00.28.50:511][779]CompilerResultsLog: New page: Compilation - Dec 11, 2019, 2:28:50 PM
[2019.12.12-00.28.50:512][779]CompilerResultsLog: Using 'git status' to determine working set for adaptive non-unity build (C:\Repo\FinalPractice).
[2019.12.12-00.28.50:512][779]CompilerResultsLog: Creating makefile for UFinalPracticeEditor (.uproject file is newer)
[2019.12.12-00.28.50:512][779]CompilerResultsLog: Parsing headers for UFinalPracticeEditor
[2019.12.12-00.28.50:512][779]CompilerResultsLog:   Running UnrealHeaderTool "C:\Repo\FinalPractice\UFinalPractice\UFinalPractice.uproject" "C:\Repo\FinalPractice\UFinalPractice\Intermediate\Build\Win64\UFinalPracticeEditor\Development\UFinalPracticeEditor.uhtmanifest" -LogCmds="loginit warning, logexit warning, logdatabase error" -Unattended -WarningsAsErrors -installed
[2019.12.12-00.28.50:512][779]CompilerResultsLog: Reflection code generated for UFinalPracticeEditor in 5.7288725 seconds
[2019.12.12-00.28.50:512][779]CompilerResultsLog: Using Visual Studio 2019 14.23.28105 toolchain (C:\Program Files (x86)\Microsoft Visual Studio\2019\Community\VC\Tools\MSVC\14.23.28105) and Windows 10.0.18362.0 SDK (C:\Program Files (x86)\Windows Kits\10).
[2019.12.12-00.28.50:512][779]CompilerResultsLog: Building 15 actions with 16 processes...
[2019.12.12-00.28.50:512][779]CompilerResultsLog:   [1/15] UFinalPractice.init.gen.cpp
[2019.12.12-00.28.50:512][779]CompilerResultsLog:   [2/15] UFinalPractice.cpp
[2019.12.12-00.28.50:512][779]CompilerResultsLog:   [3/15] UFinalPracticeProjectile.cpp
[2019.12.12-00.28.50:512][779]CompilerResultsLog:   [4/15] UFinalPracticeHUD.gen.cpp
[2019.12.12-00.28.50:512][779]CompilerResultsLog:   [5/15] UFinalPracticeProjectile.gen.cpp
[2019.12.12-00.28.50:512][779]CompilerResultsLog:   [6/15] UFinalPracticeGameMode.gen.cpp
[2019.12.12-00.28.50:512][779]CompilerResultsLog:   [7/15] UFinalPracticeCharacter.gen.cpp
[2019.12.12-00.28.50:512][779]CompilerResultsLog:   [8/15] UFinalPracticeHUD.cpp
[2019.12.12-00.28.50:512][779]CompilerResultsLog:   [9/15] UFinalPracticeGameMode.cpp
[2019.12.12-00.28.50:512][779]CompilerResultsLog:   [10/15] UFinalPracticeCharacter.cpp
[2019.12.12-00.28.50:512][779]CompilerResultsLog:   [11/15] PlayerHpWidget.cpp
[2019.12.12-00.28.50:512][779]CompilerResultsLog:   [12/15] PlayerHpWidget.gen.cpp
[2019.12.12-00.28.50:512][779]CompilerResultsLog:   [13/15] UE4Editor-UFinalPractice-6571.lib
[2019.12.12-00.28.50:512][779]CompilerResultsLog:      Creating library C:\Repo\FinalPractice\UFinalPractice\Intermediate\Build\Win64\UE4Editor\Development\UFinalPractice\UE4Editor-UFinalPractice-6571.lib and object C:\Repo\FinalPractice\UFinalPractice\Intermediate\Build\Win64\UE4Editor\Development\UFinalPractice\UE4Editor-UFinalPractice-6571.exp
[2019.12.12-00.28.50:512][779]CompilerResultsLog:   [14/15] UE4Editor-UFinalPractice-6571.dll
[2019.12.12-00.28.50:512][779]CompilerResultsLog:      Creating library C:\Repo\FinalPractice\UFinalPractice\Intermediate\Build\Win64\UE4Editor\Development\UFinalPractice\UE4Editor-UFinalPractice-6571.suppressed.lib and object C:\Repo\FinalPractice\UFinalPractice\Intermediate\Build\Win64\UE4Editor\Development\UFinalPractice\UE4Editor-UFinalPractice-6571.suppressed.exp
[2019.12.12-00.28.50:512][779]CompilerResultsLog:   [15/15] UFinalPracticeEditor.target
[2019.12.12-00.28.50:512][779]CompilerResultsLog: Total time in Parallel executor: 3.53 seconds
[2019.12.12-00.28.50:512][779]CompilerResultsLog: Total execution time: 11.09 seconds
[2019.12.12-00.28.50:512][779]LogMainFrame: MainFrame: Module compiling took 11.184 seconds
[2019.12.12-00.28.50:553][779]LogUObjectHash: Compacting FUObjectHashTables data took   0.71ms
[2019.12.12-00.28.50:569][779]LogClass: Could not find existing class PlayerHpWidget in package /Script/UFinalPractice for HotReload, assuming new class
[2019.12.12-00.28.50:569][779]LogClass: Could not find existing class UFinalPracticeCharacter in package /Script/UFinalPractice for HotReload, assuming new class
[2019.12.12-00.28.50:579][779]LogHotReload: Re-instancing UFinalPracticeCharacter after hot-reload.
[2019.12.12-00.28.50:801][779]LogContentBrowser: Native class hierarchy updated for 'UFinalPractice' in 0.0004 seconds. Added 5 classes and 2 folders.
[2019.12.12-00.28.50:804][779]Display: HotReload successful (1 functions remapped  0 scriptstructs remapped)
[2019.12.12-00.28.50:878][779]LogUObjectHash: Compacting FUObjectHashTables data took   2.12ms
[2019.12.12-00.28.50:892][779]LogContentBrowser: Native class hierarchy populated in 0.0090 seconds. Added 3050 classes and 767 folders.
[2019.12.12-00.28.50:896][779]Display: HotReload took 11.6s.
[2019.12.12-00.28.50:899][779]Warning: HotReload operation took 11.6s.
[2019.12.12-00.28.51:142][779]LogSlate: Window 'Add C++ Class' being destroyed
[2019.12.12-00.28.51:148][779]LogHotReload: New module detected: UE4Editor-UFinalPractice-6571.dll
[2019.12.12-00.28.51:185][780]LogHotReload: Starting Hot-Reload from IDE
[2019.12.12-00.28.51:267][780]LogUObjectHash: Compacting FUObjectHashTables data took   0.64ms
[2019.12.12-00.28.51:270][780]LogContentBrowser: Native class hierarchy updated for 'UFinalPractice' in 0.0003 seconds. Added 5 classes and 2 folders.
[2019.12.12-00.28.51:273][780]Display: HotReload successful (0 functions remapped  0 scriptstructs remapped)
[2019.12.12-00.28.51:306][780]LogUObjectHash: Compacting FUObjectHashTables data took   0.63ms
[2019.12.12-00.28.51:319][780]LogContentBrowser: Native class hierarchy populated in 0.0089 seconds. Added 3050 classes and 767 folders.
[2019.12.12-00.28.51:326][780]Display: HotReload took  0.1s.
[2019.12.12-00.36.07:602][341]LogHotReload: New module detected: UE4Editor-UFinalPractice-0002.dll
[2019.12.12-00.36.08:287][344]LogHotReload: Starting Hot-Reload from IDE
[2019.12.12-00.36.08:337][344]LogUObjectHash: Compacting FUObjectHashTables data took   0.70ms
[2019.12.12-00.36.08:352][344]LogClass: Could not find existing class PlayerHpWidget in package /Script/UFinalPractice for HotReload, assuming new class
[2019.12.12-00.36.08:352][344]LogClass: Could not find existing class UFinalPracticeCharacter in package /Script/UFinalPractice for HotReload, assuming new class
[2019.12.12-00.36.08:358][344]LogHotReload: Re-instancing PlayerHpWidget after hot-reload.
[2019.12.12-00.36.08:458][344]LogHotReload: Re-instancing UFinalPracticeCharacter after hot-reload.
[2019.12.12-00.36.08:665][344]LogContentBrowser: Native class hierarchy updated for 'UFinalPractice' in 0.0004 seconds. Added 5 classes and 2 folders.
[2019.12.12-00.36.08:668][344]Display: HotReload successful (1 functions remapped  0 scriptstructs remapped)
[2019.12.12-00.36.08:729][344]LogUObjectHash: Compacting FUObjectHashTables data took   1.75ms
[2019.12.12-00.36.08:742][344]LogContentBrowser: Native class hierarchy populated in 0.0089 seconds. Added 3050 classes and 767 folders.
[2019.12.12-00.36.08:751][344]Display: HotReload took  0.5s.
[2019.12.12-00.36.16:933][488]Candidate modules for hot reload:
[2019.12.12-00.36.16:933][488]  UFinalPractice
[2019.12.12-00.36.16:933][488]Launching UnrealBuildTool... [C:/Program Files/Epic Games/UE_4.23/Engine/Binaries/DotNET/UnrealBuildTool.exe  -ModuleWithSuffix=UFinalPractice,5942 Win64 Development -TargetType=Editor -Project="C:/Repo/FinalPractice/UFinalPractice/UFinalPractice.uproject" "C:/Repo/FinalPractice/UFinalPractice/UFinalPractice.uproject"  -IgnoreJunk]
[2019.12.12-00.36.16:935][488]Warning: Starting HotReload took  0.0s.
[2019.12.12-00.36.24:421][367]CompilerResultsLog: New page: Compilation - Dec 11, 2019, 2:36:24 PM
[2019.12.12-00.36.24:421][367]CompilerResultsLog: Using 'git status' to determine working set for adaptive non-unity build (C:\Repo\FinalPractice).
[2019.12.12-00.36.24:421][367]CompilerResultsLog: Parsing headers for UFinalPracticeEditor
[2019.12.12-00.36.24:421][367]CompilerResultsLog:   Running UnrealHeaderTool "C:\Repo\FinalPractice\UFinalPractice\UFinalPractice.uproject" "C:\Repo\FinalPractice\UFinalPractice\Intermediate\Build\Win64\UFinalPracticeEditor\Development\UFinalPracticeEditor.uhtmanifest" -LogCmds="loginit warning, logexit warning, logdatabase error" -Unattended -WarningsAsErrors -installed
[2019.12.12-00.36.24:421][367]CompilerResultsLog: Reflection code generated for UFinalPracticeEditor in 5.7337998 seconds
[2019.12.12-00.36.24:421][367]CompilerResultsLog: Using Visual Studio 2019 14.23.28105 toolchain (C:\Program Files (x86)\Microsoft Visual Studio\2019\Community\VC\Tools\MSVC\14.23.28105) and Windows 10.0.18362.0 SDK (C:\Program Files (x86)\Windows Kits\10).
[2019.12.12-00.36.24:421][367]CompilerResultsLog: Building 3 actions with 16 processes...
[2019.12.12-00.36.24:421][367]CompilerResultsLog:   [1/3] UE4Editor-UFinalPractice-5942.lib
[2019.12.12-00.36.24:421][367]CompilerResultsLog:      Creating library C:\Repo\FinalPractice\UFinalPractice\Intermediate\Build\Win64\UE4Editor\Development\UFinalPractice\UE4Editor-UFinalPractice-5942.lib and object C:\Repo\FinalPractice\UFinalPractice\Intermediate\Build\Win64\UE4Editor\Development\UFinalPractice\UE4Editor-UFinalPractice-5942.exp
[2019.12.12-00.36.24:421][367]CompilerResultsLog:   [2/3] UE4Editor-UFinalPractice-5942.dll
[2019.12.12-00.36.24:421][367]CompilerResultsLog:      Creating library C:\Repo\FinalPractice\UFinalPractice\Intermediate\Build\Win64\UE4Editor\Development\UFinalPractice\UE4Editor-UFinalPractice-5942.suppressed.lib and object C:\Repo\FinalPractice\UFinalPractice\Intermediate\Build\Win64\UE4Editor\Development\UFinalPractice\UE4Editor-UFinalPractice-5942.suppressed.exp
[2019.12.12-00.36.24:421][367]CompilerResultsLog:   [3/3] UFinalPracticeEditor.target
[2019.12.12-00.36.24:421][367]CompilerResultsLog: Total time in Parallel executor: 0.81 seconds
[2019.12.12-00.36.24:421][367]CompilerResultsLog: Total execution time: 7.39 seconds
[2019.12.12-00.36.24:421][367]LogMainFrame: MainFrame: Module compiling took 7.496 seconds
[2019.12.12-00.36.24:454][367]LogUObjectHash: Compacting FUObjectHashTables data took   0.66ms
[2019.12.12-00.36.24:479][367]LogContentBrowser: Native class hierarchy updated for 'UFinalPractice' in 0.0004 seconds. Added 5 classes and 2 folders.
[2019.12.12-00.36.24:482][367]Display: HotReload successful (1 functions remapped  0 scriptstructs remapped)
[2019.12.12-00.36.24:541][367]LogUObjectHash: Compacting FUObjectHashTables data took   1.27ms
[2019.12.12-00.36.24:554][367]LogContentBrowser: Native class hierarchy populated in 0.0088 seconds. Added 3050 classes and 767 folders.
[2019.12.12-00.36.24:554][367]Display: HotReload took  7.6s.
[2019.12.12-00.36.26:029][544]LogTemp: Repeating last play command: Selected Viewport
[2019.12.12-00.36.26:045][544]LogBlueprintUserMessages: Early PlayInEditor Detection: Level '/Game/FirstPersonCPP/Maps/FirstPersonExampleMap.FirstPersonExampleMap:PersistentLevel' has LevelScriptBlueprint '/Game/FirstPersonCPP/Maps/FirstPersonExampleMap.FirstPersonExampleMap:PersistentLevel.FirstPersonExampleMap' with GeneratedClass '/Game/FirstPersonCPP/Maps/FirstPersonExampleMap.FirstPersonExampleMap_C' with ClassGeneratedBy '/Game/FirstPersonCPP/Maps/FirstPersonExampleMap.FirstPersonExampleMap:PersistentLevel.FirstPersonExampleMap'
[2019.12.12-00.36.26:046][544]LogPlayLevel: PlayLevel: No blueprints needed recompiling
[2019.12.12-00.36.26:047][544]PIE: New page: PIE session: FirstPersonExampleMap (Dec 11, 2019, 2:36:26 PM)
[2019.12.12-00.36.26:048][544]LogOnline: OSS: Creating online subsystem instance for: NULL
[2019.12.12-00.36.26:052][544]LogPlayLevel: Creating play world package: /Game/FirstPersonCPP/Maps/UEDPIE_0_FirstPersonExampleMap
[2019.12.12-00.36.26:065][544]LogPlayLevel: PIE: StaticDuplicateObject took: (0.012752s)
[2019.12.12-00.36.26:067][544]LogAIModule: Creating AISystem for world FirstPersonExampleMap
[2019.12.12-00.36.26:067][544]LogPlayLevel: PIE: World Init took: (0.001851s)
[2019.12.12-00.36.26:067][544]LogPlayLevel: PIE: Created PIE world by copying editor world from /Game/FirstPersonCPP/Maps/FirstPersonExampleMap.FirstPersonExampleMap to /Game/FirstPersonCPP/Maps/UEDPIE_0_FirstPersonExampleMap.FirstPersonExampleMap (0.015054s)
[2019.12.12-00.36.26:102][544]LogUObjectHash: Compacting FUObjectHashTables data took   1.34ms
[2019.12.12-00.36.26:124][544]LogInit: XAudio2 using 'Headphones (2- HD 4.50BTNC Stereo)' : 2 channels at 44.1 kHz using 16 bits per sample (channel mask 0x3)
[2019.12.12-00.36.26:133][544]LogInit: FAudioDevice initialized.
[2019.12.12-00.36.26:144][544]LogLoad: Game class is 'UFinalPracticeGameMode'
[2019.12.12-00.36.26:148][544]LogWorld: Bringing World /Game/FirstPersonCPP/Maps/UEDPIE_0_FirstPersonExampleMap.FirstPersonExampleMap up for play (max tick rate 0) at 2019.12.11-19.36.26
[2019.12.12-00.36.26:149][544]LogWorld: Bringing up level for play took: 0.003710
[2019.12.12-00.36.26:150][544]LogOnline: OSS: Creating online subsystem instance for: :Context_1
[2019.12.12-00.36.26:188][544]LogContentBrowser: Native class hierarchy updated for 'MovieSceneCapture' in 0.0005 seconds. Added 20 classes and 0 folders.
[2019.12.12-00.36.26:191][544]PIE: Play in editor start time for /Game/FirstPersonCPP/Maps/UEDPIE_0_FirstPersonExampleMap 0.064
[2019.12.12-00.36.26:191][544]LogBlueprintUserMessages: Late PlayInEditor Detection: Level '/Game/FirstPersonCPP/Maps/FirstPersonExampleMap.FirstPersonExampleMap:PersistentLevel' has LevelScriptBlueprint '/Game/FirstPersonCPP/Maps/FirstPersonExampleMap.FirstPersonExampleMap:PersistentLevel.FirstPersonExampleMap' with GeneratedClass '/Game/FirstPersonCPP/Maps/FirstPersonExampleMap.FirstPersonExampleMap_C' with ClassGeneratedBy '/Game/FirstPersonCPP/Maps/FirstPersonExampleMap.FirstPersonExampleMap:PersistentLevel.FirstPersonExampleMap'
[2019.12.12-00.36.27:630][712]LogBlueprintUserMessages: Early EndPlayMap Detection: Level '/Game/FirstPersonCPP/Maps/FirstPersonExampleMap.FirstPersonExampleMap:PersistentLevel' has LevelScriptBlueprint '/Game/FirstPersonCPP/Maps/FirstPersonExampleMap.FirstPersonExampleMap:PersistentLevel.FirstPersonExampleMap' with GeneratedClass '/Game/FirstPersonCPP/Maps/FirstPersonExampleMap.FirstPersonExampleMap_C' with ClassGeneratedBy '/Game/FirstPersonCPP/Maps/FirstPersonExampleMap.FirstPersonExampleMap:PersistentLevel.FirstPersonExampleMap'
[2019.12.12-00.36.27:630][712]LogSlate: Updating window title bar state: overlay mode, drag disabled, window buttons hidden, title bar hidden
[2019.12.12-00.36.27:630][712]LogWorld: BeginTearingDown for /Game/FirstPersonCPP/Maps/UEDPIE_0_FirstPersonExampleMap
[2019.12.12-00.36.27:630][712]LogWorld: UWorld::CleanupWorld for FirstPersonExampleMap, bSessionEnded=true, bCleanupResources=true
[2019.12.12-00.36.27:638][712]LogPlayLevel: Display: Shutting down PIE online subsystems
[2019.12.12-00.36.27:638][712]LogBlueprintUserMessages: Late EndPlayMap Detection: Level '/Game/FirstPersonCPP/Maps/FirstPersonExampleMap.FirstPersonExampleMap:PersistentLevel' has LevelScriptBlueprint '/Game/FirstPersonCPP/Maps/FirstPersonExampleMap.FirstPersonExampleMap:PersistentLevel.FirstPersonExampleMap' with GeneratedClass '/Game/FirstPersonCPP/Maps/FirstPersonExampleMap.FirstPersonExampleMap_C' with ClassGeneratedBy '/Game/FirstPersonCPP/Maps/FirstPersonExampleMap.FirstPersonExampleMap:PersistentLevel.FirstPersonExampleMap'
[2019.12.12-00.36.27:673][712]LogSlate: Updating window title bar state: overlay mode, drag disabled, window buttons hidden, title bar hidden
[2019.12.12-00.36.27:675][712]LogUObjectHash: Compacting FUObjectHashTables data took   1.45ms
[2019.12.12-00.36.27:734][716]LogPlayLevel: Display: Destroying online subsystem :Context_1
[2019.12.12-00.41.42:507][845]LogSlate: FSceneViewport::OnFocusLost() reason 0
[2019.12.12-00.42.02:477][356]LogSlate: Window 'Pick Parent Class' being destroyed
[2019.12.12-00.42.12:854][587]Candidate modules for hot reload:
[2019.12.12-00.42.12:854][587]  UFinalPractice
[2019.12.12-00.42.12:854][587]Launching UnrealBuildTool... [C:/Program Files/Epic Games/UE_4.23/Engine/Binaries/DotNET/UnrealBuildTool.exe  -ModuleWithSuffix=UFinalPractice,3456 Win64 Development -TargetType=Editor -Project="C:/Repo/FinalPractice/UFinalPractice/UFinalPractice.uproject" "C:/Repo/FinalPractice/UFinalPractice/UFinalPractice.uproject"  -IgnoreJunk]
[2019.12.12-00.42.12:856][587]Warning: Starting HotReload took  0.0s.
[2019.12.12-00.42.23:265][992]CompilerResultsLog: New page: Compilation - Dec 11, 2019, 2:42:23 PM
[2019.12.12-00.42.23:265][992]CompilerResultsLog: Using 'git status' to determine working set for adaptive non-unity build (C:\Repo\FinalPractice).
[2019.12.12-00.42.23:265][992]CompilerResultsLog: Parsing headers for UFinalPracticeEditor
[2019.12.12-00.42.23:265][992]CompilerResultsLog:   Running UnrealHeaderTool "C:\Repo\FinalPractice\UFinalPractice\UFinalPractice.uproject" "C:\Repo\FinalPractice\UFinalPractice\Intermediate\Build\Win64\UFinalPracticeEditor\Development\UFinalPracticeEditor.uhtmanifest" -LogCmds="loginit warning, logexit warning, logdatabase error" -Unattended -WarningsAsErrors -installed
[2019.12.12-00.42.23:265][992]CompilerResultsLog: Reflection code generated for UFinalPracticeEditor in 5.6053331 seconds
[2019.12.12-00.42.23:265][992]CompilerResultsLog: Using Visual Studio 2019 14.23.28105 toolchain (C:\Program Files (x86)\Microsoft Visual Studio\2019\Community\VC\Tools\MSVC\14.23.28105) and Windows 10.0.18362.0 SDK (C:\Program Files (x86)\Windows Kits\10).
[2019.12.12-00.42.23:265][992]CompilerResultsLog: Building 9 actions with 16 processes...
[2019.12.12-00.42.23:265][992]CompilerResultsLog:   [1/9] UFinalPractice.init.gen.cpp
[2019.12.12-00.42.23:265][992]CompilerResultsLog:   [2/9] PlayerHpWidget.cpp
[2019.12.12-00.42.23:265][992]CompilerResultsLog:   [3/9] PlayerHpWidget.gen.cpp
[2019.12.12-00.42.23:265][992]CompilerResultsLog:   [4/9] UFinalPracticeCharacter.gen.cpp
[2019.12.12-00.42.23:265][992]CompilerResultsLog:   [5/9] UFinalPracticeGameMode.cpp
[2019.12.12-00.42.23:265][992]CompilerResultsLog:   [6/9] UFinalPracticeCharacter.cpp
[2019.12.12-00.42.23:265][992]CompilerResultsLog:    C:\Repo\FinalPractice\UFinalPractice\Source\UFinalPractice\UFinalPracticeCharacter.cpp(95) : error C4002: too many arguments for function-like macro invocation 'TEXT'
[2019.12.12-00.42.23:265][992]LogMainFrame: MainFrame: Module compiling took 10.419 seconds
[2019.12.12-00.42.23:265][992]Warning: HotReload failed, recompile failed
[2019.12.12-00.46.53:318][796]LogUObjectHash: Compacting FUObjectHashTables data took   1.69ms
[2019.12.12-00.46.53:318][796]LogFileHelpers: Editor autosave (incl. sublevels) for '/Game/FirstPersonCPP/Maps/FirstPersonExampleMap' took 0.034
[2019.12.12-00.46.53:322][796]OBJ SavePackage: Generating thumbnails for [0] asset(s) in package [/Game/FirstPersonCPP/Blueprints/BP_w] ([1] browsable assets)...
[2019.12.12-00.46.53:322][796]OBJ SavePackage: Finished generating thumbnails for package [/Game/FirstPersonCPP/Blueprints/BP_w]
[2019.12.12-00.46.53:341][796]LogSavePackage: Moving '../../../../../../Repo/FinalPractice/UFinalPractice/Saved/BP_w_Auto116C352E341C0B3D83CD3FC9766742710.tmp' to '../../../../../../Repo/FinalPractice/UFinalPractice/Saved/Autosaves/Game/FirstPersonCPP/Blueprints/BP_w_Auto1.uasset'
[2019.12.12-00.46.53:343][796]LogFileHelpers: Auto-saving content packages took 0.024
[2019.12.12-02.17.44:870][477]LogUObjectHash: Compacting FUObjectHashTables data took   1.81ms
[2019.12.12-02.17.44:870][477]LogMetaData: Removing '/Game/FirstPersonCPP/Blueprints/WBP_PlayerHp.SKEL_WBP_PlayerHp_C' ref from Metadata '/Game/FirstPersonCPP/Blueprints/BP_w.PackageMetaData'
[2019.12.12-02.17.44:870][477]LogMetaData: Removing '/Game/FirstPersonCPP/Blueprints/WBP_PlayerHp.WBP_PlayerHp_C' ref from Metadata '/Game/FirstPersonCPP/Blueprints/BP_w.PackageMetaData'
[2019.12.12-02.17.44:870][477]LogMetaData: Removing '/Game/FirstPersonCPP/Blueprints/WBP_PlayerHp.WBP_PlayerHp:EventGraph.K2Node_Event_0' ref from Metadata '/Game/FirstPersonCPP/Blueprints/BP_w.PackageMetaData'
[2019.12.12-02.17.44:870][477]LogMetaData: Removing '/Game/FirstPersonCPP/Blueprints/WBP_PlayerHp.WBP_PlayerHp:EventGraph.K2Node_Event_1' ref from Metadata '/Game/FirstPersonCPP/Blueprints/BP_w.PackageMetaData'
[2019.12.12-02.17.44:870][477]LogMetaData: Removing '/Game/FirstPersonCPP/Blueprints/WBP_PlayerHp.WBP_PlayerHp:EventGraph.K2Node_Event_2' ref from Metadata '/Game/FirstPersonCPP/Blueprints/BP_w.PackageMetaData'
[2019.12.12-02.17.44:898][477]Cmd: OBJ SAVEPACKAGE PACKAGE="/Game/FirstPersonCPP/Blueprints/WBP_PlayerHp" FILE="../../../../../../Repo/FinalPractice/UFinalPractice/Content/FirstPersonCPP/Blueprints/WBP_PlayerHp.uasset" SILENT=true
[2019.12.12-02.17.44:908][477]LogSavePackage: Moving '../../../../../../Repo/FinalPractice/UFinalPractice/Saved/WBP_PlayerHp27BA5202455E1FDFCA20FB96447695FB.tmp' to '../../../../../../Repo/FinalPractice/UFinalPractice/Content/FirstPersonCPP/Blueprints/WBP_PlayerHp.uasset'
[2019.12.12-02.17.45:042][477]LogUObjectHash: Compacting FUObjectHashTables data took   1.30ms
[2019.12.12-02.17.45:078][477]LogUObjectHash: Compacting FUObjectHashTables data took   1.54ms
[2019.12.12-02.17.45:109][477]LogUObjectHash: Compacting FUObjectHashTables data took   0.72ms
[2019.12.12-02.17.46:213][599]LogAssetEditorManager: Opening Asset editor for WidgetBlueprint /Game/FirstPersonCPP/Blueprints/WBP_PlayerHp.WBP_PlayerHp
[2019.12.12-02.17.46:863][599]LogContentBrowser: Native class hierarchy updated for 'BlueprintGraph' in 0.0006 seconds. Added 121 classes and 0 folders.
[2019.12.12-02.18.19:552][115]LogSlate: Window 'Color Picker' being destroyed
[2019.12.12-02.18.34:143][796]LogSlate: Window 'WBP_PlayerHp' being destroyed
[2019.12.12-02.18.35:056][899]BlueprintLog: New page: Compile WBP_PlayerHp
[2019.12.12-02.18.35:118][899]LogUObjectHash: Compacting FUObjectHashTables data took   4.79ms
[2019.12.12-02.18.35:688][955]Cmd: OBJ SAVEPACKAGE PACKAGE="/Game/FirstPersonCPP/Blueprints/WBP_PlayerHp" FILE="../../../../../../Repo/FinalPractice/UFinalPractice/Content/FirstPersonCPP/Blueprints/WBP_PlayerHp.uasset" SILENT=true
[2019.12.12-02.18.35:704][955]LogSavePackage: Moving '../../../../../../Repo/FinalPractice/UFinalPractice/Saved/WBP_PlayerHp3D4F840E45FB1C0158DAB2A9F73181AF.tmp' to '../../../../../../Repo/FinalPractice/UFinalPractice/Content/FirstPersonCPP/Blueprints/WBP_PlayerHp.uasset'
[2019.12.12-02.19.20:511][112]LogAudio: Warning: Current Audio Device with ID {0.0.0.00000000}.{85baa6f6-5fcf-4db8-b4a1-17d3ddcd9716} was removed. Shutting down audio device.
[2019.12.12-02.19.20:511][112]LogInit: XAudio2 using 'Speakers (2- High Definition Audio Device)' : 2 channels at 48 kHz using 16 bits per sample (channel mask 0x3)
[2019.12.12-02.19.20:842][113]LogInit: XAudio2 using 'Speakers (2- High Definition Audio Device)' : 2 channels at 48 kHz using 16 bits per sample (channel mask 0x3)
[2019.12.12-02.19.58:623][497]Candidate modules for hot reload:
[2019.12.12-02.19.58:623][497]  UFinalPractice
[2019.12.12-02.19.58:623][497]Launching UnrealBuildTool... [C:/Program Files/Epic Games/UE_4.23/Engine/Binaries/DotNET/UnrealBuildTool.exe  -ModuleWithSuffix=UFinalPractice,5341 Win64 Development -TargetType=Editor -Project="C:/Repo/FinalPractice/UFinalPractice/UFinalPractice.uproject" "C:/Repo/FinalPractice/UFinalPractice/UFinalPractice.uproject"  -IgnoreJunk]
[2019.12.12-02.19.58:627][497]Warning: Starting HotReload took  0.0s.
[2019.12.12-02.20.23:004][296]CompilerResultsLog: New page: Compilation - Dec 11, 2019, 4:20:23 PM
[2019.12.12-02.20.23:004][296]CompilerResultsLog: Using 'git status' to determine working set for adaptive non-unity build (C:\Repo\FinalPractice).
[2019.12.12-02.20.23:004][296]CompilerResultsLog: Parsing headers for UFinalPracticeEditor
[2019.12.12-02.20.23:004][296]CompilerResultsLog:   Running UnrealHeaderTool "C:\Repo\FinalPractice\UFinalPractice\UFinalPractice.uproject" "C:\Repo\FinalPractice\UFinalPractice\Intermediate\Build\Win64\UFinalPracticeEditor\Development\UFinalPracticeEditor.uhtmanifest" -LogCmds="loginit warning, logexit warning, logdatabase error" -Unattended -WarningsAsErrors -installed
[2019.12.12-02.20.23:004][296]CompilerResultsLog: Reflection code generated for UFinalPracticeEditor in 18.1424431 seconds
[2019.12.12-02.20.23:004][296]CompilerResultsLog: Using Visual Studio 2019 14.23.28105 toolchain (C:\Program Files (x86)\Microsoft Visual Studio\2019\Community\VC\Tools\MSVC\14.23.28105) and Windows 10.0.18362.0 SDK (C:\Program Files (x86)\Windows Kits\10).
[2019.12.12-02.20.23:004][296]CompilerResultsLog: Building 9 actions with 16 processes...
[2019.12.12-02.20.23:004][296]CompilerResultsLog:   [1/9] UFinalPractice.init.gen.cpp
[2019.12.12-02.20.23:004][296]CompilerResultsLog:   [2/9] PlayerHpWidget.cpp
[2019.12.12-02.20.23:004][296]CompilerResultsLog:   [3/9] PlayerHpWidget.gen.cpp
[2019.12.12-02.20.23:004][296]CompilerResultsLog:   [4/9] UFinalPracticeCharacter.gen.cpp
[2019.12.12-02.20.23:004][296]CompilerResultsLog:   [5/9] UFinalPracticeGameMode.cpp
[2019.12.12-02.20.23:004][296]CompilerResultsLog:   [6/9] UFinalPracticeCharacter.cpp
[2019.12.12-02.20.23:004][296]CompilerResultsLog:    C:\Repo\FinalPractice\UFinalPractice\Source\UFinalPractice\UFinalPracticeCharacter.cpp(95) : error C4002: too many arguments for function-like macro invocation 'TEXT'
[2019.12.12-02.20.23:004][296]LogMainFrame: MainFrame: Module compiling took 24.390 seconds
[2019.12.12-02.20.23:004][296]Warning: HotReload failed, recompile failed
[2019.12.12-02.20.45:691][650]LogSlate: Window 'Message Log' being destroyed
[2019.12.12-02.20.45:697][650]LogSlate: Window 'Message Log' being destroyed
[2019.12.12-02.20.46:371][722]Candidate modules for hot reload:
[2019.12.12-02.20.46:372][722]  UFinalPractice
[2019.12.12-02.20.46:372][722]Launching UnrealBuildTool... [C:/Program Files/Epic Games/UE_4.23/Engine/Binaries/DotNET/UnrealBuildTool.exe  -ModuleWithSuffix=UFinalPractice,2927 Win64 Development -TargetType=Editor -Project="C:/Repo/FinalPractice/UFinalPractice/UFinalPractice.uproject" "C:/Repo/FinalPractice/UFinalPractice/UFinalPractice.uproject"  -IgnoreJunk]
[2019.12.12-02.20.46:374][722]Warning: Starting HotReload took  0.0s.
[2019.12.12-02.20.56:185][626]CompilerResultsLog: New page: Compilation - Dec 11, 2019, 4:20:56 PM
[2019.12.12-02.20.56:185][626]CompilerResultsLog: Using 'git status' to determine working set for adaptive non-unity build (C:\Repo\FinalPractice).
[2019.12.12-02.20.56:185][626]CompilerResultsLog: Parsing headers for UFinalPracticeEditor
[2019.12.12-02.20.56:186][626]CompilerResultsLog:   Running UnrealHeaderTool "C:\Repo\FinalPractice\UFinalPractice\UFinalPractice.uproject" "C:\Repo\FinalPractice\UFinalPractice\Intermediate\Build\Win64\UFinalPracticeEditor\Development\UFinalPracticeEditor.uhtmanifest" -LogCmds="loginit warning, logexit warning, logdatabase error" -Unattended -WarningsAsErrors -installed
[2019.12.12-02.20.56:186][626]CompilerResultsLog: Reflection code generated for UFinalPracticeEditor in 5.7131716 seconds
[2019.12.12-02.20.56:186][626]CompilerResultsLog: Using Visual Studio 2019 14.23.28105 toolchain (C:\Program Files (x86)\Microsoft Visual Studio\2019\Community\VC\Tools\MSVC\14.23.28105) and Windows 10.0.18362.0 SDK (C:\Program Files (x86)\Windows Kits\10).
[2019.12.12-02.20.56:186][626]CompilerResultsLog: Building 4 actions with 16 processes...
[2019.12.12-02.20.56:186][626]CompilerResultsLog:   [1/4] UFinalPracticeCharacter.cpp
[2019.12.12-02.20.56:186][626]CompilerResultsLog:    C:\Repo\FinalPractice\UFinalPractice\Source\UFinalPractice\UFinalPracticeCharacter.cpp(95) : error C4800: Implicit conversion from 'UClass *' to bool. Possible information loss
[2019.12.12-02.20.56:186][626]CompilerResultsLog:   C:\Repo\FinalPractice\UFinalPractice\Source\UFinalPractice\UFinalPracticeCharacter.cpp(95): note: consider using explicit cast or comparison to nullptr to avoid this warning
[2019.12.12-02.20.56:186][626]LogMainFrame: MainFrame: Module compiling took 9.824 seconds
[2019.12.12-02.20.56:186][626]Warning: HotReload failed, recompile failed
[2019.12.12-02.23.33:702][822]LogSlate: Window 'Message Log' being destroyed
[2019.12.12-02.23.33:709][822]LogSlate: Window 'Message Log' being destroyed
[2019.12.12-02.23.34:566][917]Candidate modules for hot reload:
[2019.12.12-02.23.34:566][917]  UFinalPractice
[2019.12.12-02.23.34:566][917]Launching UnrealBuildTool... [C:/Program Files/Epic Games/UE_4.23/Engine/Binaries/DotNET/UnrealBuildTool.exe  -ModuleWithSuffix=UFinalPractice,4324 Win64 Development -TargetType=Editor -Project="C:/Repo/FinalPractice/UFinalPractice/UFinalPractice.uproject" "C:/Repo/FinalPractice/UFinalPractice/UFinalPractice.uproject"  -IgnoreJunk]
[2019.12.12-02.23.34:568][917]Warning: Starting HotReload took  0.0s.
[2019.12.12-02.23.45:435][194]CompilerResultsLog: New page: Compilation - Dec 11, 2019, 4:23:45 PM
[2019.12.12-02.23.45:435][194]CompilerResultsLog: Using 'git status' to determine working set for adaptive non-unity build (C:\Repo\FinalPractice).
[2019.12.12-02.23.45:435][194]CompilerResultsLog: Parsing headers for UFinalPracticeEditor
[2019.12.12-02.23.45:435][194]CompilerResultsLog:   Running UnrealHeaderTool "C:\Repo\FinalPractice\UFinalPractice\UFinalPractice.uproject" "C:\Repo\FinalPractice\UFinalPractice\Intermediate\Build\Win64\UFinalPracticeEditor\Development\UFinalPracticeEditor.uhtmanifest" -LogCmds="loginit warning, logexit warning, logdatabase error" -Unattended -WarningsAsErrors -installed
[2019.12.12-02.23.45:435][194]CompilerResultsLog: Reflection code generated for UFinalPracticeEditor in 5.737025 seconds
[2019.12.12-02.23.45:435][194]CompilerResultsLog: Using Visual Studio 2019 14.23.28105 toolchain (C:\Program Files (x86)\Microsoft Visual Studio\2019\Community\VC\Tools\MSVC\14.23.28105) and Windows 10.0.18362.0 SDK (C:\Program Files (x86)\Windows Kits\10).
[2019.12.12-02.23.45:435][194]CompilerResultsLog: Building 4 actions with 16 processes...
[2019.12.12-02.23.45:435][194]CompilerResultsLog:   [1/4] UFinalPracticeCharacter.cpp
[2019.12.12-02.23.45:435][194]CompilerResultsLog:   [2/4] UE4Editor-UFinalPractice-4324.lib
[2019.12.12-02.23.45:435][194]CompilerResultsLog:      Creating library C:\Repo\FinalPractice\UFinalPractice\Intermediate\Build\Win64\UE4Editor\Development\UFinalPractice\UE4Editor-UFinalPractice-4324.lib and object C:\Repo\FinalPractice\UFinalPractice\Intermediate\Build\Win64\UE4Editor\Development\UFinalPractice\UE4Editor-UFinalPractice-4324.exp
[2019.12.12-02.23.45:435][194]CompilerResultsLog:   [3/4] UE4Editor-UFinalPractice-4324.dll
[2019.12.12-02.23.45:435][194]CompilerResultsLog:      Creating library C:\Repo\FinalPractice\UFinalPractice\Intermediate\Build\Win64\UE4Editor\Development\UFinalPractice\UE4Editor-UFinalPractice-4324.suppressed.lib and object C:\Repo\FinalPractice\UFinalPractice\Intermediate\Build\Win64\UE4Editor\Development\UFinalPractice\UE4Editor-UFinalPractice-4324.suppressed.exp
[2019.12.12-02.23.45:435][194]CompilerResultsLog:   [4/4] UFinalPracticeEditor.target
[2019.12.12-02.23.45:435][194]CompilerResultsLog: Total time in Parallel executor: 4.18 seconds
[2019.12.12-02.23.45:435][194]CompilerResultsLog: Total execution time: 10.77 seconds
[2019.12.12-02.23.45:435][194]LogMainFrame: MainFrame: Module compiling took 10.879 seconds
[2019.12.12-02.23.45:476][194]LogUObjectHash: Compacting FUObjectHashTables data took   5.14ms
[2019.12.12-02.23.45:494][194]LogClass: Could not find existing class PlayerHpWidget in package /Script/UFinalPractice for HotReload, assuming new class
[2019.12.12-02.23.45:515][194]LogHotReload: Re-instancing PlayerHpWidget after hot-reload.
[2019.12.12-02.23.45:921][194]LogContentBrowser: Native class hierarchy updated for 'UFinalPractice' in 0.0004 seconds. Added 5 classes and 2 folders.
[2019.12.12-02.23.45:925][194]Display: HotReload successful (1 functions remapped  0 scriptstructs remapped)
[2019.12.12-02.23.45:999][194]LogUObjectHash: Compacting FUObjectHashTables data took   4.03ms
[2019.12.12-02.23.46:017][194]LogContentBrowser: Native class hierarchy populated in 0.0090 seconds. Added 3050 classes and 767 folders.
[2019.12.12-02.23.46:017][194]Display: HotReload took 11.5s.
[2019.12.12-02.23.51:595][779]LogUObjectGlobals: Reloading 1 Package(s):
	Asset Name: /Game/FirstPersonCPP/Blueprints/WBP_PlayerHp
[2019.12.12-02.23.51:682][779]LogUObjectHash: Compacting FUObjectHashTables data took   4.12ms
[2019.12.12-02.23.51:691][779]LogUObjectGlobals: Warning: ReloadPackage failed to find a replacement object for 'WBP_PlayerHp:WidgetTree.CanvasPanel_50.CanvasPanelSlot_0' in the new package '/Game/FirstPersonCPP/Blueprints/WBP_PlayerHp'. Any existing references to this object will be nulled out.
[2019.12.12-02.23.51:691][779]LogUObjectGlobals: Warning: ReloadPackage failed to find a replacement object for 'WBP_PlayerHp:WidgetTree.CanvasPanel_50.CanvasPanelSlot_1' in the new package '/Game/FirstPersonCPP/Blueprints/WBP_PlayerHp'. Any existing references to this object will be nulled out.
[2019.12.12-02.23.51:719][779]LogActorComponent: UnregisterComponent: (/Engine/Transient.DirectionalLightComponent_7) Not registered. Aborting.
[2019.12.12-02.23.51:719][779]LogActorComponent: UnregisterComponent: (/Engine/Transient.SkyLightComponent_3) Not registered. Aborting.
[2019.12.12-02.23.51:719][779]LogActorComponent: UnregisterComponent: (/Engine/Transient.LineBatchComponent_24) Not registered. Aborting.
[2019.12.12-02.23.51:719][779]LogWorld: UWorld::CleanupWorld for World_3, bSessionEnded=true, bCleanupResources=true
[2019.12.12-02.23.51:742][779]LogActorComponent: UnregisterComponent: (/Engine/Transient.DirectionalLightComponent_6) Not registered. Aborting.
[2019.12.12-02.23.51:742][779]LogActorComponent: UnregisterComponent: (/Engine/Transient.SkyLightComponent_2) Not registered. Aborting.
[2019.12.12-02.23.51:742][779]LogActorComponent: UnregisterComponent: (/Engine/Transient.LineBatchComponent_20) Not registered. Aborting.
[2019.12.12-02.23.51:742][779]LogWorld: UWorld::CleanupWorld for World_2, bSessionEnded=true, bCleanupResources=true
[2019.12.12-02.23.51:845][779]LogUObjectHash: Compacting FUObjectHashTables data took   3.59ms
[2019.12.12-02.23.52:050][779]LogUObjectHash: Compacting FUObjectHashTables data took   3.26ms
[2019.12.12-02.23.52:050][779]LogAssetEditorManager: Opening Asset editor for WidgetBlueprint /Game/FirstPersonCPP/Blueprints/WBP_PlayerHp.WBP_PlayerHp
[2019.12.12-02.24.00:009][578]BlueprintLog: New page: Compile WBP_PlayerHp
[2019.12.12-02.24.00:046][578]LogUObjectHash: Compacting FUObjectHashTables data took   3.21ms
[2019.12.12-02.24.00:887][654]Cmd: OBJ SAVEPACKAGE PACKAGE="/Game/FirstPersonCPP/Blueprints/WBP_PlayerHp" FILE="../../../../../../Repo/FinalPractice/UFinalPractice/Content/FirstPersonCPP/Blueprints/WBP_PlayerHp.uasset" SILENT=true
[2019.12.12-02.24.00:906][654]LogSavePackage: Moving '../../../../../../Repo/FinalPractice/UFinalPractice/Saved/WBP_PlayerHp0818AD9B49A59DB48899DA8ADE4EE417.tmp' to '../../../../../../Repo/FinalPractice/UFinalPractice/Content/FirstPersonCPP/Blueprints/WBP_PlayerHp.uasset'
[2019.12.12-02.24.01:728][730]LogSlate: Window 'WBP_PlayerHp' being destroyed
[2019.12.12-02.24.01:736][730]LogWorld: UWorld::CleanupWorld for World_5, bSessionEnded=true, bCleanupResources=true
[2019.12.12-02.24.01:747][730]LogWorld: UWorld::CleanupWorld for World_4, bSessionEnded=true, bCleanupResources=true
[2019.12.12-02.24.02:674][835]LogTemp: Repeating last play command: Selected Viewport
[2019.12.12-02.24.02:687][835]LogBlueprintUserMessages: Early PlayInEditor Detection: Level '/Game/FirstPersonCPP/Maps/FirstPersonExampleMap.FirstPersonExampleMap:PersistentLevel' has LevelScriptBlueprint '/Game/FirstPersonCPP/Maps/FirstPersonExampleMap.FirstPersonExampleMap:PersistentLevel.FirstPersonExampleMap' with GeneratedClass '/Game/FirstPersonCPP/Maps/FirstPersonExampleMap.FirstPersonExampleMap_C' with ClassGeneratedBy '/Game/FirstPersonCPP/Maps/FirstPersonExampleMap.FirstPersonExampleMap:PersistentLevel.FirstPersonExampleMap'
[2019.12.12-02.24.02:687][835]LogPlayLevel: PlayLevel: No blueprints needed recompiling
[2019.12.12-02.24.02:687][835]PIE: New page: PIE session: FirstPersonExampleMap (Dec 11, 2019, 4:24:02 PM)
[2019.12.12-02.24.02:687][835]LogPlayLevel: Creating play world package: /Game/FirstPersonCPP/Maps/UEDPIE_0_FirstPersonExampleMap
[2019.12.12-02.24.02:705][835]LogPlayLevel: PIE: StaticDuplicateObject took: (0.017683s)
[2019.12.12-02.24.02:706][835]LogAIModule: Creating AISystem for world FirstPersonExampleMap
[2019.12.12-02.24.02:706][835]LogPlayLevel: PIE: World Init took: (0.001333s)
[2019.12.12-02.24.02:706][835]LogPlayLevel: PIE: Created PIE world by copying editor world from /Game/FirstPersonCPP/Maps/FirstPersonExampleMap.FirstPersonExampleMap to /Game/FirstPersonCPP/Maps/UEDPIE_0_FirstPersonExampleMap.FirstPersonExampleMap (0.019180s)
[2019.12.12-02.24.02:741][835]LogUObjectHash: Compacting FUObjectHashTables data took   3.08ms
[2019.12.12-02.24.02:749][835]LogInit: XAudio2 using 'Speakers (2- High Definition Audio Device)' : 2 channels at 48 kHz using 16 bits per sample (channel mask 0x3)
[2019.12.12-02.24.02:759][835]LogInit: FAudioDevice initialized.
[2019.12.12-02.24.02:770][835]LogLoad: Game class is 'UFinalPracticeGameMode'
[2019.12.12-02.24.02:772][835]LogWorld: Bringing World /Game/FirstPersonCPP/Maps/UEDPIE_0_FirstPersonExampleMap.FirstPersonExampleMap up for play (max tick rate 0) at 2019.12.11-21.24.02
[2019.12.12-02.24.02:772][835]LogWorld: Bringing up level for play took: 0.001356
[2019.12.12-02.24.02:772][835]LogOnline: OSS: Creating online subsystem instance for: :Context_8
[2019.12.12-02.24.02:774][835]PIE: Error: CreateWidget called with a null class.
[2019.12.12-02.24.05:201][835]LogWindows: Error: === Critical error: ===
[2019.12.12-02.24.05:201][835]LogWindows: Error: 
[2019.12.12-02.24.05:201][835]LogWindows: Error: Fatal error!
[2019.12.12-02.24.05:201][835]LogWindows: Error: 
[2019.12.12-02.24.05:201][835]LogWindows: Error: Unhandled Exception: EXCEPTION_ACCESS_VIOLATION writing address 0x000003d0
[2019.12.12-02.24.05:201][835]LogWindows: Error: 
[2019.12.12-02.24.05:201][835]LogWindows: Error: [Callstack] 0x00007ffad37751ff UE4Editor-UFinalPractice-4324.dll!AUFinalPracticeCharacter::BeginPlay() [C:\Repo\FinalPractice\UFinalPractice\Source\UFinalPractice\UFinalPracticeCharacter.cpp:97]
[2019.12.12-02.24.05:201][835]LogWindows: Error: [Callstack] 0x00007ffa9fa806b6 UE4Editor-Engine.dll!UnknownFunction []
[2019.12.12-02.24.05:201][835]LogWindows: Error: [Callstack] 0x00007ffaa0ce4710 UE4Editor-Engine.dll!UnknownFunction []
[2019.12.12-02.24.05:201][835]LogWindows: Error: [Callstack] 0x00007ffaa0178d81 UE4Editor-Engine.dll!UnknownFunction []
[2019.12.12-02.24.05:201][835]LogWindows: Error: [Callstack] 0x00007ffaa0c9244e UE4Editor-Engine.dll!UnknownFunction []
[2019.12.12-02.24.05:201][835]LogWindows: Error: [Callstack] 0x00007ffaa013ad29 UE4Editor-Engine.dll!UnknownFunction []
[2019.12.12-02.24.05:201][835]LogWindows: Error: [Callstack] 0x00007ffa9ea650b3 UE4Editor-UnrealEd.dll!UnknownFunction []
[2019.12.12-02.24.05:201][835]LogWindows: Error: [Callstack] 0x00007ffa9ea84361 UE4Editor-UnrealEd.dll!UnknownFunction []
[2019.12.12-02.24.05:201][835]LogWindows: Error: [Callstack] 0x00007ffa9ea9e265 UE4Editor-UnrealEd.dll!UnknownFunction []
[2019.12.12-02.24.05:201][835]LogWindows: Error: [Callstack] 0x00007ffa9e55d9b4 UE4Editor-UnrealEd.dll!UnknownFunction []
[2019.12.12-02.24.05:201][835]LogWindows: Error: [Callstack] 0x00007ffa9edb5296 UE4Editor-UnrealEd.dll!UnknownFunction []
[2019.12.12-02.24.05:201][835]LogWindows: Error: [Callstack] 0x00007ff79d837b0a UE4Editor.exe!UnknownFunction []
[2019.12.12-02.24.05:201][835]LogWindows: Error: [Callstack] 0x00007ff79d84a91c UE4Editor.exe!UnknownFunction []
[2019.12.12-02.24.05:201][835]LogWindows: Error: [Callstack] 0x00007ff79d84a9fa UE4Editor.exe!UnknownFunction []
[2019.12.12-02.24.05:201][835]LogWindows: Error: [Callstack] 0x00007ff79d85b92c UE4Editor.exe!UnknownFunction []
[2019.12.12-02.24.05:201][835]LogWindows: Error: [Callstack] 0x00007ff79d85e60e UE4Editor.exe!UnknownFunction []
[2019.12.12-02.24.05:201][835]LogWindows: Error: [Callstack] 0x00007ffb0af47bd4 KERNEL32.DLL!UnknownFunction []
[2019.12.12-02.24.05:201][835]LogWindows: Error: [Callstack] 0x00007ffb0beeced1 ntdll.dll!UnknownFunction []
[2019.12.12-02.24.05:201][835]LogWindows: Error: 
[2019.12.12-02.24.05:218][835]LogExit: Executing StaticShutdownAfterError
[2019.12.12-02.24.05:226][835]LogWindows: FPlatformMisc::RequestExit(1)
[2019.12.12-02.24.05:229][835]Log file closed, 12/11/19 21:24:05
