Log file open, 12/12/19 22:18:23
LogWindows: Failed to load 'aqProf.dll' (GetLastError=126)
LogWindows: File 'aqProf.dll' does not exist
LogWindows: Failed to load 'VtuneApi.dll' (GetLastError=126)
LogWindows: File 'VtuneApi.dll' does not exist
LogWindows: Failed to load 'VtuneApi32e.dll' (GetLastError=126)
LogWindows: File 'VtuneApi32e.dll' does not exist
LogConsoleResponse: Display: Failed to find resolution value strings in scalability ini. Falling back to default.
LogInit: Display: Running engine for game: UFinalPractice
LogPlatformFile: Not using cached read wrapper
LogTaskGraph: Started task graph with 5 named threads and 47 total threads with 3 sets of task threads.
LogStats: Stats thread started at 0.069112
LogD3D11RHI: Loaded GFSDK_Aftermath_Lib.x64.dll
LogICUInternationalization: ICU TimeZone Detection - Raw Offset: -5:00, Platform Override: ''
LogPluginManager: Mounting plugin Paper2D
LogPluginManager: Mounting plugin AISupport
LogPluginManager: Mounting plugin LightPropagationVolume
LogPluginManager: Mounting plugin ActorLayerUtilities
LogPluginManager: Mounting plugin AnimationSharing
LogPluginManager: Mounting plugin CLionSourceCodeAccess
LogPluginManager: Mounting plugin CodeLiteSourceCodeAccess
LogPluginManager: Mounting plugin GitSourceControl
LogPluginManager: Mounting plugin KDevelopSourceCodeAccess
LogPluginManager: Mounting plugin NullSourceCodeAccess
LogPluginManager: Mounting plugin PerforceSourceControl
LogPluginManager: Mounting plugin SubversionSourceControl
LogPluginManager: Mounting plugin UObjectPlugin
LogPluginManager: Mounting plugin VisualStudioCodeSourceCodeAccess
LogPluginManager: Mounting plugin VisualStudioSourceCodeAccess
LogPluginManager: Mounting plugin XCodeSourceCodeAccess
LogPluginManager: Mounting plugin AssetManagerEditor
LogPluginManager: Mounting plugin CryptoKeys
LogPluginManager: Mounting plugin CurveEditorTools
LogPluginManager: Mounting plugin DataValidation
LogPluginManager: Mounting plugin EditorScriptingUtilities
LogPluginManager: Mounting plugin FacialAnimation
LogPluginManager: Mounting plugin GameplayTagsEditor
LogPluginManager: Mounting plugin GLTFImporter
LogPluginManager: Mounting plugin MacGraphicsSwitching
LogPluginManager: Mounting plugin MaterialAnalyzer
LogPluginManager: Mounting plugin MeshEditor
LogPluginManager: Mounting plugin MobileLauncherProfileWizard
LogPluginManager: Mounting plugin PluginBrowser
LogPluginManager: Mounting plugin SpeedTreeImporter
LogPluginManager: Mounting plugin DatasmithContent
LogPluginManager: Mounting plugin VariantManagerContent
LogPluginManager: Mounting plugin AlembicImporter
LogPluginManager: Mounting plugin AutomationUtils
LogPluginManager: Mounting plugin BackChannel
LogPluginManager: Mounting plugin BlastPlugin
LogPluginManager: Mounting plugin ChaosSolverPlugin
LogPluginManager: Mounting plugin CharacterAI
LogPluginManager: Mounting plugin DataPrepEditor
LogPluginManager: Mounting plugin GeometryCache
LogPluginManager: Mounting plugin GeometryCollectionPlugin
LogPluginManager: Mounting plugin HTML5Networking
LogPluginManager: Mounting plugin PlatformCrypto
LogPluginManager: Mounting plugin ProxyLODPlugin
LogPluginManager: Mounting plugin SkeletalReduction
LogPluginManager: Mounting plugin MagicLeap
LogPluginManager: Mounting plugin MagicLeapMedia
LogPluginManager: Mounting plugin AndroidMedia
LogPluginManager: Mounting plugin AvfMedia
LogPluginManager: Mounting plugin ImgMedia
LogPluginManager: Mounting plugin MediaCompositing
LogPluginManager: Mounting plugin MediaPlayerEditor
LogPluginManager: Mounting plugin WebMMedia
LogPluginManager: Mounting plugin WmfMedia
LogPluginManager: Mounting plugin TcpMessaging
LogPluginManager: Mounting plugin UdpMessaging
LogPluginManager: Mounting plugin ActorSequence
LogPluginManager: Mounting plugin LevelSequenceEditor
LogPluginManager: Mounting plugin MatineeToLevelSequence
LogPluginManager: Mounting plugin NetcodeUnitTest
LogPluginManager: Mounting plugin NUTUnrealEngine4
LogPluginManager: Mounting plugin OnlineSubsystemGooglePlay
LogPluginManager: Mounting plugin OnlineSubsystemIOS
LogPluginManager: Mounting plugin OnlineSubsystem
LogPluginManager: Mounting plugin OnlineSubsystemNull
LogPluginManager: Mounting plugin OnlineSubsystemUtils
LogPluginManager: Mounting plugin LauncherChunkInstaller
LogPluginManager: Mounting plugin AndroidDeviceProfileSelector
LogPluginManager: Mounting plugin AndroidMoviePlayer
LogPluginManager: Mounting plugin AndroidPermission
LogPluginManager: Mounting plugin AppleImageUtils
LogPluginManager: Mounting plugin AppleMoviePlayer
LogPluginManager: Mounting plugin ArchVisCharacter
LogPluginManager: Mounting plugin AudioCapture
LogPluginManager: Mounting plugin CableComponent
LogPluginManager: Mounting plugin CustomMeshComponent
LogPluginManager: Mounting plugin EditableMesh
LogPluginManager: Mounting plugin ExampleDeviceProfileSelector
LogPluginManager: Mounting plugin GoogleCloudMessaging
LogPluginManager: Mounting plugin IOSDeviceProfileSelector
LogPluginManager: Mounting plugin LinuxDeviceProfileSelector
LogPluginManager: Mounting plugin LocationServicesBPLibrary
LogPluginManager: Mounting plugin MobilePatchingUtils
LogPluginManager: Mounting plugin OculusVR
LogPluginManager: Mounting plugin PhysXVehicles
LogPluginManager: Mounting plugin ProceduralMeshComponent
LogPluginManager: Mounting plugin RuntimePhysXCooking
LogPluginManager: Mounting plugin SignificanceManager
LogPluginManager: Mounting plugin SteamVR
LogPluginManager: Mounting plugin WebMMoviePlayer
LogPluginManager: Mounting plugin WindowsMoviePlayer
LogPluginManager: Mounting plugin ScreenshotTools
LogPluginManager: Mounting plugin DatasmithC4DImporter
LogPluginManager: Mounting plugin DatasmithCADImporter
LogPluginManager: Mounting plugin DatasmithFBXImporter
LogPluginManager: Mounting plugin DatasmithGLTFImporter
LogPluginManager: Mounting plugin DatasmithIFCImporter
LogPluginManager: Mounting plugin DatasmithImporter
LogPluginManager: Mounting plugin MDLImporter
LogPluginManager: Mounting plugin StaticMeshEditorExtension
LogPluginManager: Mounting plugin VariantManager
LogInit: Using libcurl 7.55.1-DEV
LogInit:  - built for x86_64-pc-win32
LogInit:  - supports SSL with OpenSSL/1.1.1
LogInit:  - supports HTTP deflate (compression) using libz 1.2.8
LogInit:  - other features:
LogInit:      CURL_VERSION_SSL
LogInit:      CURL_VERSION_LIBZ
LogInit:      CURL_VERSION_IPV6
LogInit:      CURL_VERSION_ASYNCHDNS
LogInit:      CURL_VERSION_LARGEFILE
LogInit:      CURL_VERSION_IDN
LogInit:  CurlRequestOptions (configurable via config and command line):
LogInit:  - bVerifyPeer = true  - Libcurl will verify peer certificate
LogInit:  - bUseHttpProxy = false  - Libcurl will NOT use HTTP proxy
LogInit:  - bDontReuseConnections = false  - Libcurl will reuse connections
LogInit:  - MaxHostConnections = 16  - Libcurl will limit the number of connections to a host
LogInit:  - LocalHostAddr = Default
LogInit:  - BufferSize = 65536
LogOnline: OSS: Creating online subsystem instance for: NULL
LogInit: WinSock: version 1.1 (2.2), MaxSocks=32767, MaxUdp=65467
LogInit: Build: ++UE4+Release-4.23-CL-9631420
LogInit: Engine Version: 4.23.1-9631420+++UE4+Release-4.23
LogInit: Compatible Engine Version: 4.23.0-8386587+++UE4+Release-4.23
LogInit: Net CL: 8386587
LogInit: OS: Windows 10 (Release 1903) (), CPU: AMD Ryzen 7 2700X Eight-Core Processor         , GPU: NVIDIA GeForce GTX 1060 6GB
LogInit: Compiled (64-bit): Oct 18 2019 02:07:44
LogInit: Compiled with Visual C++: 19.16.27030.01
LogInit: Build Configuration: Development
LogInit: Branch Name: ++UE4+Release-4.23
LogInit: Command Line: 
LogInit: Base Directory: C:/Program Files/Epic Games/UE_4.23/Engine/Binaries/Win64/
LogInit: Installed Engine Build: 1
LogDevObjectVersion: Number of dev versions registered: 23
LogDevObjectVersion:   Dev-Blueprints (B0D832E4-1F89-4F0D-ACCF-7EB736FD4AA2): 10
LogDevObjectVersion:   Dev-Build (E1C64328-A22C-4D53-A36C-8E866417BD8C): 0
LogDevObjectVersion:   Dev-Core (375EC13C-06E4-48FB-B500-84F0262A717E): 3
LogDevObjectVersion:   Dev-Editor (E4B068ED-F494-42E9-A231-DA0B2E46BB41): 34
LogDevObjectVersion:   Dev-Framework (CFFC743F-43B0-4480-9391-14DF171D2073): 35
LogDevObjectVersion:   Dev-Mobile (B02B49B5-BB20-44E9-A304-32B752E40360): 2
LogDevObjectVersion:   Dev-Networking (A4E4105C-59A1-49B5-A7C5-40C4547EDFEE): 0
LogDevObjectVersion:   Dev-Online (39C831C9-5AE6-47DC-9A44-9C173E1C8E7C): 0
LogDevObjectVersion:   Dev-Physics (78F01B33-EBEA-4F98-B9B4-84EACCB95AA2): 0
LogDevObjectVersion:   Dev-Platform (6631380F-2D4D-43E0-8009-CF276956A95A): 0
LogDevObjectVersion:   Dev-Rendering (12F88B9F-8875-4AFC-A67C-D90C383ABD29): 31
LogDevObjectVersion:   Dev-Sequencer (7B5AE74C-D270-4C10-A958-57980B212A5A): 11
LogDevObjectVersion:   Dev-VR (D7296918-1DD6-4BDD-9DE2-64A83CC13884): 2
LogDevObjectVersion:   Dev-LoadTimes (C2A15278-BFE7-4AFE-6C17-90FF531DF755): 1
LogDevObjectVersion:   Private-Geometry (6EACA3D4-40EC-4CC1-B786-8BED09428FC5): 3
LogDevObjectVersion:   Dev-AnimPhys (29E575DD-E0A3-4627-9D10-D276232CDCEA): 17
LogDevObjectVersion:   Dev-Anim (AF43A65D-7FD3-4947-9873-3E8ED9C1BB05): 2
LogDevObjectVersion:   Dev-ReflectionCapture (6B266CEC-1EC7-4B8F-A30B-E4D90942FC07): 1
LogDevObjectVersion:   Dev-Automation (0DF73D61-A23F-47EA-B727-89E90C41499A): 1
LogDevObjectVersion:   FortniteMain (601D1886-AC64-4F84-AA16-D3DE0DEAC7D6): 27
LogDevObjectVersion:   Dev-Enterprise (9DFFBCD6-494F-0158-E221-12823C92A888): 6
LogDevObjectVersion:   Dev-Niagara (F2AED0AC-9AFE-416F-8664-AA7FFA26D6FC): 1
LogDevObjectVersion:   Dev-Destruction (174F1F0B-B4C6-45A5-B13F-2EE8D0FB917D): 9
LogInit: Presizing for max 16777216 objects, including 0 objects not considered by GC, pre-allocating 0 bytes for permanent pool.
LogInit: Object subsystem initialized
LogConfig: Setting CVar [[con.DebugEarlyDefault:1]]
LogConfig: Setting CVar [[r.setres:1280x720]]
[2019.12.13-03.18.23:532][  0]LogConfig: Setting CVar [[r.VSync:0]]
[2019.12.13-03.18.23:532][  0]LogConfig: Setting CVar [[r.RHICmdBypass:0]]
[2019.12.13-03.18.23:532][  0]LogConfig: Applying CVar settings from Section [/Script/Engine.RendererSettings] File [C:/Repo/FinalPractice/UFinalPractice/Saved/Config/Windows/Engine.ini]
[2019.12.13-03.18.23:532][  0]LogConfig: Setting CVar [[r.GPUCrashDebugging:0]]
[2019.12.13-03.18.23:532][  0]LogConfig: Applying CVar settings from Section [/Script/Engine.RendererOverrideSettings] File [C:/Repo/FinalPractice/UFinalPractice/Saved/Config/Windows/Engine.ini]
[2019.12.13-03.18.23:532][  0]LogConfig: Applying CVar settings from Section [/Script/Engine.StreamingSettings] File [C:/Repo/FinalPractice/UFinalPractice/Saved/Config/Windows/Engine.ini]
[2019.12.13-03.18.23:533][  0]LogConfig: Setting CVar [[s.MinBulkDataSizeForAsyncLoading:131072]]
[2019.12.13-03.18.23:533][  0]LogConfig: Setting CVar [[s.AsyncLoadingThreadEnabled:0]]
[2019.12.13-03.18.23:533][  0]LogConfig: Setting CVar [[s.EventDrivenLoaderEnabled:1]]
[2019.12.13-03.18.23:533][  0]LogConfig: Setting CVar [[s.WarnIfTimeLimitExceeded:0]]
[2019.12.13-03.18.23:533][  0]LogConfig: Setting CVar [[s.TimeLimitExceededMultiplier:1.5]]
[2019.12.13-03.18.23:533][  0]LogConfig: Setting CVar [[s.TimeLimitExceededMinTime:0.005]]
[2019.12.13-03.18.23:533][  0]LogConfig: Setting CVar [[s.UseBackgroundLevelStreaming:1]]
[2019.12.13-03.18.23:533][  0]LogConfig: Setting CVar [[s.PriorityAsyncLoadingExtraTime:15.0]]
[2019.12.13-03.18.23:533][  0]LogConfig: Setting CVar [[s.LevelStreamingActorsUpdateTimeLimit:5.0]]
[2019.12.13-03.18.23:533][  0]LogConfig: Setting CVar [[s.PriorityLevelStreamingActorsUpdateExtraTime:5.0]]
[2019.12.13-03.18.23:533][  0]LogConfig: Setting CVar [[s.LevelStreamingComponentsRegistrationGranularity:10]]
[2019.12.13-03.18.23:533][  0]LogConfig: Setting CVar [[s.UnregisterComponentsTimeLimit:1.0]]
[2019.12.13-03.18.23:533][  0]LogConfig: Setting CVar [[s.LevelStreamingComponentsUnregistrationGranularity:5]]
[2019.12.13-03.18.23:533][  0]LogConfig: Applying CVar settings from Section [/Script/Engine.GarbageCollectionSettings] File [C:/Repo/FinalPractice/UFinalPractice/Saved/Config/Windows/Engine.ini]
[2019.12.13-03.18.23:533][  0]LogConfig: Setting CVar [[gc.MaxObjectsNotConsideredByGC:1]]
[2019.12.13-03.18.23:533][  0]LogConfig: Setting CVar [[gc.SizeOfPermanentObjectPool:0]]
[2019.12.13-03.18.23:533][  0]LogConfig: Setting CVar [[gc.FlushStreamingOnGC:0]]
[2019.12.13-03.18.23:533][  0]LogConfig: Setting CVar [[gc.NumRetriesBeforeForcingGC:10]]
[2019.12.13-03.18.23:533][  0]LogConfig: Setting CVar [[gc.AllowParallelGC:1]]
[2019.12.13-03.18.23:533][  0]LogConfig: Setting CVar [[gc.TimeBetweenPurgingPendingKillObjects:61.1]]
[2019.12.13-03.18.23:533][  0]LogConfig: Setting CVar [[gc.MaxObjectsInEditor:16777216]]
[2019.12.13-03.18.23:533][  0]LogConfig: Setting CVar [[gc.IncrementalBeginDestroyEnabled:1]]
[2019.12.13-03.18.23:533][  0]LogConfig: Setting CVar [[gc.CreateGCClusters:1]]
[2019.12.13-03.18.23:533][  0]LogConfig: Setting CVar [[gc.MinGCClusterSize:5]]
[2019.12.13-03.18.23:533][  0]LogConfig: Setting CVar [[gc.ActorClusteringEnabled:0]]
[2019.12.13-03.18.23:533][  0]LogConfig: Setting CVar [[gc.BlueprintClusteringEnabled:0]]
[2019.12.13-03.18.23:533][  0]LogConfig: Setting CVar [[gc.UseDisregardForGCOnDedicatedServers:0]]
[2019.12.13-03.18.23:533][  0]LogConfig: Applying CVar settings from Section [/Script/Engine.NetworkSettings] File [C:/Repo/FinalPractice/UFinalPractice/Saved/Config/Windows/Engine.ini]
[2019.12.13-03.18.23:533][  0]LogConfig: Applying CVar settings from Section [/Script/UnrealEd.CookerSettings] File [C:/Repo/FinalPractice/UFinalPractice/Saved/Config/Windows/Engine.ini]
[2019.12.13-03.18.23:535][  0]LogConfig: Applying CVar settings from Section [ViewDistanceQuality@3] File [C:/Repo/FinalPractice/UFinalPractice/Saved/Config/Windows/Scalability.ini]
[2019.12.13-03.18.23:535][  0]LogConfig: Setting CVar [[r.SkeletalMeshLODBias:0]]
[2019.12.13-03.18.23:535][  0]LogConfig: Setting CVar [[r.ViewDistanceScale:1.0]]
[2019.12.13-03.18.23:535][  0]LogConfig: Applying CVar settings from Section [AntiAliasingQuality@3] File [C:/Repo/FinalPractice/UFinalPractice/Saved/Config/Windows/Scalability.ini]
[2019.12.13-03.18.23:535][  0]LogConfig: Setting CVar [[r.PostProcessAAQuality:4]]
[2019.12.13-03.18.23:535][  0]LogConfig: Applying CVar settings from Section [ShadowQuality@3] File [C:/Repo/FinalPractice/UFinalPractice/Saved/Config/Windows/Scalability.ini]
[2019.12.13-03.18.23:535][  0]LogConfig: Setting CVar [[r.LightFunctionQuality:1]]
[2019.12.13-03.18.23:535][  0]LogConfig: Setting CVar [[r.ShadowQuality:5]]
[2019.12.13-03.18.23:535][  0]LogConfig: Setting CVar [[r.Shadow.CSM.MaxCascades:10]]
[2019.12.13-03.18.23:535][  0]LogConfig: Setting CVar [[r.Shadow.MaxResolution:2048]]
[2019.12.13-03.18.23:535][  0]LogConfig: Setting CVar [[r.Shadow.MaxCSMResolution:2048]]
[2019.12.13-03.18.23:535][  0]LogConfig: Setting CVar [[r.Shadow.RadiusThreshold:0.01]]
[2019.12.13-03.18.23:535][  0]LogConfig: Setting CVar [[r.Shadow.DistanceScale:1.0]]
[2019.12.13-03.18.23:535][  0]LogConfig: Setting CVar [[r.Shadow.CSM.TransitionScale:1.0]]
[2019.12.13-03.18.23:535][  0]LogConfig: Setting CVar [[r.Shadow.PreShadowResolutionFactor:1.0]]
[2019.12.13-03.18.23:535][  0]LogConfig: Setting CVar [[r.DistanceFieldShadowing:1]]
[2019.12.13-03.18.23:535][  0]LogConfig: Setting CVar [[r.DistanceFieldAO:1]]
[2019.12.13-03.18.23:535][  0]LogConfig: Setting CVar [[r.AOQuality:2]]
[2019.12.13-03.18.23:535][  0]LogConfig: Setting CVar [[r.VolumetricFog:1]]
[2019.12.13-03.18.23:535][  0]LogConfig: Setting CVar [[r.VolumetricFog.GridPixelSize:8]]
[2019.12.13-03.18.23:535][  0]LogConfig: Setting CVar [[r.VolumetricFog.GridSizeZ:128]]
[2019.12.13-03.18.23:535][  0]LogConfig: Setting CVar [[r.VolumetricFog.HistoryMissSupersampleCount:4]]
[2019.12.13-03.18.23:535][  0]LogConfig: Setting CVar [[r.LightMaxDrawDistanceScale:1]]
[2019.12.13-03.18.23:535][  0]LogConfig: Setting CVar [[r.CapsuleShadows:1]]
[2019.12.13-03.18.23:535][  0]LogConfig: Applying CVar settings from Section [PostProcessQuality@3] File [C:/Repo/FinalPractice/UFinalPractice/Saved/Config/Windows/Scalability.ini]
[2019.12.13-03.18.23:535][  0]LogConfig: Setting CVar [[r.MotionBlurQuality:4]]
[2019.12.13-03.18.23:535][  0]LogConfig: Setting CVar [[r.AmbientOcclusionMipLevelFactor:0.4]]
[2019.12.13-03.18.23:535][  0]LogConfig: Setting CVar [[r.AmbientOcclusionMaxQuality:100]]
[2019.12.13-03.18.23:535][  0]LogConfig: Setting CVar [[r.AmbientOcclusionLevels:-1]]
[2019.12.13-03.18.23:535][  0]LogConfig: Setting CVar [[r.AmbientOcclusionRadiusScale:1.0]]
[2019.12.13-03.18.23:535][  0]LogConfig: Setting CVar [[r.DepthOfFieldQuality:2]]
[2019.12.13-03.18.23:535][  0]LogConfig: Setting CVar [[r.RenderTargetPoolMin:400]]
[2019.12.13-03.18.23:535][  0]LogConfig: Setting CVar [[r.LensFlareQuality:2]]
[2019.12.13-03.18.23:535][  0]LogConfig: Setting CVar [[r.SceneColorFringeQuality:1]]
[2019.12.13-03.18.23:535][  0]LogConfig: Setting CVar [[r.EyeAdaptationQuality:2]]
[2019.12.13-03.18.23:535][  0]LogConfig: Setting CVar [[r.BloomQuality:5]]
[2019.12.13-03.18.23:535][  0]LogConfig: Setting CVar [[r.FastBlurThreshold:100]]
[2019.12.13-03.18.23:535][  0]LogConfig: Setting CVar [[r.Upscale.Quality:3]]
[2019.12.13-03.18.23:535][  0]LogConfig: Setting CVar [[r.Tonemapper.GrainQuantization:1]]
[2019.12.13-03.18.23:535][  0]LogConfig: Setting CVar [[r.LightShaftQuality:1]]
[2019.12.13-03.18.23:535][  0]LogConfig: Setting CVar [[r.Filter.SizeScale:1]]
[2019.12.13-03.18.23:535][  0]LogConfig: Setting CVar [[r.Tonemapper.Quality:5]]
[2019.12.13-03.18.23:535][  0]LogConfig: Setting CVar [[r.DOF.Gather.AccumulatorQuality:1        ; higher gathering accumulator quality]]
[2019.12.13-03.18.23:535][  0]LogConfig: Setting CVar [[r.DOF.Gather.PostfilterMethod:1          ; Median3x3 postfilering method]]
[2019.12.13-03.18.23:535][  0]LogConfig: Setting CVar [[r.DOF.Gather.EnableBokehSettings:0       ; no bokeh simulation when gathering]]
[2019.12.13-03.18.23:535][  0]LogConfig: Setting CVar [[r.DOF.Gather.RingCount:4                 ; medium number of samples when gathering]]
[2019.12.13-03.18.23:536][  0]LogConfig: Setting CVar [[r.DOF.Scatter.ForegroundCompositing:1    ; additive foreground scattering]]
[2019.12.13-03.18.23:536][  0]LogConfig: Setting CVar [[r.DOF.Scatter.BackgroundCompositing:2    ; additive background scattering]]
[2019.12.13-03.18.23:536][  0]LogConfig: Setting CVar [[r.DOF.Scatter.EnableBokehSettings:1      ; bokeh simulation when scattering]]
[2019.12.13-03.18.23:536][  0]LogConfig: Setting CVar [[r.DOF.Scatter.MaxSpriteRatio:0.1         ; only a maximum of 10% of scattered bokeh]]
[2019.12.13-03.18.23:536][  0]LogConfig: Setting CVar [[r.DOF.Recombine.Quality:1                ; cheap slight out of focus]]
[2019.12.13-03.18.23:536][  0]LogConfig: Setting CVar [[r.DOF.Recombine.EnableBokehSettings:0    ; no bokeh simulation on slight out of focus]]
[2019.12.13-03.18.23:536][  0]LogConfig: Setting CVar [[r.DOF.TemporalAAQuality:1                ; more stable temporal accumulation]]
[2019.12.13-03.18.23:536][  0]LogConfig: Setting CVar [[r.DOF.Kernel.MaxForegroundRadius:0.025]]
[2019.12.13-03.18.23:536][  0]LogConfig: Setting CVar [[r.DOF.Kernel.MaxBackgroundRadius:0.025]]
[2019.12.13-03.18.23:536][  0]LogConfig: Applying CVar settings from Section [TextureQuality@3] File [C:/Repo/FinalPractice/UFinalPractice/Saved/Config/Windows/Scalability.ini]
[2019.12.13-03.18.23:536][  0]LogConfig: Setting CVar [[r.Streaming.MipBias:0]]
[2019.12.13-03.18.23:536][  0]LogConfig: Setting CVar [[r.Streaming.AmortizeCPUToGPUCopy:0]]
[2019.12.13-03.18.23:536][  0]LogConfig: Setting CVar [[r.Streaming.MaxNumTexturesToStreamPerFrame:0]]
[2019.12.13-03.18.23:536][  0]LogConfig: Setting CVar [[r.Streaming.Boost:1]]
[2019.12.13-03.18.23:536][  0]LogConfig: Setting CVar [[r.MaxAnisotropy:8]]
[2019.12.13-03.18.23:536][  0]LogConfig: Setting CVar [[r.Streaming.LimitPoolSizeToVRAM:0]]
[2019.12.13-03.18.23:536][  0]LogConfig: Setting CVar [[r.Streaming.PoolSize:1000]]
[2019.12.13-03.18.23:536][  0]LogConfig: Setting CVar [[r.Streaming.MaxEffectiveScreenSize:0]]
[2019.12.13-03.18.23:536][  0]LogConfig: Applying CVar settings from Section [EffectsQuality@3] File [C:/Repo/FinalPractice/UFinalPractice/Saved/Config/Windows/Scalability.ini]
[2019.12.13-03.18.23:536][  0]LogConfig: Setting CVar [[r.TranslucencyLightingVolumeDim:64]]
[2019.12.13-03.18.23:536][  0]LogConfig: Setting CVar [[r.RefractionQuality:2]]
[2019.12.13-03.18.23:536][  0]LogConfig: Setting CVar [[r.SSR.Quality:3]]
[2019.12.13-03.18.23:536][  0]LogConfig: Setting CVar [[r.SceneColorFormat:4]]
[2019.12.13-03.18.23:536][  0]LogConfig: Setting CVar [[r.DetailMode:2]]
[2019.12.13-03.18.23:536][  0]LogConfig: Setting CVar [[r.TranslucencyVolumeBlur:1]]
[2019.12.13-03.18.23:536][  0]LogConfig: Setting CVar [[r.MaterialQualityLevel:1 ; High quality]]
[2019.12.13-03.18.23:536][  0]LogConfig: Setting CVar [[r.SSS.Scale:1]]
[2019.12.13-03.18.23:536][  0]LogConfig: Setting CVar [[r.SSS.SampleSet:2]]
[2019.12.13-03.18.23:536][  0]LogConfig: Setting CVar [[r.SSS.Quality:1]]
[2019.12.13-03.18.23:536][  0]LogConfig: Setting CVar [[r.SSS.HalfRes:1]]
[2019.12.13-03.18.23:536][  0]LogConfig: Setting CVar [[r.EmitterSpawnRateScale:1.0]]
[2019.12.13-03.18.23:536][  0]LogConfig: Setting CVar [[r.ParticleLightQuality:2]]
[2019.12.13-03.18.23:536][  0]LogConfig: Applying CVar settings from Section [FoliageQuality@3] File [C:/Repo/FinalPractice/UFinalPractice/Saved/Config/Windows/Scalability.ini]
[2019.12.13-03.18.23:536][  0]LogConfig: Setting CVar [[foliage.DensityScale:1.0]]
[2019.12.13-03.18.23:536][  0]LogConfig: Setting CVar [[grass.DensityScale:1.0]]
[2019.12.13-03.18.23:536][  0]LogInit: Selected Device Profile: [Windows]
[2019.12.13-03.18.23:536][  0]LogInit: Applying CVar settings loaded from the selected device profile: [Windows]
[2019.12.13-03.18.23:539][  0]LogHAL: Display: Platform has ~ 16 GB [17128321024 / 17179869184 / 16], which maps to Larger [LargestMinGB=32, LargerMinGB=12, DefaultMinGB=8, SmallerMinGB=6, SmallestMinGB=0)
[2019.12.13-03.18.23:539][  0]LogInit: Going up to parent DeviceProfile []
[2019.12.13-03.18.23:539][  0]LogConfig: Applying CVar settings from Section [ViewDistanceQuality@3] File [C:/Repo/FinalPractice/UFinalPractice/Saved/Config/Windows/Scalability.ini]
[2019.12.13-03.18.23:539][  0]LogConfig: Setting CVar [[r.SkeletalMeshLODBias:0]]
[2019.12.13-03.18.23:539][  0]LogConfig: Setting CVar [[r.ViewDistanceScale:1.0]]
[2019.12.13-03.18.23:539][  0]LogConfig: Applying CVar settings from Section [AntiAliasingQuality@3] File [C:/Repo/FinalPractice/UFinalPractice/Saved/Config/Windows/Scalability.ini]
[2019.12.13-03.18.23:539][  0]LogConfig: Setting CVar [[r.PostProcessAAQuality:4]]
[2019.12.13-03.18.23:539][  0]LogConfig: Applying CVar settings from Section [ShadowQuality@3] File [C:/Repo/FinalPractice/UFinalPractice/Saved/Config/Windows/Scalability.ini]
[2019.12.13-03.18.23:539][  0]LogConfig: Setting CVar [[r.LightFunctionQuality:1]]
[2019.12.13-03.18.23:539][  0]LogConfig: Setting CVar [[r.ShadowQuality:5]]
[2019.12.13-03.18.23:539][  0]LogConfig: Setting CVar [[r.Shadow.CSM.MaxCascades:10]]
[2019.12.13-03.18.23:539][  0]LogConfig: Setting CVar [[r.Shadow.MaxResolution:2048]]
[2019.12.13-03.18.23:539][  0]LogConfig: Setting CVar [[r.Shadow.MaxCSMResolution:2048]]
[2019.12.13-03.18.23:539][  0]LogConfig: Setting CVar [[r.Shadow.RadiusThreshold:0.01]]
[2019.12.13-03.18.23:539][  0]LogConfig: Setting CVar [[r.Shadow.DistanceScale:1.0]]
[2019.12.13-03.18.23:539][  0]LogConfig: Setting CVar [[r.Shadow.CSM.TransitionScale:1.0]]
[2019.12.13-03.18.23:539][  0]LogConfig: Setting CVar [[r.Shadow.PreShadowResolutionFactor:1.0]]
[2019.12.13-03.18.23:539][  0]LogConfig: Setting CVar [[r.DistanceFieldShadowing:1]]
[2019.12.13-03.18.23:539][  0]LogConfig: Setting CVar [[r.DistanceFieldAO:1]]
[2019.12.13-03.18.23:539][  0]LogConfig: Setting CVar [[r.AOQuality:2]]
[2019.12.13-03.18.23:539][  0]LogConfig: Setting CVar [[r.VolumetricFog:1]]
[2019.12.13-03.18.23:539][  0]LogConfig: Setting CVar [[r.VolumetricFog.GridPixelSize:8]]
[2019.12.13-03.18.23:539][  0]LogConfig: Setting CVar [[r.VolumetricFog.GridSizeZ:128]]
[2019.12.13-03.18.23:539][  0]LogConfig: Setting CVar [[r.VolumetricFog.HistoryMissSupersampleCount:4]]
[2019.12.13-03.18.23:539][  0]LogConfig: Setting CVar [[r.LightMaxDrawDistanceScale:1]]
[2019.12.13-03.18.23:539][  0]LogConfig: Setting CVar [[r.CapsuleShadows:1]]
[2019.12.13-03.18.23:539][  0]LogConfig: Applying CVar settings from Section [PostProcessQuality@3] File [C:/Repo/FinalPractice/UFinalPractice/Saved/Config/Windows/Scalability.ini]
[2019.12.13-03.18.23:539][  0]LogConfig: Setting CVar [[r.MotionBlurQuality:4]]
[2019.12.13-03.18.23:539][  0]LogConfig: Setting CVar [[r.AmbientOcclusionMipLevelFactor:0.4]]
[2019.12.13-03.18.23:539][  0]LogConfig: Setting CVar [[r.AmbientOcclusionMaxQuality:100]]
[2019.12.13-03.18.23:539][  0]LogConfig: Setting CVar [[r.AmbientOcclusionLevels:-1]]
[2019.12.13-03.18.23:539][  0]LogConfig: Setting CVar [[r.AmbientOcclusionRadiusScale:1.0]]
[2019.12.13-03.18.23:539][  0]LogConfig: Setting CVar [[r.DepthOfFieldQuality:2]]
[2019.12.13-03.18.23:539][  0]LogConfig: Setting CVar [[r.RenderTargetPoolMin:400]]
[2019.12.13-03.18.23:539][  0]LogConfig: Setting CVar [[r.LensFlareQuality:2]]
[2019.12.13-03.18.23:539][  0]LogConfig: Setting CVar [[r.SceneColorFringeQuality:1]]
[2019.12.13-03.18.23:539][  0]LogConfig: Setting CVar [[r.EyeAdaptationQuality:2]]
[2019.12.13-03.18.23:539][  0]LogConfig: Setting CVar [[r.BloomQuality:5]]
[2019.12.13-03.18.23:539][  0]LogConfig: Setting CVar [[r.FastBlurThreshold:100]]
[2019.12.13-03.18.23:539][  0]LogConfig: Setting CVar [[r.Upscale.Quality:3]]
[2019.12.13-03.18.23:539][  0]LogConfig: Setting CVar [[r.Tonemapper.GrainQuantization:1]]
[2019.12.13-03.18.23:539][  0]LogConfig: Setting CVar [[r.LightShaftQuality:1]]
[2019.12.13-03.18.23:539][  0]LogConfig: Setting CVar [[r.Filter.SizeScale:1]]
[2019.12.13-03.18.23:539][  0]LogConfig: Setting CVar [[r.Tonemapper.Quality:5]]
[2019.12.13-03.18.23:539][  0]LogConfig: Setting CVar [[r.DOF.Gather.AccumulatorQuality:1        ; higher gathering accumulator quality]]
[2019.12.13-03.18.23:539][  0]LogConfig: Setting CVar [[r.DOF.Gather.PostfilterMethod:1          ; Median3x3 postfilering method]]
[2019.12.13-03.18.23:539][  0]LogConfig: Setting CVar [[r.DOF.Gather.EnableBokehSettings:0       ; no bokeh simulation when gathering]]
[2019.12.13-03.18.23:539][  0]LogConfig: Setting CVar [[r.DOF.Gather.RingCount:4                 ; medium number of samples when gathering]]
[2019.12.13-03.18.23:539][  0]LogConfig: Setting CVar [[r.DOF.Scatter.ForegroundCompositing:1    ; additive foreground scattering]]
[2019.12.13-03.18.23:539][  0]LogConfig: Setting CVar [[r.DOF.Scatter.BackgroundCompositing:2    ; additive background scattering]]
[2019.12.13-03.18.23:539][  0]LogConfig: Setting CVar [[r.DOF.Scatter.EnableBokehSettings:1      ; bokeh simulation when scattering]]
[2019.12.13-03.18.23:539][  0]LogConfig: Setting CVar [[r.DOF.Scatter.MaxSpriteRatio:0.1         ; only a maximum of 10% of scattered bokeh]]
[2019.12.13-03.18.23:539][  0]LogConfig: Setting CVar [[r.DOF.Recombine.Quality:1                ; cheap slight out of focus]]
[2019.12.13-03.18.23:539][  0]LogConfig: Setting CVar [[r.DOF.Recombine.EnableBokehSettings:0    ; no bokeh simulation on slight out of focus]]
[2019.12.13-03.18.23:539][  0]LogConfig: Setting CVar [[r.DOF.TemporalAAQuality:1                ; more stable temporal accumulation]]
[2019.12.13-03.18.23:539][  0]LogConfig: Setting CVar [[r.DOF.Kernel.MaxForegroundRadius:0.025]]
[2019.12.13-03.18.23:539][  0]LogConfig: Setting CVar [[r.DOF.Kernel.MaxBackgroundRadius:0.025]]
[2019.12.13-03.18.23:539][  0]LogConfig: Applying CVar settings from Section [TextureQuality@3] File [C:/Repo/FinalPractice/UFinalPractice/Saved/Config/Windows/Scalability.ini]
[2019.12.13-03.18.23:539][  0]LogConfig: Setting CVar [[r.Streaming.MipBias:0]]
[2019.12.13-03.18.23:539][  0]LogConfig: Setting CVar [[r.Streaming.AmortizeCPUToGPUCopy:0]]
[2019.12.13-03.18.23:539][  0]LogConfig: Setting CVar [[r.Streaming.MaxNumTexturesToStreamPerFrame:0]]
[2019.12.13-03.18.23:539][  0]LogConfig: Setting CVar [[r.Streaming.Boost:1]]
[2019.12.13-03.18.23:539][  0]LogConfig: Setting CVar [[r.MaxAnisotropy:8]]
[2019.12.13-03.18.23:539][  0]LogConfig: Setting CVar [[r.Streaming.LimitPoolSizeToVRAM:0]]
[2019.12.13-03.18.23:539][  0]LogConfig: Setting CVar [[r.Streaming.PoolSize:1000]]
[2019.12.13-03.18.23:540][  0]LogConfig: Setting CVar [[r.Streaming.MaxEffectiveScreenSize:0]]
[2019.12.13-03.18.23:540][  0]LogConfig: Applying CVar settings from Section [EffectsQuality@3] File [C:/Repo/FinalPractice/UFinalPractice/Saved/Config/Windows/Scalability.ini]
[2019.12.13-03.18.23:540][  0]LogConfig: Setting CVar [[r.TranslucencyLightingVolumeDim:64]]
[2019.12.13-03.18.23:540][  0]LogConfig: Setting CVar [[r.RefractionQuality:2]]
[2019.12.13-03.18.23:540][  0]LogConfig: Setting CVar [[r.SSR.Quality:3]]
[2019.12.13-03.18.23:540][  0]LogConfig: Setting CVar [[r.SceneColorFormat:4]]
[2019.12.13-03.18.23:540][  0]LogConfig: Setting CVar [[r.DetailMode:2]]
[2019.12.13-03.18.23:540][  0]LogConfig: Setting CVar [[r.TranslucencyVolumeBlur:1]]
[2019.12.13-03.18.23:540][  0]LogConfig: Setting CVar [[r.MaterialQualityLevel:1 ; High quality]]
[2019.12.13-03.18.23:540][  0]LogConfig: Setting CVar [[r.SSS.Scale:1]]
[2019.12.13-03.18.23:540][  0]LogConfig: Setting CVar [[r.SSS.SampleSet:2]]
[2019.12.13-03.18.23:540][  0]LogConfig: Setting CVar [[r.SSS.Quality:1]]
[2019.12.13-03.18.23:540][  0]LogConfig: Setting CVar [[r.SSS.HalfRes:1]]
[2019.12.13-03.18.23:540][  0]LogConfig: Setting CVar [[r.EmitterSpawnRateScale:1.0]]
[2019.12.13-03.18.23:540][  0]LogConfig: Setting CVar [[r.ParticleLightQuality:2]]
[2019.12.13-03.18.23:540][  0]LogConfig: Applying CVar settings from Section [FoliageQuality@3] File [C:/Repo/FinalPractice/UFinalPractice/Saved/Config/Windows/Scalability.ini]
[2019.12.13-03.18.23:540][  0]LogConfig: Setting CVar [[foliage.DensityScale:1.0]]
[2019.12.13-03.18.23:540][  0]LogConfig: Setting CVar [[grass.DensityScale:1.0]]
[2019.12.13-03.18.23:540][  0]LogConfig: Applying CVar settings from Section [Startup] File [../../../Engine/Config/ConsoleVariables.ini]
[2019.12.13-03.18.23:540][  0]LogConfig: Setting CVar [[net.UseAdaptiveNetUpdateFrequency:0]]
[2019.12.13-03.18.23:540][  0]LogConfig: Setting CVar [[p.chaos.AllowCreatePhysxBodies:1]]
[2019.12.13-03.18.23:540][  0]LogConfig: Applying CVar settings from Section [ConsoleVariables] File [C:/Repo/FinalPractice/UFinalPractice/Saved/Config/Windows/Engine.ini]
[2019.12.13-03.18.23:540][  0]LogInit: Computer: DESKTOP-VJFBM6U
[2019.12.13-03.18.23:540][  0]LogInit: User: dani
[2019.12.13-03.18.23:540][  0]LogInit: CPU Page size=4096, Cores=8
[2019.12.13-03.18.23:540][  0]LogInit: High frequency timer resolution =10.000000 MHz
[2019.12.13-03.18.23:540][  0]LogMemory: Memory total: Physical=16.0GB (16GB approx)
[2019.12.13-03.18.23:540][  0]LogMemory: Platform Memory Stats for Windows
[2019.12.13-03.18.23:540][  0]LogMemory: Process Physical Memory: 102.62 MB used, 102.63 MB peak
[2019.12.13-03.18.23:540][  0]LogMemory: Process Virtual Memory: 100.64 MB used, 100.64 MB peak
[2019.12.13-03.18.23:540][  0]LogMemory: Physical Memory: 9413.12 MB used,  6921.72 MB free, 16334.84 MB total
[2019.12.13-03.18.23:540][  0]LogMemory: Virtual Memory: 4701.61 MB used,  134213024.00 MB free, 134217728.00 MB total
[2019.12.13-03.18.23:542][  0]LogWindows: WindowsPlatformFeatures enabled
[2019.12.13-03.18.23:566][  0]LogInit: Using OS detected language (en-US).
[2019.12.13-03.18.23:566][  0]LogInit: Using OS detected locale (en-US).
[2019.12.13-03.18.23:567][  0]LogTextLocalizationManager: No specific localization for 'en-US' exists, so the 'en' localization will be used.
[2019.12.13-03.18.23:713][  0]LogInit: Setting process to per monitor DPI aware
[2019.12.13-03.18.23:747][  0]LogSlate: New Slate User Created.  User Index 0, Is Virtual User: 0
[2019.12.13-03.18.23:747][  0]LogSlate: Slate User Registered.  User Index 0, Is Virtual User: 0
[2019.12.13-03.18.23:915][  0]LogHMD: Failed to initialize OpenVR with code 110
[2019.12.13-03.18.23:915][  0]LogD3D11RHI: D3D11 adapters:
[2019.12.13-03.18.23:983][  0]LogD3D11RHI:    0. 'NVIDIA GeForce GTX 1060 6GB' (Feature Level 11_0)
[2019.12.13-03.18.23:983][  0]LogD3D11RHI:       6052/0/8167 MB DedicatedVideo/DedicatedSystem/SharedSystem, Outputs:1, VendorId:0x10de
[2019.12.13-03.18.23:985][  0]LogD3D11RHI:    1. 'Microsoft Basic Render Driver' (Feature Level 11_0)
[2019.12.13-03.18.23:985][  0]LogD3D11RHI:       0/0/8167 MB DedicatedVideo/DedicatedSystem/SharedSystem, Outputs:0, VendorId:0x1414
[2019.12.13-03.18.23:985][  0]LogD3D11RHI: Chosen D3D11 Adapter: 0
[2019.12.13-03.18.23:993][  0]LogD3D11RHI: Creating new Direct3DDevice
[2019.12.13-03.18.23:993][  0]LogD3D11RHI:     GPU DeviceId: 0x1c03 (for the marketing name, search the web for "GPU Device Id")
[2019.12.13-03.18.23:993][  0]LogWindows: EnumDisplayDevices:
[2019.12.13-03.18.23:994][  0]LogWindows:    0. 'NVIDIA GeForce GTX 1060 6GB' (P:1 D:1)
[2019.12.13-03.18.23:994][  0]LogWindows:    1. 'NVIDIA GeForce GTX 1060 6GB' (P:0 D:0)
[2019.12.13-03.18.23:994][  0]LogWindows:    2. 'NVIDIA GeForce GTX 1060 6GB' (P:0 D:0)
[2019.12.13-03.18.23:994][  0]LogWindows:    3. 'NVIDIA GeForce GTX 1060 6GB' (P:0 D:0)
[2019.12.13-03.18.23:994][  0]LogWindows: DebugString: FoundDriverCount:4 
[2019.12.13-03.18.23:994][  0]LogD3D11RHI:     Adapter Name: NVIDIA GeForce GTX 1060 6GB
[2019.12.13-03.18.23:994][  0]LogD3D11RHI:   Driver Version: 441.12 (internal:26.21.14.4112, unified:441.12)
[2019.12.13-03.18.23:994][  0]LogD3D11RHI:      Driver Date: 10-24-2019
[2019.12.13-03.18.23:994][  0]LogRHI: Texture pool is 4236 MB (70% of 6052 MB)
[2019.12.13-03.18.24:038][  0]LogD3D11RHI: Async texture creation enabled
[2019.12.13-03.18.24:061][  0]LogD3D11RHI: GPU Timing Frequency: 1000.000000 (Debug: 2 1)
[2019.12.13-03.18.24:328][  0]LogTemp: Display: Module 'AllDesktopTargetPlatform' loaded TargetPlatform 'AllDesktop'
[2019.12.13-03.18.24:336][  0]LogTemp: Display: Module 'MacClientTargetPlatform' loaded TargetPlatform 'MacClient'
[2019.12.13-03.18.24:345][  0]LogTemp: Display: Module 'MacNoEditorTargetPlatform' loaded TargetPlatform 'MacNoEditor'
[2019.12.13-03.18.24:354][  0]LogTemp: Display: Module 'MacServerTargetPlatform' loaded TargetPlatform 'MacServer'
[2019.12.13-03.18.24:363][  0]LogTemp: Display: Module 'MacTargetPlatform' loaded TargetPlatform 'Mac'
[2019.12.13-03.18.24:372][  0]LogTemp: Display: Module 'WindowsClientTargetPlatform' loaded TargetPlatform 'WindowsClient'
[2019.12.13-03.18.24:380][  0]LogTemp: Display: Module 'WindowsNoEditorTargetPlatform' loaded TargetPlatform 'WindowsNoEditor'
[2019.12.13-03.18.24:389][  0]LogTemp: Display: Module 'WindowsServerTargetPlatform' loaded TargetPlatform 'WindowsServer'
[2019.12.13-03.18.24:393][  0]LogTemp: Display: Module 'WindowsTargetPlatform' loaded TargetPlatform 'Windows'
[2019.12.13-03.18.24:421][  0]LogTemp: Display: Module 'AndroidTargetPlatform' loaded TargetPlatform 'Android'
[2019.12.13-03.18.24:421][  0]LogTemp: Display: Module 'AndroidTargetPlatform' loaded TargetPlatform 'Android_ASTC'
[2019.12.13-03.18.24:421][  0]LogTemp: Display: Module 'AndroidTargetPlatform' loaded TargetPlatform 'Android_ATC'
[2019.12.13-03.18.24:421][  0]LogTemp: Display: Module 'AndroidTargetPlatform' loaded TargetPlatform 'Android_DXT'
[2019.12.13-03.18.24:422][  0]LogTemp: Display: Module 'AndroidTargetPlatform' loaded TargetPlatform 'Android_ETC1'
[2019.12.13-03.18.24:422][  0]LogTemp: Display: Module 'AndroidTargetPlatform' loaded TargetPlatform 'Android_ETC1a'
[2019.12.13-03.18.24:422][  0]LogTemp: Display: Module 'AndroidTargetPlatform' loaded TargetPlatform 'Android_ETC2'
[2019.12.13-03.18.24:422][  0]LogTemp: Display: Module 'AndroidTargetPlatform' loaded TargetPlatform 'Android_PVRTC'
[2019.12.13-03.18.24:422][  0]LogTemp: Display: Module 'AndroidTargetPlatform' loaded TargetPlatform 'AndroidClient'
[2019.12.13-03.18.24:422][  0]LogTemp: Display: Module 'AndroidTargetPlatform' loaded TargetPlatform 'Android_ASTCClient'
[2019.12.13-03.18.24:422][  0]LogTemp: Display: Module 'AndroidTargetPlatform' loaded TargetPlatform 'Android_ATCClient'
[2019.12.13-03.18.24:422][  0]LogTemp: Display: Module 'AndroidTargetPlatform' loaded TargetPlatform 'Android_DXTClient'
[2019.12.13-03.18.24:422][  0]LogTemp: Display: Module 'AndroidTargetPlatform' loaded TargetPlatform 'Android_ETC1Client'
[2019.12.13-03.18.24:422][  0]LogTemp: Display: Module 'AndroidTargetPlatform' loaded TargetPlatform 'Android_ETC1aClient'
[2019.12.13-03.18.24:422][  0]LogTemp: Display: Module 'AndroidTargetPlatform' loaded TargetPlatform 'Android_ETC2Client'
[2019.12.13-03.18.24:422][  0]LogTemp: Display: Module 'AndroidTargetPlatform' loaded TargetPlatform 'Android_PVRTCClient'
[2019.12.13-03.18.24:422][  0]LogTemp: Display: Module 'AndroidTargetPlatform' loaded TargetPlatform 'Android_Multi'
[2019.12.13-03.18.24:422][  0]LogTemp: Display: Module 'AndroidTargetPlatform' loaded TargetPlatform 'Android_MultiClient'
[2019.12.13-03.18.24:424][  0]LogTemp: Display: Module 'HTML5TargetPlatform' loaded TargetPlatform 'HTML5'
[2019.12.13-03.18.24:443][  0]LogTemp: Display: Module 'IOSTargetPlatform' loaded TargetPlatform 'IOSClient'
[2019.12.13-03.18.24:443][  0]LogTemp: Display: Module 'IOSTargetPlatform' loaded TargetPlatform 'IOS'
[2019.12.13-03.18.24:457][  0]LogTemp: Display: Module 'TVOSTargetPlatform' loaded TargetPlatform 'TVOSClient'
[2019.12.13-03.18.24:457][  0]LogTemp: Display: Module 'TVOSTargetPlatform' loaded TargetPlatform 'TVOS'
[2019.12.13-03.18.24:464][  0]LogTemp: Display: Module 'LinuxClientTargetPlatform' loaded TargetPlatform 'LinuxClient'
[2019.12.13-03.18.24:470][  0]LogTemp: Display: Module 'LinuxNoEditorTargetPlatform' loaded TargetPlatform 'LinuxNoEditor'
[2019.12.13-03.18.24:478][  0]LogTemp: Display: Module 'LinuxServerTargetPlatform' loaded TargetPlatform 'LinuxServer'
[2019.12.13-03.18.24:484][  0]LogTemp: Display: Module 'LinuxTargetPlatform' loaded TargetPlatform 'Linux'
[2019.12.13-03.18.24:508][  0]LogTemp: Display: Module 'LuminTargetPlatform' loaded TargetPlatform 'Lumin'
[2019.12.13-03.18.24:508][  0]LogTemp: Display: Module 'LuminTargetPlatform' loaded TargetPlatform 'LuminClient'
[2019.12.13-03.18.24:508][  0]LogTargetPlatformManager: Display: Building Assets For Windows
[2019.12.13-03.18.24:517][  0]LogAudioDebug: Display: Lib vorbis DLL was dynamically loaded.
[2019.12.13-03.18.24:571][  0]LogShaderCompilers: Guid format shader working directory is -7 characters bigger than the processId version (../../../../../../Repo/FinalPractice/UFinalPractice/Intermediate/Shaders/WorkingDirectory/22004/).
[2019.12.13-03.18.24:571][  0]LogShaderCompilers: Cleaned the shader compiler working directory 'C:/Users/dani/AppData/Local/Temp/UnrealShaderWorkingDir/C9AF3CAF44869F0C00BD34BBE640F6AF/'.
[2019.12.13-03.18.24:573][  0]LogXGEController: Cannot use XGE Controller as Incredibuild is not installed on this machine.
[2019.12.13-03.18.24:573][  0]LogShaderCompilers: Cannot use XGE Shader Compiler as Incredibuild is not installed on this machine.
[2019.12.13-03.18.24:573][  0]LogShaderCompilers: Display: Using Local Shader Compiler.
[2019.12.13-03.18.25:130][  0]LogDerivedDataCache: Display: Max Cache Size: 512 MB
[2019.12.13-03.18.25:169][  0]LogDerivedDataCache: Loaded boot cache 0.04s 77MB C:/Users/dani/AppData/Local/UnrealEngine/4.23/DerivedDataCache/Boot.ddc.
[2019.12.13-03.18.25:169][  0]LogDerivedDataCache: Display: Loaded Boot cache: C:/Users/dani/AppData/Local/UnrealEngine/4.23/DerivedDataCache/Boot.ddc
[2019.12.13-03.18.25:169][  0]LogDerivedDataCache: FDerivedDataBackendGraph:  Pak pak cache file ../../../../../../Repo/FinalPractice/UFinalPractice/DerivedDataCache/DDC.ddp not found, will not use a pak cache.
[2019.12.13-03.18.25:169][  0]LogDerivedDataCache: Unable to find inner node Pak for hierarchical cache Hierarchy.
[2019.12.13-03.18.25:169][  0]LogDerivedDataCache: FDerivedDataBackendGraph:  CompressedPak pak cache file ../../../../../../Repo/FinalPractice/UFinalPractice/DerivedDataCache/Compressed.ddp not found, will not use a pak cache.
[2019.12.13-03.18.25:169][  0]LogDerivedDataCache: Unable to find inner node CompressedPak for hierarchical cache Hierarchy.
[2019.12.13-03.18.25:180][  0]LogDerivedDataCache: Display: Pak cache opened for reading ../../../Engine/DerivedDataCache/Compressed.ddp.
[2019.12.13-03.18.25:181][  0]LogDerivedDataCache: Display: Pak cache opened for reading ../../../Enterprise/DerivedDataCache/Compressed.ddp.
[2019.12.13-03.18.25:183][  0]LogDerivedDataCache: Using Local data cache path C:/Users/dani/AppData/Local/UnrealEngine/Common/DerivedDataCache: Writable
[2019.12.13-03.18.25:183][  0]LogDerivedDataCache: Shared data cache path not found in *engine.ini, will not use an Shared cache.
[2019.12.13-03.18.25:183][  0]LogDerivedDataCache: Unable to find inner node Shared for hierarchical cache Hierarchy.
[2019.12.13-03.18.25:202][  0]LogMaterial: Verifying Global Shaders for PCD3D_SM5
[2019.12.13-03.18.25:205][  0]LogSlate: Using FreeType 2.6.0
[2019.12.13-03.18.25:205][  0]LogSlate: SlateFontServices - WITH_FREETYPE: 1, WITH_HARFBUZZ: 1
[2019.12.13-03.18.25:254][  0]LogAssetRegistry: FAssetRegistry took 0.0023 seconds to start up
[2019.12.13-03.18.25:506][  0]LogInit: Selected Device Profile: [Windows]
[2019.12.13-03.18.25:637][  0]LogMeshReduction: Using QuadricMeshReduction for automatic static mesh reduction
[2019.12.13-03.18.25:637][  0]LogMeshReduction: Using SimplygonMeshReduction for automatic skeletal mesh reduction
[2019.12.13-03.18.25:637][  0]LogMeshReduction: Using ProxyLODMeshReduction for automatic mesh merging
[2019.12.13-03.18.25:637][  0]LogMeshReduction: No distributed automatic mesh merging module available
[2019.12.13-03.18.25:637][  0]LogMeshMerging: No distributed automatic mesh merging module available
[2019.12.13-03.18.25:645][  0]LogNetVersion: UFinalPractice 1.0.0, NetCL: 8386587, EngineNetVer: 11, GameNetVer: 0 (Checksum: 687986185)
[2019.12.13-03.18.26:031][  0]LogPackageLocalizationCache: Processed 18 localized package path(s) for 1 prioritized culture(s) in 0.070662 seconds
[2019.12.13-03.18.26:037][  0]LogUObjectArray: 43444 objects as part of root set at end of initial load.
[2019.12.13-03.18.26:037][  0]LogUObjectAllocator: 7548648 out of 0 bytes used by permanent object pool.
[2019.12.13-03.18.26:037][  0]LogUObjectArray: CloseDisregardForGC: 0/0 objects in disregard for GC pool
[2019.12.13-03.18.26:778][  0]LogTcpMessaging: Initializing TcpMessaging bridge
[2019.12.13-03.18.26:781][  0]LogUdpMessaging: Initializing bridge on interface 0.0.0.0:0 to multicast group 230.0.0.1:6666.
[2019.12.13-03.18.26:995][  0]SourceControl: Source control is disabled
[2019.12.13-03.18.26:995][  0]SourceControl: Source control is disabled
[2019.12.13-03.18.26:996][  0]SourceControl: Source control is disabled
[2019.12.13-03.18.26:997][  0]SourceControl: Source control is disabled
[2019.12.13-03.18.27:145][  0]LogAndroidPermission: UAndroidPermissionCallbackProxy::GetInstance
[2019.12.13-03.18.27:251][  0]LogOcInput: OculusInput pre-init called
[2019.12.13-03.18.27:258][  0]LogWindows: Failed to load 'OVRPlugin.dll' (GetLastError=126)
[2019.12.13-03.18.27:258][  0]LogWindows: File 'OVRPlugin.dll' does not exist
[2019.12.13-03.18.29:754][  0]LogEngine: Initializing Engine...
[2019.12.13-03.18.29:755][  0]LogHMD: Failed to initialize OpenVR with code 110
[2019.12.13-03.18.29:756][  0]LogStats: UGameplayTagsManager::InitializeManager -  0.000 s
[2019.12.13-03.18.29:942][  0]LogInit: Initializing FReadOnlyCVARCache
[2019.12.13-03.18.29:955][  0]LogAIModule: Creating AISystem for world Untitled
[2019.12.13-03.18.29:980][  0]LogInit: XAudio2 using 'Headphones (2- HD 4.50BTNC Stereo)' : 2 channels at 44.1 kHz using 16 bits per sample (channel mask 0x3)
[2019.12.13-03.18.29:993][  0]LogInit: FAudioDevice initialized.
[2019.12.13-03.18.29:994][  0]LogNetVersion: Set ProjectVersion to 1.0.0.0. Version Checksum will be recalculated on next use.
[2019.12.13-03.18.30:049][  0]LogDerivedDataCache: Saved boot cache 0.05s 77MB C:/Users/dani/AppData/Local/UnrealEngine/4.23/DerivedDataCache/Boot.ddc.
[2019.12.13-03.18.30:053][  0]LogInit: Texture streaming: Enabled
[2019.12.13-03.18.30:073][  0]LogEngineSessionManager: EngineSessionManager initialized
[2019.12.13-03.18.30:073][  0]LogEngineSessionManager: EngineSessionManager sent abnormal shutdown report. Type=Debugger, SessionId={F88547A2-4ADC-81FD-D0EF-0B9738124FB8}
[2019.12.13-03.18.30:073][  0]LogEngineSessionManager: EngineSessionManager sent abnormal shutdown report. Type=Crashed, SessionId={6502DC59-4ACC-B838-B5CF-C3BB63170954}
[2019.12.13-03.18.30:074][  0]LogEditorSessionSummary: Verbose: Initializing EditorSessionSummaryWriter for editor session tracking
[2019.12.13-03.18.30:074][  0]LogEditorSessionSummary: EditorSessionSummaryWriter initialized
[2019.12.13-03.18.30:141][  0]LogInit: Transaction tracking system initialized
[2019.12.13-03.18.30:174][  0]BlueprintLog: New page: Editor Load
[2019.12.13-03.18.30:246][  0]LocalizationService: Localization service is disabled
[2019.12.13-03.18.30:478][  0]LogFileCache: Scanning file cache for directory 'C:/Repo/FinalPractice/UFinalPractice/Content/' took 0.00s
[2019.12.13-03.18.30:478][  0]LogCook: Display: Max memory allowance for cook 16384mb min free memory 0mb
[2019.12.13-03.18.30:478][  0]LogCook: Display: Mobile HDR setting 1
[2019.12.13-03.18.31:788][  0]SourceControl: Source control is disabled
[2019.12.13-03.18.31:788][  0]Cmd: MAP LOAD FILE="../../../../../../Repo/FinalPractice/UFinalPractice/Content/FirstPersonCPP/Maps/FirstPersonExampleMap.umap" TEMPLATE=0 SHOWPROGRESS=1 FEATURELEVEL=3
[2019.12.13-03.18.31:788][  0]LightingResults: New page: Lighting Build
[2019.12.13-03.18.31:791][  0]LogWorld: UWorld::CleanupWorld for Untitled, bSessionEnded=true, bCleanupResources=true
[2019.12.13-03.18.31:791][  0]MapCheck: New page: Map Check
[2019.12.13-03.18.31:791][  0]LightingResults: New page: Lighting Build
[2019.12.13-03.18.31:827][  0]LogUObjectHash: Compacting FUObjectHashTables data took   2.12ms
[2019.12.13-03.18.31:938][  0]LogAIModule: Creating AISystem for world FirstPersonExampleMap
[2019.12.13-03.18.31:943][  0]LogEditorServer: Finished looking for orphan Actors (0.000 secs)
[2019.12.13-03.18.31:979][  0]LogUObjectHash: Compacting FUObjectHashTables data took   1.99ms
[2019.12.13-03.18.31:979][  0]Cmd: MAP CHECKDEP NOCLEARLOG
[2019.12.13-03.18.31:979][  0]MapCheck: Map check complete: 0 Error(s), 0 Warning(s), took 0.163ms to complete.
[2019.12.13-03.18.31:979][  0]LogFileHelpers: Loading map 'FirstPersonExampleMap' took 0.191
[2019.12.13-03.18.32:119][  0]LogSlate: Updating window title bar state: overlay mode, drag disabled, window buttons hidden, title bar hidden
[2019.12.13-03.18.32:125][  0]LogSlate: Updating window title bar state: overlay mode, drag disabled, window buttons hidden, title bar hidden
[2019.12.13-03.18.32:132][  0]LogSlate: Updating window title bar state: overlay mode, drag disabled, window buttons hidden, title bar hidden
[2019.12.13-03.18.32:138][  0]LogSlate: Updating window title bar state: overlay mode, drag disabled, window buttons hidden, title bar hidden
[2019.12.13-03.18.32:144][  0]LogCollectionManager: Loaded 0 collections in 0.001790 seconds
[2019.12.13-03.18.32:149][  0]LogFileCache: Scanning file cache for directory 'C:/Repo/FinalPractice/UFinalPractice/Saved/Collections/' took 0.00s
[2019.12.13-03.18.32:149][  0]LogFileCache: Scanning file cache for directory 'C:/Repo/FinalPractice/UFinalPractice/Content/Developers/dani/Collections/' took 0.00s
[2019.12.13-03.18.32:149][  0]LogFileCache: Scanning file cache for directory 'C:/Repo/FinalPractice/UFinalPractice/Content/Collections/' took 0.00s
[2019.12.13-03.18.32:149][  0]LogCollectionManager: Rebuilt the GUID cache for 0 collections in 0.000001 seconds
[2019.12.13-03.18.32:158][  0]LogContentBrowser: Native class hierarchy populated in 0.0088 seconds. Added 3056 classes and 767 folders.
[2019.12.13-03.18.32:164][  0]LogContentBrowser: Native class hierarchy updated for 'WidgetCarousel' in 0.0003 seconds. Added 0 classes and 0 folders.
[2019.12.13-03.18.32:212][  0]LogContentBrowser: Native class hierarchy updated for 'AddContentDialog' in 0.0003 seconds. Added 0 classes and 0 folders.
[2019.12.13-03.18.32:296][  0]LogSlate: Took 0.000163 seconds to synchronously load lazily loaded font '../../../Engine/Content/Slate/Fonts/Roboto-Regular.ttf' (155K)
[2019.12.13-03.18.32:299][  0]LogSlate: Took 0.000154 seconds to synchronously load lazily loaded font '../../../Engine/Content/Slate/Fonts/Roboto-Bold.ttf' (160K)
[2019.12.13-03.18.32:301][  0]LogSlate: Took 0.000124 seconds to synchronously load lazily loaded font '../../../Engine/Content/Editor/Slate/Fonts/FontAwesome.ttf' (139K)
[2019.12.13-03.18.32:358][  0]LogRenderer: Reallocating scene render targets to support 1172x660 Format 10 NumSamples 1 (Frame:1).
[2019.12.13-03.18.32:404][  0]LogSlate: Took 0.000133 seconds to synchronously load lazily loaded font '../../../Engine/Content/Slate/Fonts/Roboto-Light.ttf' (167K)
[2019.12.13-03.18.32:448][  0]LogContentBrowser: Native class hierarchy updated for 'HierarchicalLODOutliner' in 0.0005 seconds. Added 0 classes and 0 folders.
[2019.12.13-03.18.32:449][  0]LogLoad: (Engine Initialization) Total time: 10.07 seconds
[2019.12.13-03.18.32:449][  0]LogLoad: (Engine Initialization) Total Blueprint compile time: 0.00 seconds
[2019.12.13-03.18.32:541][  0]LogAssetRegistry: Asset discovery search completed in 7.2870 seconds
[2019.12.13-03.18.32:543][  0]LogCollectionManager: Rebuilt the object cache for 0 collections in 0.000003 seconds (found 0 objects)
[2019.12.13-03.18.32:543][  0]LogCollectionManager: Fixed up redirectors for 0 collections in 0.000035 seconds (updated 0 objects)
[2019.12.13-03.18.32:549][  0]LogContentStreaming: Texture pool size now 1000 MB
[2019.12.13-03.18.33:811][  4]LogSlate: Took 0.000177 seconds to synchronously load lazily loaded font '../../../Engine/Content/Slate/Fonts/Roboto-Light.ttf' (167K)
[2019.12.13-03.18.36:065][186]LogSlate: FSceneViewport::OnFocusLost() reason 0
[2019.12.13-03.18.36:229][202]LogAssetEditorManager: Opening Asset editor for Blueprint /Game/BP_Cubemon.BP_Cubemon
[2019.12.13-03.18.36:443][202]LogContentBrowser: Native class hierarchy updated for 'BlueprintGraph' in 0.0006 seconds. Added 121 classes and 0 folders.
[2019.12.13-03.18.38:752][362]LogWorld: UWorld::CleanupWorld for World_4, bSessionEnded=true, bCleanupResources=true
[2019.12.13-03.18.38:819][362]LogAssetEditorManager: Opening Asset editor for Blueprint /Game/BP_Cubemon.BP_Cubemon
[2019.12.13-03.18.39:139][362]LogSlate: Took 0.000197 seconds to synchronously load lazily loaded font '../../../Engine/Content/Slate/Fonts/Roboto-BoldCondensed.ttf' (158K)
[2019.12.13-03.18.39:942][450]LogSlate: Took 0.000176 seconds to synchronously load lazily loaded font '../../../Engine/Content/Slate/Fonts/Roboto-Italic.ttf' (157K)
[2019.12.13-03.18.44:950][989]LogSlate: Prevented a slow task dialog from being summoned while a context menu was open
[2019.12.13-03.18.46:311][122]BlueprintLog: New page: Compile BP_Cubemon
[2019.12.13-03.18.46:554][122]LogUObjectHash: Compacting FUObjectHashTables data took   3.24ms
[2019.12.13-03.18.46:975][162]Cmd: OBJ SAVEPACKAGE PACKAGE="/Game/BP_Cubemon" FILE="../../../../../../Repo/FinalPractice/UFinalPractice/Content/BP_Cubemon.uasset" SILENT=true
[2019.12.13-03.18.46:996][162]LogSavePackage: Moving '../../../../../../Repo/FinalPractice/UFinalPractice/Saved/BP_CubemonBCF9A4474F22FFBF3E2903A064E030C4.tmp' to '../../../../../../Repo/FinalPractice/UFinalPractice/Content/BP_Cubemon.uasset'
[2019.12.13-03.19.05:328][338]LogSlate: FSceneViewport::OnFocusLost() reason 0
[2019.12.13-03.19.18:623][912]BlueprintLog: New page: Compile BP_Cubemon
[2019.12.13-03.19.18:832][912]LogUObjectHash: Compacting FUObjectHashTables data took   3.11ms
[2019.12.13-03.19.19:257][954]Cmd: OBJ SAVEPACKAGE PACKAGE="/Game/BP_Cubemon" FILE="../../../../../../Repo/FinalPractice/UFinalPractice/Content/BP_Cubemon.uasset" SILENT=true
[2019.12.13-03.19.19:286][954]LogSavePackage: Moving '../../../../../../Repo/FinalPractice/UFinalPractice/Saved/BP_Cubemon2BED9041481D1129739C30B99F472358.tmp' to '../../../../../../Repo/FinalPractice/UFinalPractice/Content/BP_Cubemon.uasset'
[2019.12.13-03.19.20:659][102]LogTemp: Repeating last play command: Selected Viewport
[2019.12.13-03.19.20:678][102]LogBlueprintUserMessages: Early PlayInEditor Detection: Level '/Game/FirstPersonCPP/Maps/FirstPersonExampleMap.FirstPersonExampleMap:PersistentLevel' has LevelScriptBlueprint '/Game/FirstPersonCPP/Maps/FirstPersonExampleMap.FirstPersonExampleMap:PersistentLevel.FirstPersonExampleMap' with GeneratedClass '/Game/FirstPersonCPP/Maps/FirstPersonExampleMap.FirstPersonExampleMap_C' with ClassGeneratedBy '/Game/FirstPersonCPP/Maps/FirstPersonExampleMap.FirstPersonExampleMap:PersistentLevel.FirstPersonExampleMap'
[2019.12.13-03.19.20:678][102]LogPlayLevel: PlayLevel: No blueprints needed recompiling
[2019.12.13-03.19.20:678][102]PIE: New page: PIE session: FirstPersonExampleMap (Dec 12, 2019, 5:19:20 PM)
[2019.12.13-03.19.20:679][102]LogOnline: OSS: Creating online subsystem instance for: NULL
[2019.12.13-03.19.20:680][102]LogPlayLevel: Creating play world package: /Game/FirstPersonCPP/Maps/UEDPIE_0_FirstPersonExampleMap
[2019.12.13-03.19.20:692][102]LogPlayLevel: PIE: StaticDuplicateObject took: (0.011668s)
[2019.12.13-03.19.20:693][102]LogAIModule: Creating AISystem for world FirstPersonExampleMap
[2019.12.13-03.19.20:693][102]LogPlayLevel: PIE: World Init took: (0.000928s)
[2019.12.13-03.19.20:693][102]LogPlayLevel: PIE: Created PIE world by copying editor world from /Game/FirstPersonCPP/Maps/FirstPersonExampleMap.FirstPersonExampleMap to /Game/FirstPersonCPP/Maps/UEDPIE_0_FirstPersonExampleMap.FirstPersonExampleMap (0.012841s)
[2019.12.13-03.19.20:732][102]LogUObjectHash: Compacting FUObjectHashTables data took   2.71ms
[2019.12.13-03.19.20:750][102]LogInit: XAudio2 using 'Headphones (2- HD 4.50BTNC Stereo)' : 2 channels at 44.1 kHz using 16 bits per sample (channel mask 0x3)
[2019.12.13-03.19.20:759][102]LogInit: FAudioDevice initialized.
[2019.12.13-03.19.20:768][102]LogLoad: Game class is 'UFinalPracticeGameMode'
[2019.12.13-03.19.20:770][102]LogWorld: Bringing World /Game/FirstPersonCPP/Maps/UEDPIE_0_FirstPersonExampleMap.FirstPersonExampleMap up for play (max tick rate 0) at 2019.12.12-22.19.20
[2019.12.13-03.19.20:771][102]LogWorld: Bringing up level for play took: 0.001812
[2019.12.13-03.19.20:771][102]LogOnline: OSS: Creating online subsystem instance for: :Context_9
[2019.12.13-03.19.20:778][102]LogContentBrowser: Native class hierarchy updated for 'MovieSceneCapture' in 0.0004 seconds. Added 20 classes and 0 folders.
[2019.12.13-03.19.20:779][102]PIE: Play in editor start time for /Game/FirstPersonCPP/Maps/UEDPIE_0_FirstPersonExampleMap 0.653
[2019.12.13-03.19.20:779][102]LogBlueprintUserMessages: Late PlayInEditor Detection: Level '/Game/FirstPersonCPP/Maps/FirstPersonExampleMap.FirstPersonExampleMap:PersistentLevel' has LevelScriptBlueprint '/Game/FirstPersonCPP/Maps/FirstPersonExampleMap.FirstPersonExampleMap:PersistentLevel.FirstPersonExampleMap' with GeneratedClass '/Game/FirstPersonCPP/Maps/FirstPersonExampleMap.FirstPersonExampleMap_C' with ClassGeneratedBy '/Game/FirstPersonCPP/Maps/FirstPersonExampleMap.FirstPersonExampleMap:PersistentLevel.FirstPersonExampleMap'
[2019.12.13-03.19.22:679][293]LogBlueprintUserMessages: Early EndPlayMap Detection: Level '/Game/FirstPersonCPP/Maps/FirstPersonExampleMap.FirstPersonExampleMap:PersistentLevel' has LevelScriptBlueprint '/Game/FirstPersonCPP/Maps/FirstPersonExampleMap.FirstPersonExampleMap:PersistentLevel.FirstPersonExampleMap' with GeneratedClass '/Game/FirstPersonCPP/Maps/FirstPersonExampleMap.FirstPersonExampleMap_C' with ClassGeneratedBy '/Game/FirstPersonCPP/Maps/FirstPersonExampleMap.FirstPersonExampleMap:PersistentLevel.FirstPersonExampleMap'
[2019.12.13-03.19.22:679][293]LogSlate: Updating window title bar state: overlay mode, drag disabled, window buttons hidden, title bar hidden
[2019.12.13-03.19.22:679][293]LogWorld: BeginTearingDown for /Game/FirstPersonCPP/Maps/UEDPIE_0_FirstPersonExampleMap
[2019.12.13-03.19.22:679][293]LogWorld: UWorld::CleanupWorld for FirstPersonExampleMap, bSessionEnded=true, bCleanupResources=true
[2019.12.13-03.19.22:691][293]LogPlayLevel: Display: Shutting down PIE online subsystems
[2019.12.13-03.19.22:691][293]LogBlueprintUserMessages: Late EndPlayMap Detection: Level '/Game/FirstPersonCPP/Maps/FirstPersonExampleMap.FirstPersonExampleMap:PersistentLevel' has LevelScriptBlueprint '/Game/FirstPersonCPP/Maps/FirstPersonExampleMap.FirstPersonExampleMap:PersistentLevel.FirstPersonExampleMap' with GeneratedClass '/Game/FirstPersonCPP/Maps/FirstPersonExampleMap.FirstPersonExampleMap_C' with ClassGeneratedBy '/Game/FirstPersonCPP/Maps/FirstPersonExampleMap.FirstPersonExampleMap:PersistentLevel.FirstPersonExampleMap'
[2019.12.13-03.19.22:729][293]LogSlate: Updating window title bar state: overlay mode, drag disabled, window buttons hidden, title bar hidden
[2019.12.13-03.19.22:752][293]LogUObjectHash: Compacting FUObjectHashTables data took   3.62ms
[2019.12.13-03.19.22:782][294]LogPlayLevel: Display: Destroying online subsystem :Context_9
[2019.12.13-03.19.25:822][606]LogSlate: FSceneViewport::OnFocusLost() reason 0
[2019.12.13-03.19.31:390][194]LogEditorViewport: Clicking on Actor (LMB): BP_Cubemon_C (BP_Cubemon)
[2019.12.13-03.19.40:404][138]LogTemp: Repeating last play command: Selected Viewport
[2019.12.13-03.19.40:420][138]LogBlueprintUserMessages: Early PlayInEditor Detection: Level '/Game/FirstPersonCPP/Maps/FirstPersonExampleMap.FirstPersonExampleMap:PersistentLevel' has LevelScriptBlueprint '/Game/FirstPersonCPP/Maps/FirstPersonExampleMap.FirstPersonExampleMap:PersistentLevel.FirstPersonExampleMap' with GeneratedClass '/Game/FirstPersonCPP/Maps/FirstPersonExampleMap.FirstPersonExampleMap_C' with ClassGeneratedBy '/Game/FirstPersonCPP/Maps/FirstPersonExampleMap.FirstPersonExampleMap:PersistentLevel.FirstPersonExampleMap'
[2019.12.13-03.19.40:421][138]LogPlayLevel: PlayLevel: No blueprints needed recompiling
[2019.12.13-03.19.40:421][138]PIE: New page: PIE session: FirstPersonExampleMap (Dec 12, 2019, 5:19:40 PM)
[2019.12.13-03.19.40:421][138]LogPlayLevel: Creating play world package: /Game/FirstPersonCPP/Maps/UEDPIE_0_FirstPersonExampleMap
[2019.12.13-03.19.40:430][138]LogPlayLevel: PIE: StaticDuplicateObject took: (0.009736s)
[2019.12.13-03.19.40:431][138]LogAIModule: Creating AISystem for world FirstPersonExampleMap
[2019.12.13-03.19.40:432][138]LogPlayLevel: PIE: World Init took: (0.001037s)
[2019.12.13-03.19.40:432][138]LogPlayLevel: PIE: Created PIE world by copying editor world from /Game/FirstPersonCPP/Maps/FirstPersonExampleMap.FirstPersonExampleMap to /Game/FirstPersonCPP/Maps/UEDPIE_0_FirstPersonExampleMap.FirstPersonExampleMap (0.010929s)
[2019.12.13-03.19.40:475][138]LogUObjectHash: Compacting FUObjectHashTables data took   4.38ms
[2019.12.13-03.19.40:495][138]LogInit: XAudio2 using 'Headphones (2- HD 4.50BTNC Stereo)' : 2 channels at 44.1 kHz using 16 bits per sample (channel mask 0x3)
[2019.12.13-03.19.40:504][138]LogInit: FAudioDevice initialized.
[2019.12.13-03.19.40:504][138]LogSlate: FSceneViewport::OnFocusLost() reason 2
[2019.12.13-03.19.40:510][138]LogLoad: Game class is 'UFinalPracticeGameMode'
[2019.12.13-03.19.40:512][138]LogWorld: Bringing World /Game/FirstPersonCPP/Maps/UEDPIE_0_FirstPersonExampleMap.FirstPersonExampleMap up for play (max tick rate 0) at 2019.12.12-22.19.40
[2019.12.13-03.19.40:513][138]LogWorld: Bringing up level for play took: 0.002512
[2019.12.13-03.19.40:513][138]LogOnline: OSS: Creating online subsystem instance for: :Context_10
[2019.12.13-03.19.40:515][138]PIE: Play in editor start time for /Game/FirstPersonCPP/Maps/UEDPIE_0_FirstPersonExampleMap 0.39
[2019.12.13-03.19.40:515][138]LogBlueprintUserMessages: Late PlayInEditor Detection: Level '/Game/FirstPersonCPP/Maps/FirstPersonExampleMap.FirstPersonExampleMap:PersistentLevel' has LevelScriptBlueprint '/Game/FirstPersonCPP/Maps/FirstPersonExampleMap.FirstPersonExampleMap:PersistentLevel.FirstPersonExampleMap' with GeneratedClass '/Game/FirstPersonCPP/Maps/FirstPersonExampleMap.FirstPersonExampleMap_C' with ClassGeneratedBy '/Game/FirstPersonCPP/Maps/FirstPersonExampleMap.FirstPersonExampleMap:PersistentLevel.FirstPersonExampleMap'
[2019.12.13-03.20.03:397][879]LogBlueprintUserMessages: Early EndPlayMap Detection: Level '/Game/FirstPersonCPP/Maps/FirstPersonExampleMap.FirstPersonExampleMap:PersistentLevel' has LevelScriptBlueprint '/Game/FirstPersonCPP/Maps/FirstPersonExampleMap.FirstPersonExampleMap:PersistentLevel.FirstPersonExampleMap' with GeneratedClass '/Game/FirstPersonCPP/Maps/FirstPersonExampleMap.FirstPersonExampleMap_C' with ClassGeneratedBy '/Game/FirstPersonCPP/Maps/FirstPersonExampleMap.FirstPersonExampleMap:PersistentLevel.FirstPersonExampleMap'
[2019.12.13-03.20.03:397][879]LogSlate: Updating window title bar state: overlay mode, drag disabled, window buttons hidden, title bar hidden
[2019.12.13-03.20.03:397][879]LogWorld: BeginTearingDown for /Game/FirstPersonCPP/Maps/UEDPIE_0_FirstPersonExampleMap
[2019.12.13-03.20.03:398][879]LogWorld: UWorld::CleanupWorld for FirstPersonExampleMap, bSessionEnded=true, bCleanupResources=true
[2019.12.13-03.20.03:407][879]LogPlayLevel: Display: Shutting down PIE online subsystems
[2019.12.13-03.20.03:408][879]LogBlueprintUserMessages: Late EndPlayMap Detection: Level '/Game/FirstPersonCPP/Maps/FirstPersonExampleMap.FirstPersonExampleMap:PersistentLevel' has LevelScriptBlueprint '/Game/FirstPersonCPP/Maps/FirstPersonExampleMap.FirstPersonExampleMap:PersistentLevel.FirstPersonExampleMap' with GeneratedClass '/Game/FirstPersonCPP/Maps/FirstPersonExampleMap.FirstPersonExampleMap_C' with ClassGeneratedBy '/Game/FirstPersonCPP/Maps/FirstPersonExampleMap.FirstPersonExampleMap:PersistentLevel.FirstPersonExampleMap'
[2019.12.13-03.20.03:449][879]LogSlate: Updating window title bar state: overlay mode, drag disabled, window buttons hidden, title bar hidden
[2019.12.13-03.20.03:454][879]LogUObjectHash: Compacting FUObjectHashTables data took   3.11ms
[2019.12.13-03.20.03:502][881]LogPlayLevel: Display: Destroying online subsystem :Context_10
[2019.12.13-03.20.13:768][157]LogUObjectHash: Compacting FUObjectHashTables data took   0.94ms
[2019.12.13-03.20.13:789][157]LogSlate: FSceneViewport::OnFocusLost() reason 5
[2019.12.13-03.20.13:836][157]LogUObjectHash: Compacting FUObjectHashTables data took   0.96ms
[2019.12.13-03.20.14:103][157]LogSavePackage: Moving '../../../../../../Repo/FinalPractice/UFinalPractice/Saved/FirstPersonExampleMap736235274068E27B9A1482829F9207D7.tmp' to '../../../../../../Repo/FinalPractice/UFinalPractice/Content/FirstPersonCPP/Maps/FirstPersonExampleMap.umap'
[2019.12.13-03.20.14:141][157]LogFileHelpers: Saving map 'FirstPersonExampleMap' took 0.343
[2019.12.13-03.21.14:271][648]LogSlate: Only BGRA pngs, bmps or icos are supported in by External Image Picker
[2019.12.13-03.21.17:038][909]LogSlate: Window 'Project Settings' being destroyed
[2019.12.13-03.27.33:435][548]LogEditorSessionSummary: EditorSessionSummary sent report. Type=Crashed, SessionId={6502DC59-4ACC-B838-B5CF-C3BB63170954}
[2019.12.13-03.27.42:859][576]LogAudio: Error: GetDeviceCount error: Unhandled error code -2147024809
[2019.12.13-03.27.42:859][576]LogInit: No audio devices found!
[2019.12.13-03.27.43:208][577]LogAudio: Warning: Current Audio Device with ID {0.0.0.00000000}.{85baa6f6-5fcf-4db8-b4a1-17d3ddcd9716} was removed. Shutting down audio device.
[2019.12.13-03.27.43:208][577]LogInit: XAudio2 using 'Speakers (2- High Definition Audio Device)' : 2 channels at 48 kHz using 16 bits per sample (channel mask 0x3)
[2019.12.13-03.27.43:541][578]LogInit: XAudio2 using 'Speakers (2- High Definition Audio Device)' : 2 channels at 48 kHz using 16 bits per sample (channel mask 0x3)
[2019.12.13-03.35.02:086][969]Candidate modules for hot reload:
[2019.12.13-03.35.02:086][969]  UFinalPractice
[2019.12.13-03.35.02:086][969]Launching UnrealBuildTool... [C:/Program Files/Epic Games/UE_4.23/Engine/Binaries/DotNET/UnrealBuildTool.exe  -ModuleWithSuffix=UFinalPractice,1212 Win64 Development -TargetType=Editor -Project="C:/Repo/FinalPractice/UFinalPractice/UFinalPractice.uproject" "C:/Repo/FinalPractice/UFinalPractice/UFinalPractice.uproject"  -IgnoreJunk]
[2019.12.13-03.35.02:088][969]Warning: Starting HotReload took  0.0s.
[2019.12.13-03.35.12:511][990]LogSlate: FSceneViewport::OnFocusLost() reason 0
[2019.12.13-03.35.22:199][111]CompilerResultsLog: New page: Compilation - Dec 12, 2019, 5:35:22 PM
[2019.12.13-03.35.22:199][111]CompilerResultsLog: Using 'git status' to determine working set for adaptive non-unity build (C:\Repo\FinalPractice).
[2019.12.13-03.35.22:199][111]CompilerResultsLog: Parsing headers for UFinalPracticeEditor
[2019.12.13-03.35.22:199][111]CompilerResultsLog:   Running UnrealHeaderTool "C:\Repo\FinalPractice\UFinalPractice\UFinalPractice.uproject" "C:\Repo\FinalPractice\UFinalPractice\Intermediate\Build\Win64\UFinalPracticeEditor\Development\UFinalPracticeEditor.uhtmanifest" -LogCmds="loginit warning, logexit warning, logdatabase error" -Unattended -WarningsAsErrors -installed
[2019.12.13-03.35.22:199][111]CompilerResultsLog: Reflection code generated for UFinalPracticeEditor in 5.8561697 seconds
[2019.12.13-03.35.22:199][111]CompilerResultsLog: Using Visual Studio 2019 14.23.28105 toolchain (C:\Program Files (x86)\Microsoft Visual Studio\2019\Community\VC\Tools\MSVC\14.23.28105) and Windows 10.0.18362.0 SDK (C:\Program Files (x86)\Windows Kits\10).
[2019.12.13-03.35.22:199][111]CompilerResultsLog: Building 11 actions with 16 processes...
[2019.12.13-03.35.22:199][111]CompilerResultsLog:   [1/11] UFinalPractice.init.gen.cpp
[2019.12.13-03.35.22:199][111]CompilerResultsLog:   [2/11] Caltrop.cpp
[2019.12.13-03.35.22:200][111]CompilerResultsLog:   [3/11] UFinalPracticeGameMode.cpp
[2019.12.13-03.35.22:200][111]CompilerResultsLog:   [4/11] UFinalPracticeCharacter.gen.cpp
[2019.12.13-03.35.22:200][111]CompilerResultsLog:   [5/11] HealthKit.cpp
[2019.12.13-03.35.22:200][111]CompilerResultsLog:   [6/11] LaunchPad.cpp
[2019.12.13-03.35.22:200][111]CompilerResultsLog:   [7/11] ProximityMine.cpp
[2019.12.13-03.35.22:200][111]CompilerResultsLog:   [8/11] UFinalPracticeCharacter.cpp
[2019.12.13-03.35.22:200][111]CompilerResultsLog:   [9/11] UE4Editor-UFinalPractice-1212.lib
[2019.12.13-03.35.22:200][111]CompilerResultsLog:      Creating library C:\Repo\FinalPractice\UFinalPractice\Intermediate\Build\Win64\UE4Editor\Development\UFinalPractice\UE4Editor-UFinalPractice-1212.lib and object C:\Repo\FinalPractice\UFinalPractice\Intermediate\Build\Win64\UE4Editor\Development\UFinalPractice\UE4Editor-UFinalPractice-1212.exp
[2019.12.13-03.35.22:200][111]CompilerResultsLog:   [10/11] UE4Editor-UFinalPractice-1212.dll
[2019.12.13-03.35.22:200][111]CompilerResultsLog:      Creating library C:\Repo\FinalPractice\UFinalPractice\Intermediate\Build\Win64\UE4Editor\Development\UFinalPractice\UE4Editor-UFinalPractice-1212.suppressed.lib and object C:\Repo\FinalPractice\UFinalPractice\Intermediate\Build\Win64\UE4Editor\Development\UFinalPractice\UE4Editor-UFinalPractice-1212.suppressed.exp
[2019.12.13-03.35.22:200][111]CompilerResultsLog:   [11/11] UFinalPracticeEditor.target
[2019.12.13-03.35.22:200][111]CompilerResultsLog: Total time in Parallel executor: 13.17 seconds
[2019.12.13-03.35.22:200][111]CompilerResultsLog: Total execution time: 19.95 seconds
[2019.12.13-03.35.22:200][111]LogMainFrame: MainFrame: Module compiling took 20.132 seconds
[2019.12.13-03.35.22:274][111]LogUObjectHash: Compacting FUObjectHashTables data took   4.78ms
[2019.12.13-03.35.22:315][111]LogClass: Could not find existing class UFinalPracticeCharacter in package /Script/UFinalPractice for HotReload, assuming new class
[2019.12.13-03.35.22:337][111]LogHotReload: Re-instancing UFinalPracticeCharacter after hot-reload.
[2019.12.13-03.35.22:832][111]LogContentBrowser: Native class hierarchy updated for 'UFinalPractice' in 0.0004 seconds. Added 11 classes and 2 folders.
[2019.12.13-03.35.22:837][111]Display: HotReload successful (1 functions remapped  0 scriptstructs remapped)
[2019.12.13-03.35.22:954][111]LogUObjectHash: Compacting FUObjectHashTables data took   4.71ms
[2019.12.13-03.35.22:970][111]LogContentBrowser: Native class hierarchy populated in 0.0085 seconds. Added 3056 classes and 767 folders.
[2019.12.13-03.35.22:974][111]Display: HotReload took 20.9s.
[2019.12.13-03.35.25:405][353]LogSlate: FSceneViewport::OnFocusLost() reason 5
[2019.12.13-03.35.25:567][359]LogMaterial: Display: Missing cached shader map for material Material_0, compiling. 
[2019.12.13-03.35.25:653][360]LogShaderCompilers: Display: Worker (1/13): shaders left to compile 43
[2019.12.13-03.35.25:653][360]LogShaderCompilers: Display: Worker (2/13): shaders left to compile 39
[2019.12.13-03.35.25:653][360]LogShaderCompilers: Display: Worker (3/13): shaders left to compile 35
[2019.12.13-03.35.25:653][360]LogShaderCompilers: Display: Worker (4/13): shaders left to compile 31
[2019.12.13-03.35.25:653][360]LogShaderCompilers: Display: Worker (5/13): shaders left to compile 27
[2019.12.13-03.35.25:653][360]LogShaderCompilers: Display: Worker (6/13): shaders left to compile 23
[2019.12.13-03.35.25:653][360]LogShaderCompilers: Display: Worker (7/13): shaders left to compile 19
[2019.12.13-03.35.25:653][360]LogShaderCompilers: Display: Worker (8/13): shaders left to compile 15
[2019.12.13-03.35.25:653][360]LogShaderCompilers: Display: Worker (9/13): shaders left to compile 11
[2019.12.13-03.35.25:653][360]LogShaderCompilers: Display: Worker (10/13): shaders left to compile 7
[2019.12.13-03.35.25:653][360]LogShaderCompilers: Display: Worker (11/13): shaders left to compile 3
[2019.12.13-03.35.25:673][360]LogMaterial: Display: Missing cached shader map for material Material_1, compiling. 
[2019.12.13-03.35.25:706][361]LogMaterial: Display: Missing cached shader map for material Material_2, compiling. 
[2019.12.13-03.35.25:737][362]LogMaterial: Display: Missing cached shader map for material Material_3, compiling. 
[2019.12.13-03.35.25:760][362]LogShaderCompilers: Display: Worker (12/13): shaders left to compile 86
[2019.12.13-03.35.25:778][363]LogMaterial: Display: Missing cached shader map for material Material_4, compiling. 
[2019.12.13-03.35.25:838][365]LogMaterial: Display: Missing cached shader map for material Material_5, compiling. 
[2019.12.13-03.35.25:879][366]LogMaterial: Display: Missing cached shader map for material Material_6, compiling. 
[2019.12.13-03.35.25:918][367]LogMaterial: Display: Missing cached shader map for material Material_7, compiling. 
[2019.12.13-03.35.26:614][403]LogShaderCompilers: Display: Worker (11/13): shaders left to compile 293
[2019.12.13-03.35.26:722][411]LogShaderCompilers: Display: Worker (6/13): shaders left to compile 283
[2019.12.13-03.35.26:799][413]LogShaderCompilers: Display: Worker (1/13): shaders left to compile 273
[2019.12.13-03.35.26:877][415]LogShaderCompilers: Display: Worker (5/13): shaders left to compile 263
[2019.12.13-03.35.26:942][416]LogShaderCompilers: Display: Worker (4/13): shaders left to compile 253
[2019.12.13-03.35.26:945][417]LogShaderCompilers: Display: Worker (2/13): shaders left to compile 243
[2019.12.13-03.35.26:979][417]LogShaderCompilers: Display: Worker (3/13): shaders left to compile 233
[2019.12.13-03.35.27:059][419]LogShaderCompilers: Display: Worker (7/13): shaders left to compile 223
[2019.12.13-03.35.27:738][465]LogShaderCompilers: Display: Worker (9/13): shaders left to compile 213
[2019.12.13-03.35.27:830][474]LogShaderCompilers: Display: Worker (12/13): shaders left to compile 203
[2019.12.13-03.35.27:849][476]LogShaderCompilers: Display: Worker (10/13): shaders left to compile 193
[2019.12.13-03.35.27:958][486]LogShaderCompilers: Display: Worker (8/13): shaders left to compile 183
[2019.12.13-03.35.28:315][516]LogTemp: Repeating last play command: Selected Viewport
[2019.12.13-03.35.28:352][516]LogBlueprintUserMessages: Early PlayInEditor Detection: Level '/Game/FirstPersonCPP/Maps/FirstPersonExampleMap.FirstPersonExampleMap:PersistentLevel' has LevelScriptBlueprint '/Game/FirstPersonCPP/Maps/FirstPersonExampleMap.FirstPersonExampleMap:PersistentLevel.FirstPersonExampleMap' with GeneratedClass '/Game/FirstPersonCPP/Maps/FirstPersonExampleMap.FirstPersonExampleMap_C' with ClassGeneratedBy '/Game/FirstPersonCPP/Maps/FirstPersonExampleMap.FirstPersonExampleMap:PersistentLevel.FirstPersonExampleMap'
[2019.12.13-03.35.28:353][516]LogPlayLevel: PlayLevel: No blueprints needed recompiling
[2019.12.13-03.35.28:353][516]PIE: New page: PIE session: FirstPersonExampleMap (Dec 12, 2019, 5:35:28 PM)
[2019.12.13-03.35.28:353][516]LogPlayLevel: Creating play world package: /Game/FirstPersonCPP/Maps/UEDPIE_0_FirstPersonExampleMap
[2019.12.13-03.35.28:372][516]LogPlayLevel: PIE: StaticDuplicateObject took: (0.019834s)
[2019.12.13-03.35.28:375][516]LogAIModule: Creating AISystem for world FirstPersonExampleMap
[2019.12.13-03.35.28:375][516]LogPlayLevel: PIE: World Init took: (0.002893s)
[2019.12.13-03.35.28:375][516]LogPlayLevel: PIE: Created PIE world by copying editor world from /Game/FirstPersonCPP/Maps/FirstPersonExampleMap.FirstPersonExampleMap to /Game/FirstPersonCPP/Maps/UEDPIE_0_FirstPersonExampleMap.FirstPersonExampleMap (0.022998s)
[2019.12.13-03.35.28:516][516]LogUObjectHash: Compacting FUObjectHashTables data took  12.65ms
[2019.12.13-03.35.28:534][516]LogInit: XAudio2 using 'Speakers (2- High Definition Audio Device)' : 2 channels at 48 kHz using 16 bits per sample (channel mask 0x3)
[2019.12.13-03.35.28:558][516]LogInit: FAudioDevice initialized.
[2019.12.13-03.35.28:573][516]LogLoad: Game class is 'UFinalPracticeGameMode'
[2019.12.13-03.35.28:578][516]LogWorld: Bringing World /Game/FirstPersonCPP/Maps/UEDPIE_0_FirstPersonExampleMap.FirstPersonExampleMap up for play (max tick rate 0) at 2019.12.12-22.35.28
[2019.12.13-03.35.28:579][516]LogWorld: Bringing up level for play took: 0.005119
[2019.12.13-03.35.28:580][516]LogOnline: OSS: Creating online subsystem instance for: :Context_18
[2019.12.13-03.35.28:585][516]PIE: Play in editor start time for /Game/FirstPersonCPP/Maps/UEDPIE_0_FirstPersonExampleMap 0.459
[2019.12.13-03.35.28:585][516]LogBlueprintUserMessages: Late PlayInEditor Detection: Level '/Game/FirstPersonCPP/Maps/FirstPersonExampleMap.FirstPersonExampleMap:PersistentLevel' has LevelScriptBlueprint '/Game/FirstPersonCPP/Maps/FirstPersonExampleMap.FirstPersonExampleMap:PersistentLevel.FirstPersonExampleMap' with GeneratedClass '/Game/FirstPersonCPP/Maps/FirstPersonExampleMap.FirstPersonExampleMap_C' with ClassGeneratedBy '/Game/FirstPersonCPP/Maps/FirstPersonExampleMap.FirstPersonExampleMap:PersistentLevel.FirstPersonExampleMap'
[2019.12.13-03.35.29:247][559]LogShaderCompilers: Display: Worker (6/13): shaders left to compile 173
[2019.12.13-03.35.29:260][560]LogShaderCompilers: Display: Worker (2/13): shaders left to compile 163
[2019.12.13-03.35.29:470][577]LogShaderCompilers: Display: Worker (11/13): shaders left to compile 153
[2019.12.13-03.35.29:655][592]LogShaderCompilers: Display: Worker (4/13): shaders left to compile 143
[2019.12.13-03.35.29:761][599]LogShaderCompilers: Display: Worker (5/13): shaders left to compile 133
[2019.12.13-03.35.30:291][637]LogShaderCompilers: Display: Worker (9/13): shaders left to compile 123
[2019.12.13-03.35.30:381][644]LogShaderCompilers: Display: Worker (12/13): shaders left to compile 113
[2019.12.13-03.35.30:490][653]LogShaderCompilers: Display: Worker (7/13): shaders left to compile 103
[2019.12.13-03.35.31:597][734]LogShaderCompilers: Display: Worker (3/13): shaders left to compile 94
[2019.12.13-03.35.31:597][734]LogShaderCompilers: Display: Worker (10/13): shaders left to compile 86
[2019.12.13-03.35.31:625][735]LogShaderCompilers: Display: Worker (6/13): shaders left to compile 78
[2019.12.13-03.35.31:964][757]LogShaderCompilers: Display: Worker (1/13): shaders left to compile 71
[2019.12.13-03.35.32:041][762]LogShaderCompilers: Display: Worker (2/13): shaders left to compile 65
[2019.12.13-03.35.32:233][775]LogShaderCompilers: Display: Worker (11/13): shaders left to compile 59
[2019.12.13-03.35.32:474][789]LogShaderCompilers: Display: Worker (8/13): shaders left to compile 54
[2019.12.13-03.35.32:555][793]LogShaderCompilers: Display: Worker (12/13): shaders left to compile 49
[2019.12.13-03.35.32:590][795]LogShaderCompilers: Display: Worker (5/13): shaders left to compile 44
[2019.12.13-03.35.33:033][824]LogShaderCompilers: Display: Worker (9/13): shaders left to compile 40
[2019.12.13-03.35.33:252][838]LogShaderCompilers: Display: Worker (2/13): shaders left to compile 36
[2019.12.13-03.35.33:537][859]LogShaderCompilers: Display: Worker (1/13): shaders left to compile 32
[2019.12.13-03.35.33:550][860]LogShaderCompilers: Display: Worker (5/13): shaders left to compile 29
[2019.12.13-03.35.33:644][865]LogShaderCompilers: Display: Worker (6/13): shaders left to compile 26
[2019.12.13-03.35.33:659][866]LogShaderCompilers: Display: Worker (10/13): shaders left to compile 23
[2019.12.13-03.35.34:083][895]LogShaderCompilers: Display: Worker (9/13): shaders left to compile 21
[2019.12.13-03.35.34:167][901]LogShaderCompilers: Display: Worker (10/13): shaders left to compile 19
[2019.12.13-03.35.34:307][909]LogShaderCompilers: Display: Worker (6/13): shaders left to compile 17
[2019.12.13-03.35.34:356][911]LogShaderCompilers: Display: Worker (4/13): shaders left to compile 15
[2019.12.13-03.35.34:397][913]LogShaderCompilers: Display: Worker (2/13): shaders left to compile 13
[2019.12.13-03.35.34:410][914]LogShaderCompilers: Display: Worker (1/13): shaders left to compile 11
[2019.12.13-03.35.34:481][919]LogShaderCompilers: Display: Worker (9/13): shaders left to compile 10
[2019.12.13-03.35.34:559][924]LogShaderCompilers: Display: Worker (5/13): shaders left to compile 9
[2019.12.13-03.35.34:578][925]LogShaderCompilers: Display: Worker (10/13): shaders left to compile 8
[2019.12.13-03.35.34:664][930]LogShaderCompilers: Display: Worker (3/13): shaders left to compile 7
[2019.12.13-03.35.34:740][935]LogShaderCompilers: Display: Worker (12/13): shaders left to compile 6
[2019.12.13-03.35.34:823][941]LogShaderCompilers: Display: Worker (1/13): shaders left to compile 5
[2019.12.13-03.35.35:008][953]LogShaderCompilers: Display: Worker (8/13): shaders left to compile 4
[2019.12.13-03.35.35:008][953]LogShaderCompilers: Display: Worker (10/13): shaders left to compile 3
[2019.12.13-03.35.35:036][955]LogShaderCompilers: Display: Worker (7/13): shaders left to compile 2
[2019.12.13-03.35.35:077][956]LogShaderCompilers: Display: Worker (11/13): shaders left to compile 1
[2019.12.13-03.35.49:110][622]LogBlueprintUserMessages: Early EndPlayMap Detection: Level '/Game/FirstPersonCPP/Maps/FirstPersonExampleMap.FirstPersonExampleMap:PersistentLevel' has LevelScriptBlueprint '/Game/FirstPersonCPP/Maps/FirstPersonExampleMap.FirstPersonExampleMap:PersistentLevel.FirstPersonExampleMap' with GeneratedClass '/Game/FirstPersonCPP/Maps/FirstPersonExampleMap.FirstPersonExampleMap_C' with ClassGeneratedBy '/Game/FirstPersonCPP/Maps/FirstPersonExampleMap.FirstPersonExampleMap:PersistentLevel.FirstPersonExampleMap'
[2019.12.13-03.35.49:110][622]LogSlate: Updating window title bar state: overlay mode, drag disabled, window buttons hidden, title bar hidden
[2019.12.13-03.35.49:110][622]LogWorld: BeginTearingDown for /Game/FirstPersonCPP/Maps/UEDPIE_0_FirstPersonExampleMap
[2019.12.13-03.35.49:111][622]LogWorld: UWorld::CleanupWorld for FirstPersonExampleMap, bSessionEnded=true, bCleanupResources=true
[2019.12.13-03.35.49:126][622]LogPlayLevel: Display: Shutting down PIE online subsystems
[2019.12.13-03.35.49:126][622]LogBlueprintUserMessages: Late EndPlayMap Detection: Level '/Game/FirstPersonCPP/Maps/FirstPersonExampleMap.FirstPersonExampleMap:PersistentLevel' has LevelScriptBlueprint '/Game/FirstPersonCPP/Maps/FirstPersonExampleMap.FirstPersonExampleMap:PersistentLevel.FirstPersonExampleMap' with GeneratedClass '/Game/FirstPersonCPP/Maps/FirstPersonExampleMap.FirstPersonExampleMap_C' with ClassGeneratedBy '/Game/FirstPersonCPP/Maps/FirstPersonExampleMap.FirstPersonExampleMap:PersistentLevel.FirstPersonExampleMap'
[2019.12.13-03.35.49:162][622]LogSlate: Updating window title bar state: overlay mode, drag disabled, window buttons hidden, title bar hidden
[2019.12.13-03.35.49:183][622]LogUObjectHash: Compacting FUObjectHashTables data took   3.50ms
[2019.12.13-03.35.49:235][624]LogPlayLevel: Display: Destroying online subsystem :Context_18
[2019.12.13-03.35.51:245][852]LogUObjectHash: Compacting FUObjectHashTables data took   0.97ms
